<?xml version="1.0" encoding="UTF-8"?>
<coverage generated="1711124929617" clover="3.2.0">
  <project timestamp="1711124929617" name="All files">
    <metrics statements="308" coveredstatements="248" conditionals="106" coveredconditionals="85" methods="61" coveredmethods="43" elements="475" coveredelements="376" complexity="0" loc="308" ncloc="308" packages="2" files="15" classes="15"/>
    <package name="shared">
      <metrics statements="78" coveredstatements="52" conditionals="6" coveredconditionals="4" methods="34" coveredmethods="18"/>
      <file name="Card.js" path="/home/akli931/Bureau/sunglass-poker/app/shared/Card.js">
        <metrics statements="4" coveredstatements="4" conditionals="0" coveredconditionals="0" methods="2" coveredmethods="2"/>
        <line num="3" count="646" type="stmt"/>
        <line num="4" count="646" type="stmt"/>
        <line num="8" count="1" type="stmt"/>
        <line num="12" count="13" type="stmt"/>
      </file>
      <file name="Deck.js" path="/home/akli931/Bureau/sunglass-poker/app/shared/Deck.js">
        <metrics statements="24" coveredstatements="24" conditionals="4" coveredconditionals="4" methods="6" coveredmethods="6"/>
        <line num="1" count="2" type="stmt"/>
        <line num="4" count="8" type="stmt"/>
        <line num="7" count="8" type="stmt"/>
        <line num="8" count="8" type="stmt"/>
        <line num="13" count="5" type="stmt"/>
        <line num="18" count="8" type="stmt"/>
        <line num="21" count="8" type="stmt"/>
        <line num="22" count="8" type="stmt"/>
        <line num="24" count="8" type="stmt"/>
        <line num="25" count="32" type="stmt"/>
        <line num="26" count="416" type="stmt"/>
        <line num="32" count="1" type="stmt"/>
        <line num="33" count="51" type="stmt"/>
        <line num="34" count="51" type="stmt"/>
        <line num="42" count="2" type="cond" truecount="2" falsecount="0"/>
        <line num="43" count="1" type="stmt"/>
        <line num="45" count="1" type="stmt"/>
        <line num="49" count="2" type="cond" truecount="2" falsecount="0"/>
        <line num="50" count="1" type="stmt"/>
        <line num="53" count="1" type="stmt"/>
        <line num="54" count="1" type="stmt"/>
        <line num="55" count="3" type="stmt"/>
        <line num="58" count="1" type="stmt"/>
        <line num="62" count="2" type="stmt"/>
      </file>
      <file name="Game.js" path="/home/akli931/Bureau/sunglass-poker/app/shared/Game.js">
        <metrics statements="26" coveredstatements="8" conditionals="2" coveredconditionals="0" methods="12" coveredmethods="4"/>
        <line num="1" count="1" type="stmt"/>
        <line num="2" count="1" type="stmt"/>
        <line num="6" count="2" type="stmt"/>
        <line num="7" count="2" type="stmt"/>
        <line num="8" count="2" type="stmt"/>
        <line num="12" count="5" type="stmt"/>
        <line num="17" count="0" type="stmt"/>
        <line num="18" count="0" type="stmt"/>
        <line num="21" count="0" type="stmt"/>
        <line num="22" count="0" type="stmt"/>
        <line num="23" count="0" type="stmt"/>
        <line num="24" count="0" type="stmt"/>
        <line num="36" count="0" type="stmt"/>
        <line num="39" count="0" type="cond" truecount="0" falsecount="2"/>
        <line num="40" count="0" type="stmt"/>
        <line num="41" count="0" type="stmt"/>
        <line num="45" count="0" type="stmt"/>
        <line num="53" count="0" type="stmt"/>
        <line num="61" count="0" type="stmt"/>
        <line num="69" count="3" type="stmt"/>
        <line num="73" count="0" type="stmt"/>
        <line num="74" count="0" type="stmt"/>
        <line num="75" count="0" type="stmt"/>
        <line num="76" count="0" type="stmt"/>
        <line num="78" count="0" type="stmt"/>
        <line num="97" count="1" type="stmt"/>
      </file>
      <file name="Player.js" path="/home/akli931/Bureau/sunglass-poker/app/shared/Player.js">
        <metrics statements="18" coveredstatements="10" conditionals="0" coveredconditionals="0" methods="11" coveredmethods="3"/>
        <line num="2" count="5" type="stmt"/>
        <line num="3" count="5" type="stmt"/>
        <line num="4" count="5" type="stmt"/>
        <line num="5" count="5" type="stmt"/>
        <line num="6" count="5" type="stmt"/>
        <line num="11" count="5" type="stmt"/>
        <line num="12" count="5" type="stmt"/>
        <line num="21" count="0" type="stmt"/>
        <line num="30" count="0" type="stmt"/>
        <line num="39" count="0" type="stmt"/>
        <line num="48" count="3" type="stmt"/>
        <line num="57" count="0" type="stmt"/>
        <line num="66" count="0" type="stmt"/>
        <line num="75" count="0" type="stmt"/>
        <line num="79" count="0" type="stmt"/>
        <line num="83" count="0" type="stmt"/>
        <line num="87" count="3" type="stmt"/>
        <line num="91" count="1" type="stmt"/>
      </file>
      <file name="PokerTable.js" path="/home/akli931/Bureau/sunglass-poker/app/shared/PokerTable.js">
        <metrics statements="6" coveredstatements="6" conditionals="0" coveredconditionals="0" methods="3" coveredmethods="3"/>
        <line num="3" count="4" type="stmt"/>
        <line num="7" count="1" type="stmt"/>
        <line num="8" count="1" type="stmt"/>
        <line num="9" count="3" type="stmt"/>
        <line num="11" count="1" type="stmt"/>
        <line num="15" count="2" type="stmt"/>
      </file>
    </package>
    <package name="shared.score-engine">
      <metrics statements="230" coveredstatements="196" conditionals="100" coveredconditionals="81" methods="27" coveredmethods="25"/>
      <file name="flush.js" path="/home/akli931/Bureau/sunglass-poker/app/shared/score-engine/flush.js">
        <metrics statements="25" coveredstatements="20" conditionals="10" coveredconditionals="7" methods="1" coveredmethods="1"/>
        <line num="7" count="2" type="stmt"/>
        <line num="8" count="2" type="stmt"/>
        <line num="11" count="2" type="stmt"/>
        <line num="12" count="14" type="cond" truecount="2" falsecount="2"/>
        <line num="14" count="11" type="stmt"/>
        <line num="15" count="11" type="stmt"/>
        <line num="17" count="3" type="stmt"/>
        <line num="18" count="3" type="stmt"/>
        <line num="20" count="0" type="stmt"/>
        <line num="21" count="0" type="stmt"/>
        <line num="23" count="0" type="stmt"/>
        <line num="24" count="0" type="stmt"/>
        <line num="29" count="2" type="stmt"/>
        <line num="30" count="5" type="cond" truecount="2" falsecount="0"/>
        <line num="31" count="1" type="stmt"/>
        <line num="32" count="2" type="stmt"/>
        <line num="34" count="2" type="stmt"/>
        <line num="35" count="13" type="cond" truecount="2" falsecount="0"/>
        <line num="36" count="2" type="stmt"/>
        <line num="40" count="2" type="stmt"/>
        <line num="43" count="1" type="stmt"/>
        <line num="44" count="4" type="cond" truecount="1" falsecount="1"/>
        <line num="45" count="0" type="stmt"/>
        <line num="49" count="1" type="stmt"/>
        <line num="52" count="1" type="stmt"/>
      </file>
      <file name="fourOfAKind.js" path="/home/akli931/Bureau/sunglass-poker/app/shared/score-engine/fourOfAKind.js">
        <metrics statements="22" coveredstatements="22" conditionals="11" coveredconditionals="10" methods="2" coveredmethods="2"/>
        <line num="8" count="2" type="stmt"/>
        <line num="10" count="2" type="stmt"/>
        <line num="11" count="27" type="stmt"/>
        <line num="14" count="2" type="stmt"/>
        <line num="17" count="2" type="stmt"/>
        <line num="18" count="14" type="stmt"/>
        <line num="20" count="14" type="cond" truecount="2" falsecount="0"/>
        <line num="21" count="9" type="stmt"/>
        <line num="23" count="5" type="stmt"/>
        <line num="26" count="5" type="cond" truecount="2" falsecount="0"/>
        <line num="28" count="1" type="stmt"/>
        <line num="31" count="1" type="stmt"/>
        <line num="32" count="4" type="stmt"/>
        <line num="36" count="1" type="stmt"/>
        <line num="37" count="1" type="stmt"/>
        <line num="38" count="7" type="cond" truecount="2" falsecount="0"/>
        <line num="43" count="1" type="stmt"/>
        <line num="48" count="1" type="cond" truecount="1" falsecount="1"/>
        <line num="49" count="1" type="stmt"/>
        <line num="55" count="1" type="stmt"/>
        <line num="60" count="1" type="stmt"/>
        <line num="63" count="1" type="stmt"/>
      </file>
      <file name="fullHouse.js" path="/home/akli931/Bureau/sunglass-poker/app/shared/score-engine/fullHouse.js">
        <metrics statements="24" coveredstatements="23" conditionals="12" coveredconditionals="10" methods="5" coveredmethods="5"/>
        <line num="7" count="2" type="stmt"/>
        <line num="8" count="2" type="stmt"/>
        <line num="11" count="26" type="stmt"/>
        <line num="14" count="2" type="stmt"/>
        <line num="15" count="2" type="stmt"/>
        <line num="16" count="2" type="stmt"/>
        <line num="17" count="14" type="stmt"/>
        <line num="19" count="2" type="cond" truecount="1" falsecount="1"/>
        <line num="20" count="2" type="stmt"/>
        <line num="21" count="2" type="stmt"/>
        <line num="26" count="2" type="cond" truecount="1" falsecount="1"/>
        <line num="27" count="0" type="stmt"/>
        <line num="31" count="2" type="stmt"/>
        <line num="32" count="14" type="stmt"/>
        <line num="33" count="2" type="stmt"/>
        <line num="34" count="6" type="stmt"/>
        <line num="35" count="24" type="stmt"/>
        <line num="38" count="6" type="cond" truecount="4" falsecount="0"/>
        <line num="39" count="1" type="stmt"/>
        <line num="40" count="1" type="stmt"/>
        <line num="45" count="2" type="cond" truecount="4" falsecount="0"/>
        <line num="46" count="1" type="stmt"/>
        <line num="49" count="1" type="stmt"/>
        <line num="52" count="1" type="stmt"/>
      </file>
      <file name="highCard.js" path="/home/akli931/Bureau/sunglass-poker/app/shared/score-engine/highCard.js">
        <metrics statements="6" coveredstatements="6" conditionals="0" coveredconditionals="0" methods="2" coveredmethods="2"/>
        <line num="7" count="2" type="stmt"/>
        <line num="8" count="2" type="stmt"/>
        <line num="11" count="2" type="stmt"/>
        <line num="12" count="16" type="stmt"/>
        <line num="16" count="2" type="stmt"/>
        <line num="19" count="1" type="stmt"/>
      </file>
      <file name="onePair.js" path="/home/akli931/Bureau/sunglass-poker/app/shared/score-engine/onePair.js">
        <metrics statements="25" coveredstatements="24" conditionals="6" coveredconditionals="5" methods="2" coveredmethods="2"/>
        <line num="5" count="3" type="stmt"/>
        <line num="7" count="3" type="stmt"/>
        <line num="8" count="36" type="stmt"/>
        <line num="11" count="3" type="stmt"/>
        <line num="12" count="3" type="stmt"/>
        <line num="13" count="3" type="stmt"/>
        <line num="14" count="3" type="stmt"/>
        <line num="17" count="3" type="stmt"/>
        <line num="18" count="16" type="cond" truecount="2" falsecount="0"/>
        <line num="19" count="2" type="stmt"/>
        <line num="20" count="2" type="stmt"/>
        <line num="21" count="2" type="stmt"/>
        <line num="22" count="2" type="stmt"/>
        <line num="26" count="3" type="cond" truecount="2" falsecount="0"/>
        <line num="27" count="2" type="stmt"/>
        <line num="30" count="2" type="stmt"/>
        <line num="31" count="2" type="stmt"/>
        <line num="33" count="2" type="stmt"/>
        <line num="34" count="6" type="cond" truecount="1" falsecount="1"/>
        <line num="35" count="0" type="stmt"/>
        <line num="37" count="6" type="stmt"/>
        <line num="38" count="6" type="stmt"/>
        <line num="42" count="2" type="stmt"/>
        <line num="45" count="1" type="stmt"/>
        <line num="49" count="1" type="stmt"/>
      </file>
      <file name="royalFlush.js" path="/home/akli931/Bureau/sunglass-poker/app/shared/score-engine/royalFlush.js">
        <metrics statements="14" coveredstatements="14" conditionals="6" coveredconditionals="6" methods="2" coveredmethods="2"/>
        <line num="8" count="3" type="stmt"/>
        <line num="9" count="3" type="stmt"/>
        <line num="13" count="3" type="stmt"/>
        <line num="14" count="11" type="stmt"/>
        <line num="15" count="11" type="stmt"/>
        <line num="18" count="20" type="stmt"/>
        <line num="19" count="94" type="cond" truecount="2" falsecount="0"/>
        <line num="22" count="20" type="cond" truecount="2" falsecount="0"/>
        <line num="23" count="11" type="stmt"/>
        <line num="25" count="9" type="stmt"/>
        <line num="29" count="11" type="cond" truecount="2" falsecount="0"/>
        <line num="30" count="2" type="stmt"/>
        <line num="34" count="1" type="stmt"/>
        <line num="37" count="1" type="stmt"/>
      </file>
      <file name="straight.js" path="/home/akli931/Bureau/sunglass-poker/app/shared/score-engine/straight.js">
        <metrics statements="27" coveredstatements="27" conditionals="22" coveredconditionals="22" methods="3" coveredmethods="3"/>
        <line num="4" count="2" type="stmt"/>
        <line num="7" count="8" type="cond" truecount="1" falsecount="0"/>
        <line num="8" count="5" type="stmt"/>
        <line num="9" count="30" type="cond" truecount="2" falsecount="0"/>
        <line num="10" count="20" type="cond" truecount="2" falsecount="0"/>
        <line num="11" count="3" type="stmt"/>
        <line num="14" count="10" type="cond" truecount="2" falsecount="0"/>
        <line num="15" count="2" type="stmt"/>
        <line num="19" count="5" type="stmt"/>
        <line num="22" count="8" type="stmt"/>
        <line num="23" count="8" type="stmt"/>
        <line num="25" count="8" type="cond" truecount="2" falsecount="0"/>
        <line num="26" count="3" type="stmt"/>
        <line num="28" count="68" type="stmt"/>
        <line num="30" count="8" type="stmt"/>
        <line num="31" count="53" type="stmt"/>
        <line num="33" count="53" type="cond" truecount="2" falsecount="0"/>
        <line num="34" count="8" type="stmt"/>
        <line num="35" count="45" type="cond" truecount="2" falsecount="0"/>
        <line num="36" count="43" type="cond" truecount="2" falsecount="0"/>
        <line num="37" count="32" type="stmt"/>
        <line num="39" count="11" type="stmt"/>
        <line num="40" count="11" type="stmt"/>
        <line num="45" count="8" type="cond" truecount="2" falsecount="0"/>
        <line num="46" count="3" type="cond" truecount="2" falsecount="0"/>
        <line num="48" count="5" type="cond" truecount="2" falsecount="0"/>
        <line num="51" count="2" type="stmt"/>
      </file>
      <file name="straightFlush.js" path="/home/akli931/Bureau/sunglass-poker/app/shared/score-engine/straightFlush.js">
        <metrics statements="19" coveredstatements="18" conditionals="8" coveredconditionals="7" methods="2" coveredmethods="2"/>
        <line num="1" count="1" type="stmt"/>
        <line num="9" count="3" type="stmt"/>
        <line num="10" count="3" type="stmt"/>
        <line num="11" count="3" type="stmt"/>
        <line num="12" count="17" type="cond" truecount="2" falsecount="0"/>
        <line num="13" count="6" type="stmt"/>
        <line num="15" count="17" type="stmt"/>
        <line num="16" count="17" type="cond" truecount="2" falsecount="0"/>
        <line num="17" count="2" type="stmt"/>
        <line num="18" count="2" type="stmt"/>
        <line num="22" count="3" type="cond" truecount="2" falsecount="0"/>
        <line num="23" count="1" type="stmt"/>
        <line num="27" count="2" type="stmt"/>
        <line num="28" count="14" type="stmt"/>
        <line num="32" count="2" type="stmt"/>
        <line num="33" count="2" type="cond" truecount="1" falsecount="1"/>
        <line num="34" count="2" type="stmt"/>
        <line num="36" count="0" type="stmt"/>
        <line num="40" count="1" type="stmt"/>
      </file>
      <file name="threeOfAKind.js" path="/home/akli931/Bureau/sunglass-poker/app/shared/score-engine/threeOfAKind.js">
        <metrics statements="15" coveredstatements="15" conditionals="4" coveredconditionals="4" methods="4" coveredmethods="4"/>
        <line num="5" count="3" type="stmt"/>
        <line num="6" count="3" type="stmt"/>
        <line num="9" count="3" type="stmt"/>
        <line num="10" count="33" type="stmt"/>
        <line num="11" count="3" type="stmt"/>
        <line num="12" count="12" type="stmt"/>
        <line num="13" count="84" type="stmt"/>
        <line num="15" count="12" type="cond" truecount="2" falsecount="0"/>
        <line num="16" count="2" type="stmt"/>
        <line num="17" count="2" type="stmt"/>
        <line num="22" count="3" type="cond" truecount="2" falsecount="0"/>
        <line num="23" count="1" type="stmt"/>
        <line num="27" count="14" type="stmt"/>
        <line num="30" count="2" type="stmt"/>
        <line num="33" count="1" type="stmt"/>
      </file>
      <file name="twoPair.js" path="/home/akli931/Bureau/sunglass-poker/app/shared/score-engine/twoPair.js">
        <metrics statements="53" coveredstatements="27" conditionals="21" coveredconditionals="10" methods="4" coveredmethods="2"/>
        <line num="5" count="3" type="stmt"/>
        <line num="7" count="3" type="stmt"/>
        <line num="8" count="45" type="stmt"/>
        <line num="11" count="3" type="stmt"/>
        <line num="12" count="3" type="stmt"/>
        <line num="13" count="3" type="stmt"/>
        <line num="14" count="3" type="stmt"/>
        <line num="15" count="3" type="stmt"/>
        <line num="16" count="3" type="stmt"/>
        <line num="21" count="0" type="stmt"/>
        <line num="23" count="0" type="stmt"/>
        <line num="24" count="0" type="stmt"/>
        <line num="27" count="0" type="stmt"/>
        <line num="28" count="0" type="stmt"/>
        <line num="29" count="0" type="stmt"/>
        <line num="30" count="0" type="stmt"/>
        <line num="31" count="0" type="stmt"/>
        <line num="32" count="0" type="stmt"/>
        <line num="35" count="0" type="stmt"/>
        <line num="36" count="0" type="cond" truecount="0" falsecount="2"/>
        <line num="37" count="0" type="cond" truecount="0" falsecount="2"/>
        <line num="38" count="0" type="stmt"/>
        <line num="39" count="0" type="stmt"/>
        <line num="41" count="0" type="stmt"/>
        <line num="42" count="0" type="stmt"/>
        <line num="43" count="0" type="stmt"/>
        <line num="44" count="0" type="stmt"/>
        <line num="50" count="0" type="cond" truecount="0" falsecount="2"/>
        <line num="51" count="0" type="stmt"/>
        <line num="52" count="0" type="cond" truecount="0" falsecount="4"/>
        <line num="53" count="0" type="stmt"/>
        <line num="54" count="0" type="stmt"/>
        <line num="59" count="0" type="stmt"/>
        <line num="60" count="0" type="stmt"/>
        <line num="63" count="0" type="stmt"/>
        <line num="67" count="3" type="stmt"/>
        <line num="68" count="18" type="cond" truecount="2" falsecount="0"/>
        <line num="69" count="5" type="cond" truecount="2" falsecount="0"/>
        <line num="70" count="3" type="stmt"/>
        <line num="71" count="3" type="stmt"/>
        <line num="73" count="2" type="stmt"/>
        <line num="74" count="2" type="stmt"/>
        <line num="75" count="2" type="stmt"/>
        <line num="76" count="2" type="stmt"/>
        <line num="82" count="3" type="cond" truecount="2" falsecount="0"/>
        <line num="83" count="2" type="stmt"/>
        <line num="84" count="4" type="cond" truecount="4" falsecount="0"/>
        <line num="85" count="2" type="stmt"/>
        <line num="86" count="2" type="stmt"/>
        <line num="91" count="2" type="stmt"/>
        <line num="92" count="2" type="stmt"/>
        <line num="95" count="1" type="stmt"/>
        <line num="99" count="1" type="stmt"/>
      </file>
    </package>
  </project>
</coverage>
