{"/home/akli931/Bureau/sunglass-poker/app/shared/Card.js": {"path":"/home/akli931/Bureau/sunglass-poker/app/shared/Card.js","statementMap":{"0":{"start":{"line":3,"column":4},"end":{"line":3,"column":23}},"1":{"start":{"line":4,"column":4},"end":{"line":4,"column":25}},"2":{"start":{"line":8,"column":4},"end":{"line":8,"column":45}},"3":{"start":{"line":12,"column":0},"end":{"line":12,"column":22}}},"fnMap":{"0":{"name":"(anonymous_0)","decl":{"start":{"line":2,"column":2},"end":{"line":2,"column":3}},"loc":{"start":{"line":2,"column":29},"end":{"line":5,"column":3}},"line":2},"1":{"name":"(anonymous_1)","decl":{"start":{"line":7,"column":2},"end":{"line":7,"column":3}},"loc":{"start":{"line":7,"column":18},"end":{"line":9,"column":3}},"line":7}},"branchMap":{},"s":{"0":646,"1":646,"2":1,"3":13},"f":{"0":646,"1":1},"b":{},"_coverageSchema":"1a1c01bbd47fc00a2c39e90264f33305004495a9","hash":"e95a2d83be2f248516a6002c770d5a392150c316"}
,"/home/akli931/Bureau/sunglass-poker/app/shared/Deck.js": {"path":"/home/akli931/Bureau/sunglass-poker/app/shared/Deck.js","statementMap":{"0":{"start":{"line":1,"column":13},"end":{"line":1,"column":30}},"1":{"start":{"line":4,"column":15},"end":{"line":4,"column":17}},"2":{"start":{"line":7,"column":4},"end":{"line":7,"column":29}},"3":{"start":{"line":8,"column":4},"end":{"line":8,"column":21}},"4":{"start":{"line":13,"column":4},"end":{"line":13,"column":27}},"5":{"start":{"line":18,"column":4},"end":{"line":18,"column":54}},"6":{"start":{"line":21,"column":19},"end":{"line":21,"column":39}},"7":{"start":{"line":22,"column":19},"end":{"line":22,"column":63}},"8":{"start":{"line":24,"column":4},"end":{"line":28,"column":5}},"9":{"start":{"line":25,"column":6},"end":{"line":27,"column":7}},"10":{"start":{"line":26,"column":8},"end":{"line":26,"column":53}},"11":{"start":{"line":32,"column":4},"end":{"line":38,"column":5}},"12":{"start":{"line":32,"column":17},"end":{"line":32,"column":43}},"13":{"start":{"line":33,"column":16},"end":{"line":33,"column":51}},"14":{"start":{"line":34,"column":6},"end":{"line":37,"column":8}},"15":{"start":{"line":42,"column":4},"end":{"line":44,"column":5}},"16":{"start":{"line":43,"column":6},"end":{"line":43,"column":39}},"17":{"start":{"line":45,"column":4},"end":{"line":45,"column":33}},"18":{"start":{"line":49,"column":4},"end":{"line":51,"column":5}},"19":{"start":{"line":50,"column":6},"end":{"line":50,"column":39}},"20":{"start":{"line":53,"column":21},"end":{"line":53,"column":23}},"21":{"start":{"line":54,"column":4},"end":{"line":56,"column":5}},"22":{"start":{"line":54,"column":17},"end":{"line":54,"column":18}},"23":{"start":{"line":55,"column":6},"end":{"line":55,"column":45}},"24":{"start":{"line":58,"column":4},"end":{"line":58,"column":22}},"25":{"start":{"line":62,"column":0},"end":{"line":62,"column":22}}},"fnMap":{"0":{"name":"(anonymous_0)","decl":{"start":{"line":6,"column":2},"end":{"line":6,"column":3}},"loc":{"start":{"line":6,"column":16},"end":{"line":10,"column":3}},"line":6},"1":{"name":"(anonymous_1)","decl":{"start":{"line":12,"column":2},"end":{"line":12,"column":3}},"loc":{"start":{"line":12,"column":17},"end":{"line":14,"column":3}},"line":12},"2":{"name":"(anonymous_2)","decl":{"start":{"line":16,"column":2},"end":{"line":16,"column":3}},"loc":{"start":{"line":16,"column":14},"end":{"line":29,"column":3}},"line":16},"3":{"name":"(anonymous_3)","decl":{"start":{"line":31,"column":2},"end":{"line":31,"column":3}},"loc":{"start":{"line":31,"column":12},"end":{"line":39,"column":3}},"line":31},"4":{"name":"(anonymous_4)","decl":{"start":{"line":41,"column":2},"end":{"line":41,"column":3}},"loc":{"start":{"line":41,"column":9},"end":{"line":46,"column":3}},"line":41},"5":{"name":"(anonymous_5)","decl":{"start":{"line":48,"column":2},"end":{"line":48,"column":3}},"loc":{"start":{"line":48,"column":15},"end":{"line":59,"column":3}},"line":48}},"branchMap":{"0":{"loc":{"start":{"line":42,"column":4},"end":{"line":44,"column":5}},"type":"if","locations":[{"start":{"line":42,"column":4},"end":{"line":44,"column":5}},{"start":{},"end":{}}],"line":42},"1":{"loc":{"start":{"line":49,"column":4},"end":{"line":51,"column":5}},"type":"if","locations":[{"start":{"line":49,"column":4},"end":{"line":51,"column":5}},{"start":{},"end":{}}],"line":49}},"s":{"0":2,"1":8,"2":8,"3":8,"4":5,"5":8,"6":8,"7":8,"8":8,"9":32,"10":416,"11":1,"12":1,"13":51,"14":51,"15":2,"16":1,"17":1,"18":2,"19":1,"20":1,"21":1,"22":1,"23":3,"24":1,"25":2},"f":{"0":8,"1":5,"2":8,"3":1,"4":2,"5":2},"b":{"0":[1,1],"1":[1,1]},"_coverageSchema":"1a1c01bbd47fc00a2c39e90264f33305004495a9","hash":"6b3bbf7471a66147a80236d8fe7370546bdbc097"}
,"/home/akli931/Bureau/sunglass-poker/app/shared/Game.js": {"path":"/home/akli931/Bureau/sunglass-poker/app/shared/Game.js","statementMap":{"0":{"start":{"line":1,"column":13},"end":{"line":1,"column":30}},"1":{"start":{"line":2,"column":19},"end":{"line":2,"column":42}},"2":{"start":{"line":6,"column":4},"end":{"line":6,"column":22}},"3":{"start":{"line":7,"column":4},"end":{"line":7,"column":27}},"4":{"start":{"line":8,"column":4},"end":{"line":8,"column":39}},"5":{"start":{"line":12,"column":4},"end":{"line":12,"column":30}},"6":{"start":{"line":17,"column":4},"end":{"line":17,"column":22}},"7":{"start":{"line":18,"column":4},"end":{"line":18,"column":24}},"8":{"start":{"line":21,"column":4},"end":{"line":26,"column":7}},"9":{"start":{"line":22,"column":6},"end":{"line":22,"column":25}},"10":{"start":{"line":23,"column":6},"end":{"line":25,"column":7}},"11":{"start":{"line":23,"column":19},"end":{"line":23,"column":20}},"12":{"start":{"line":24,"column":8},"end":{"line":24,"column":41}},"13":{"start":{"line":36,"column":22},"end":{"line":36,"column":44}},"14":{"start":{"line":39,"column":4},"end":{"line":42,"column":5}},"15":{"start":{"line":40,"column":6},"end":{"line":40,"column":69}},"16":{"start":{"line":41,"column":6},"end":{"line":41,"column":13}},"17":{"start":{"line":45,"column":4},"end":{"line":45,"column":52}},"18":{"start":{"line":53,"column":4},"end":{"line":53,"column":58}},"19":{"start":{"line":61,"column":4},"end":{"line":61,"column":58}},"20":{"start":{"line":69,"column":4},"end":{"line":69,"column":68}},"21":{"start":{"line":69,"column":43},"end":{"line":69,"column":66}},"22":{"start":{"line":73,"column":4},"end":{"line":79,"column":7}},"23":{"start":{"line":74,"column":6},"end":{"line":74,"column":44}},"24":{"start":{"line":75,"column":6},"end":{"line":77,"column":9}},"25":{"start":{"line":76,"column":8},"end":{"line":76,"column":53}},"26":{"start":{"line":78,"column":6},"end":{"line":78,"column":20}},"27":{"start":{"line":97,"column":0},"end":{"line":97,"column":22}}},"fnMap":{"0":{"name":"(anonymous_0)","decl":{"start":{"line":5,"column":2},"end":{"line":5,"column":3}},"loc":{"start":{"line":5,"column":16},"end":{"line":9,"column":3}},"line":5},"1":{"name":"(anonymous_1)","decl":{"start":{"line":11,"column":2},"end":{"line":11,"column":3}},"loc":{"start":{"line":11,"column":20},"end":{"line":13,"column":3}},"line":11},"2":{"name":"(anonymous_2)","decl":{"start":{"line":15,"column":2},"end":{"line":15,"column":3}},"loc":{"start":{"line":15,"column":10},"end":{"line":27,"column":3}},"line":15},"3":{"name":"(anonymous_3)","decl":{"start":{"line":21,"column":25},"end":{"line":21,"column":26}},"loc":{"start":{"line":21,"column":37},"end":{"line":26,"column":5}},"line":21},"4":{"name":"(anonymous_4)","decl":{"start":{"line":34,"column":2},"end":{"line":34,"column":3}},"loc":{"start":{"line":34,"column":9},"end":{"line":46,"column":3}},"line":34},"5":{"name":"(anonymous_5)","decl":{"start":{"line":52,"column":2},"end":{"line":52,"column":3}},"loc":{"start":{"line":52,"column":9},"end":{"line":54,"column":3}},"line":52},"6":{"name":"(anonymous_6)","decl":{"start":{"line":60,"column":2},"end":{"line":60,"column":3}},"loc":{"start":{"line":60,"column":10},"end":{"line":62,"column":3}},"line":60},"7":{"name":"(anonymous_7)","decl":{"start":{"line":68,"column":2},"end":{"line":68,"column":3}},"loc":{"start":{"line":68,"column":21},"end":{"line":70,"column":3}},"line":68},"8":{"name":"(anonymous_8)","decl":{"start":{"line":69,"column":31},"end":{"line":69,"column":32}},"loc":{"start":{"line":69,"column":43},"end":{"line":69,"column":66}},"line":69},"9":{"name":"(anonymous_9)","decl":{"start":{"line":72,"column":2},"end":{"line":72,"column":3}},"loc":{"start":{"line":72,"column":14},"end":{"line":80,"column":3}},"line":72},"10":{"name":"(anonymous_10)","decl":{"start":{"line":73,"column":25},"end":{"line":73,"column":26}},"loc":{"start":{"line":73,"column":37},"end":{"line":79,"column":5}},"line":73},"11":{"name":"(anonymous_11)","decl":{"start":{"line":75,"column":38},"end":{"line":75,"column":39}},"loc":{"start":{"line":75,"column":48},"end":{"line":77,"column":7}},"line":75}},"branchMap":{"0":{"loc":{"start":{"line":39,"column":4},"end":{"line":42,"column":5}},"type":"if","locations":[{"start":{"line":39,"column":4},"end":{"line":42,"column":5}},{"start":{},"end":{}}],"line":39}},"s":{"0":1,"1":1,"2":2,"3":2,"4":2,"5":5,"6":0,"7":0,"8":0,"9":0,"10":0,"11":0,"12":0,"13":0,"14":0,"15":0,"16":0,"17":0,"18":0,"19":0,"20":1,"21":3,"22":0,"23":0,"24":0,"25":0,"26":0,"27":1},"f":{"0":2,"1":5,"2":0,"3":0,"4":0,"5":0,"6":0,"7":1,"8":3,"9":0,"10":0,"11":0},"b":{"0":[0,0]},"_coverageSchema":"1a1c01bbd47fc00a2c39e90264f33305004495a9","hash":"c5e73b7be1c1153bd6834365cc9676079e7cefac"}
,"/home/akli931/Bureau/sunglass-poker/app/shared/Player.js": {"path":"/home/akli931/Bureau/sunglass-poker/app/shared/Player.js","statementMap":{"0":{"start":{"line":2,"column":14},"end":{"line":2,"column":15}},"1":{"start":{"line":3,"column":17},"end":{"line":3,"column":19}},"2":{"start":{"line":4,"column":17},"end":{"line":4,"column":21}},"3":{"start":{"line":5,"column":17},"end":{"line":5,"column":19}},"4":{"start":{"line":6,"column":21},"end":{"line":8,"column":3}},"5":{"start":{"line":11,"column":4},"end":{"line":11,"column":30}},"6":{"start":{"line":12,"column":4},"end":{"line":12,"column":21}},"7":{"start":{"line":21,"column":4},"end":{"line":21,"column":26}},"8":{"start":{"line":30,"column":4},"end":{"line":30,"column":29}},"9":{"start":{"line":39,"column":4},"end":{"line":39,"column":29}},"10":{"start":{"line":48,"column":4},"end":{"line":48,"column":30}},"11":{"start":{"line":57,"column":4},"end":{"line":57,"column":40}},"12":{"start":{"line":66,"column":4},"end":{"line":66,"column":36}},"13":{"start":{"line":75,"column":4},"end":{"line":75,"column":78}},"14":{"start":{"line":79,"column":4},"end":{"line":79,"column":33}},"15":{"start":{"line":83,"column":4},"end":{"line":83,"column":27}},"16":{"start":{"line":87,"column":4},"end":{"line":87,"column":42}},"17":{"start":{"line":91,"column":0},"end":{"line":91,"column":24}}},"fnMap":{"0":{"name":"(anonymous_0)","decl":{"start":{"line":10,"column":2},"end":{"line":10,"column":3}},"loc":{"start":{"line":10,"column":30},"end":{"line":13,"column":3}},"line":10},"1":{"name":"(anonymous_1)","decl":{"start":{"line":20,"column":2},"end":{"line":20,"column":3}},"loc":{"start":{"line":20,"column":16},"end":{"line":22,"column":3}},"line":20},"2":{"name":"(anonymous_2)","decl":{"start":{"line":29,"column":2},"end":{"line":29,"column":3}},"loc":{"start":{"line":29,"column":19},"end":{"line":31,"column":3}},"line":29},"3":{"name":"(anonymous_3)","decl":{"start":{"line":38,"column":2},"end":{"line":38,"column":3}},"loc":{"start":{"line":38,"column":19},"end":{"line":40,"column":3}},"line":38},"4":{"name":"(anonymous_4)","decl":{"start":{"line":47,"column":2},"end":{"line":47,"column":3}},"loc":{"start":{"line":47,"column":24},"end":{"line":49,"column":3}},"line":47},"5":{"name":"(anonymous_5)","decl":{"start":{"line":56,"column":2},"end":{"line":56,"column":3}},"loc":{"start":{"line":56,"column":28},"end":{"line":58,"column":3}},"line":56},"6":{"name":"(anonymous_6)","decl":{"start":{"line":65,"column":2},"end":{"line":65,"column":3}},"loc":{"start":{"line":65,"column":18},"end":{"line":67,"column":3}},"line":65},"7":{"name":"(anonymous_7)","decl":{"start":{"line":74,"column":2},"end":{"line":74,"column":3}},"loc":{"start":{"line":74,"column":39},"end":{"line":76,"column":3}},"line":74},"8":{"name":"(anonymous_8)","decl":{"start":{"line":78,"column":2},"end":{"line":78,"column":3}},"loc":{"start":{"line":78,"column":16},"end":{"line":80,"column":3}},"line":78},"9":{"name":"(anonymous_9)","decl":{"start":{"line":82,"column":2},"end":{"line":82,"column":3}},"loc":{"start":{"line":82,"column":14},"end":{"line":84,"column":3}},"line":82},"10":{"name":"(anonymous_10)","decl":{"start":{"line":86,"column":2},"end":{"line":86,"column":3}},"loc":{"start":{"line":86,"column":19},"end":{"line":88,"column":3}},"line":86}},"branchMap":{},"s":{"0":5,"1":5,"2":5,"3":5,"4":5,"5":5,"6":5,"7":0,"8":0,"9":0,"10":3,"11":0,"12":0,"13":0,"14":0,"15":0,"16":3,"17":1},"f":{"0":5,"1":0,"2":0,"3":0,"4":3,"5":0,"6":0,"7":0,"8":0,"9":0,"10":3},"b":{},"_coverageSchema":"1a1c01bbd47fc00a2c39e90264f33305004495a9","hash":"5b583cfc621e03ed94b410be39b16d68b0eb46e7"}
,"/home/akli931/Bureau/sunglass-poker/app/shared/PokerTable.js": {"path":"/home/akli931/Bureau/sunglass-poker/app/shared/PokerTable.js","statementMap":{"0":{"start":{"line":3,"column":4},"end":{"line":3,"column":29}},"1":{"start":{"line":7,"column":4},"end":{"line":7,"column":36}},"2":{"start":{"line":8,"column":4},"end":{"line":10,"column":7}},"3":{"start":{"line":9,"column":6},"end":{"line":9,"column":51}},"4":{"start":{"line":11,"column":4},"end":{"line":11,"column":18}},"5":{"start":{"line":15,"column":0},"end":{"line":15,"column":28}}},"fnMap":{"0":{"name":"(anonymous_0)","decl":{"start":{"line":2,"column":2},"end":{"line":2,"column":3}},"loc":{"start":{"line":2,"column":16},"end":{"line":4,"column":3}},"line":2},"1":{"name":"(anonymous_1)","decl":{"start":{"line":6,"column":2},"end":{"line":6,"column":3}},"loc":{"start":{"line":6,"column":23},"end":{"line":12,"column":3}},"line":6},"2":{"name":"(anonymous_2)","decl":{"start":{"line":8,"column":32},"end":{"line":8,"column":33}},"loc":{"start":{"line":8,"column":42},"end":{"line":10,"column":5}},"line":8}},"branchMap":{},"s":{"0":4,"1":1,"2":1,"3":3,"4":1,"5":2},"f":{"0":4,"1":1,"2":3},"b":{},"_coverageSchema":"1a1c01bbd47fc00a2c39e90264f33305004495a9","hash":"4ee3aefb85d2dc223191162e4db3bfc73a0f9301"}
,"/home/akli931/Bureau/sunglass-poker/app/shared/score-engine/flush.js": {"path":"/home/akli931/Bureau/sunglass-poker/app/shared/score-engine/flush.js","statementMap":{"0":{"start":{"line":7,"column":12},"end":{"line":7,"column":30}},"1":{"start":{"line":8,"column":15},"end":{"line":8,"column":31}},"2":{"start":{"line":11,"column":2},"end":{"line":26,"column":3}},"3":{"start":{"line":11,"column":15},"end":{"line":11,"column":16}},"4":{"start":{"line":12,"column":4},"end":{"line":25,"column":5}},"5":{"start":{"line":14,"column":8},"end":{"line":14,"column":31}},"6":{"start":{"line":15,"column":8},"end":{"line":15,"column":14}},"7":{"start":{"line":17,"column":8},"end":{"line":17,"column":31}},"8":{"start":{"line":18,"column":8},"end":{"line":18,"column":14}},"9":{"start":{"line":20,"column":8},"end":{"line":20,"column":31}},"10":{"start":{"line":21,"column":8},"end":{"line":21,"column":14}},"11":{"start":{"line":23,"column":8},"end":{"line":23,"column":31}},"12":{"start":{"line":24,"column":8},"end":{"line":24,"column":14}},"13":{"start":{"line":29,"column":2},"end":{"line":47,"column":3}},"14":{"start":{"line":29,"column":15},"end":{"line":29,"column":16}},"15":{"start":{"line":30,"column":4},"end":{"line":46,"column":5}},"16":{"start":{"line":31,"column":6},"end":{"line":41,"column":7}},"17":{"start":{"line":32,"column":20},"end":{"line":32,"column":21}},"18":{"start":{"line":34,"column":8},"end":{"line":38,"column":9}},"19":{"start":{"line":34,"column":21},"end":{"line":34,"column":22}},"20":{"start":{"line":35,"column":10},"end":{"line":37,"column":11}},"21":{"start":{"line":36,"column":12},"end":{"line":36,"column":22}},"22":{"start":{"line":40,"column":8},"end":{"line":40,"column":35}},"23":{"start":{"line":43,"column":6},"end":{"line":43,"column":23}},"24":{"start":{"line":44,"column":11},"end":{"line":46,"column":5}},"25":{"start":{"line":45,"column":6},"end":{"line":45,"column":23}},"26":{"start":{"line":49,"column":2},"end":{"line":49,"column":15}},"27":{"start":{"line":52,"column":0},"end":{"line":52,"column":25}}},"fnMap":{"0":{"name":"isFlush","decl":{"start":{"line":6,"column":9},"end":{"line":6,"column":16}},"loc":{"start":{"line":6,"column":32},"end":{"line":50,"column":1}},"line":6}},"branchMap":{"0":{"loc":{"start":{"line":12,"column":4},"end":{"line":25,"column":5}},"type":"switch","locations":[{"start":{"line":13,"column":6},"end":{"line":15,"column":14}},{"start":{"line":16,"column":6},"end":{"line":18,"column":14}},{"start":{"line":19,"column":6},"end":{"line":21,"column":14}},{"start":{"line":22,"column":6},"end":{"line":24,"column":14}}],"line":12},"1":{"loc":{"start":{"line":30,"column":4},"end":{"line":46,"column":5}},"type":"if","locations":[{"start":{"line":30,"column":4},"end":{"line":46,"column":5}},{"start":{"line":44,"column":11},"end":{"line":46,"column":5}}],"line":30},"2":{"loc":{"start":{"line":35,"column":10},"end":{"line":37,"column":11}},"type":"if","locations":[{"start":{"line":35,"column":10},"end":{"line":37,"column":11}},{"start":{},"end":{}}],"line":35},"3":{"loc":{"start":{"line":44,"column":11},"end":{"line":46,"column":5}},"type":"if","locations":[{"start":{"line":44,"column":11},"end":{"line":46,"column":5}},{"start":{},"end":{}}],"line":44}},"s":{"0":2,"1":2,"2":2,"3":2,"4":14,"5":11,"6":11,"7":3,"8":3,"9":0,"10":0,"11":0,"12":0,"13":2,"14":2,"15":5,"16":1,"17":2,"18":2,"19":2,"20":13,"21":2,"22":2,"23":1,"24":4,"25":0,"26":1,"27":1},"f":{"0":2},"b":{"0":[11,3,0,0],"1":[1,4],"2":[2,11],"3":[0,4]},"_coverageSchema":"1a1c01bbd47fc00a2c39e90264f33305004495a9","hash":"166b8b765e4282a1e97fc5d7c8d7ecb698f91d62"}
,"/home/akli931/Bureau/sunglass-poker/app/shared/score-engine/fourOfAKind.js": {"path":"/home/akli931/Bureau/sunglass-poker/app/shared/score-engine/fourOfAKind.js","statementMap":{"0":{"start":{"line":8,"column":12},"end":{"line":8,"column":31}},"1":{"start":{"line":10,"column":2},"end":{"line":12,"column":5}},"2":{"start":{"line":11,"column":4},"end":{"line":11,"column":31}},"3":{"start":{"line":14,"column":19},"end":{"line":14,"column":21}},"4":{"start":{"line":17,"column":2},"end":{"line":58,"column":3}},"5":{"start":{"line":17,"column":15},"end":{"line":17,"column":16}},"6":{"start":{"line":18,"column":18},"end":{"line":18,"column":24}},"7":{"start":{"line":20,"column":4},"end":{"line":57,"column":5}},"8":{"start":{"line":21,"column":6},"end":{"line":21,"column":33}},"9":{"start":{"line":23,"column":6},"end":{"line":23,"column":34}},"10":{"start":{"line":26,"column":6},"end":{"line":56,"column":7}},"11":{"start":{"line":28,"column":23},"end":{"line":28,"column":25}},"12":{"start":{"line":31,"column":8},"end":{"line":33,"column":9}},"13":{"start":{"line":31,"column":21},"end":{"line":31,"column":22}},"14":{"start":{"line":32,"column":10},"end":{"line":32,"column":73}},"15":{"start":{"line":36,"column":32},"end":{"line":36,"column":36}},"16":{"start":{"line":37,"column":8},"end":{"line":45,"column":9}},"17":{"start":{"line":37,"column":21},"end":{"line":37,"column":22}},"18":{"start":{"line":38,"column":10},"end":{"line":44,"column":11}},"19":{"start":{"line":43,"column":12},"end":{"line":43,"column":39}},"20":{"start":{"line":48,"column":8},"end":{"line":53,"column":9}},"21":{"start":{"line":49,"column":10},"end":{"line":52,"column":13}},"22":{"start":{"line":55,"column":8},"end":{"line":55,"column":22}},"23":{"start":{"line":60,"column":2},"end":{"line":60,"column":15}},"24":{"start":{"line":63,"column":0},"end":{"line":63,"column":31}}},"fnMap":{"0":{"name":"isFourOfAKind","decl":{"start":{"line":6,"column":9},"end":{"line":6,"column":22}},"loc":{"start":{"line":6,"column":39},"end":{"line":61,"column":1}},"line":6},"1":{"name":"(anonymous_1)","decl":{"start":{"line":10,"column":11},"end":{"line":10,"column":12}},"loc":{"start":{"line":10,"column":27},"end":{"line":12,"column":3}},"line":10}},"branchMap":{"0":{"loc":{"start":{"line":20,"column":4},"end":{"line":57,"column":5}},"type":"if","locations":[{"start":{"line":20,"column":4},"end":{"line":57,"column":5}},{"start":{"line":22,"column":11},"end":{"line":57,"column":5}}],"line":20},"1":{"loc":{"start":{"line":26,"column":6},"end":{"line":56,"column":7}},"type":"if","locations":[{"start":{"line":26,"column":6},"end":{"line":56,"column":7}},{"start":{},"end":{}}],"line":26},"2":{"loc":{"start":{"line":38,"column":10},"end":{"line":44,"column":11}},"type":"if","locations":[{"start":{"line":38,"column":10},"end":{"line":44,"column":11}},{"start":{},"end":{}}],"line":38},"3":{"loc":{"start":{"line":39,"column":12},"end":{"line":41,"column":55}},"type":"binary-expr","locations":[{"start":{"line":39,"column":12},"end":{"line":39,"column":42}},{"start":{"line":40,"column":13},"end":{"line":40,"column":39}},{"start":{"line":41,"column":14},"end":{"line":41,"column":54}}],"line":39},"4":{"loc":{"start":{"line":48,"column":8},"end":{"line":53,"column":9}},"type":"if","locations":[{"start":{"line":48,"column":8},"end":{"line":53,"column":9}},{"start":{},"end":{}}],"line":48}},"s":{"0":2,"1":2,"2":27,"3":2,"4":2,"5":2,"6":14,"7":14,"8":9,"9":5,"10":5,"11":1,"12":1,"13":1,"14":4,"15":1,"16":1,"17":1,"18":7,"19":1,"20":1,"21":1,"22":1,"23":1,"24":1},"f":{"0":2,"1":27},"b":{"0":[9,5],"1":[1,4],"2":[1,6],"3":[7,3,2],"4":[1,0]},"_coverageSchema":"1a1c01bbd47fc00a2c39e90264f33305004495a9","hash":"716f8be6336ff4a4048c35a4c217165a76d3c46f"}
,"/home/akli931/Bureau/sunglass-poker/app/shared/score-engine/fullHouse.js": {"path":"/home/akli931/Bureau/sunglass-poker/app/shared/score-engine/fullHouse.js","statementMap":{"0":{"start":{"line":7,"column":12},"end":{"line":7,"column":31}},"1":{"start":{"line":8,"column":18},"end":{"line":8,"column":62}},"2":{"start":{"line":11,"column":2},"end":{"line":11,"column":76}},"3":{"start":{"line":11,"column":21},"end":{"line":11,"column":74}},"4":{"start":{"line":14,"column":15},"end":{"line":14,"column":17}},"5":{"start":{"line":15,"column":2},"end":{"line":23,"column":3}},"6":{"start":{"line":15,"column":15},"end":{"line":15,"column":16}},"7":{"start":{"line":16,"column":29},"end":{"line":18,"column":5}},"8":{"start":{"line":17,"column":17},"end":{"line":17,"column":47}},"9":{"start":{"line":19,"column":4},"end":{"line":22,"column":5}},"10":{"start":{"line":20,"column":6},"end":{"line":20,"column":32}},"11":{"start":{"line":21,"column":6},"end":{"line":21,"column":12}},"12":{"start":{"line":26,"column":2},"end":{"line":28,"column":3}},"13":{"start":{"line":27,"column":4},"end":{"line":27,"column":17}},"14":{"start":{"line":31,"column":14},"end":{"line":31,"column":16}},"15":{"start":{"line":32,"column":22},"end":{"line":32,"column":68}},"16":{"start":{"line":32,"column":44},"end":{"line":32,"column":67}},"17":{"start":{"line":33,"column":2},"end":{"line":42,"column":3}},"18":{"start":{"line":33,"column":15},"end":{"line":33,"column":16}},"19":{"start":{"line":34,"column":29},"end":{"line":36,"column":5}},"20":{"start":{"line":35,"column":17},"end":{"line":35,"column":55}},"21":{"start":{"line":38,"column":4},"end":{"line":41,"column":5}},"22":{"start":{"line":39,"column":6},"end":{"line":39,"column":31}},"23":{"start":{"line":40,"column":6},"end":{"line":40,"column":12}},"24":{"start":{"line":45,"column":2},"end":{"line":47,"column":3}},"25":{"start":{"line":46,"column":4},"end":{"line":46,"column":17}},"26":{"start":{"line":49,"column":2},"end":{"line":49,"column":43}},"27":{"start":{"line":52,"column":0},"end":{"line":52,"column":29}}},"fnMap":{"0":{"name":"isFullHouse","decl":{"start":{"line":6,"column":9},"end":{"line":6,"column":20}},"loc":{"start":{"line":6,"column":37},"end":{"line":50,"column":1}},"line":6},"1":{"name":"(anonymous_1)","decl":{"start":{"line":11,"column":11},"end":{"line":11,"column":12}},"loc":{"start":{"line":11,"column":21},"end":{"line":11,"column":74}},"line":11},"2":{"name":"(anonymous_2)","decl":{"start":{"line":17,"column":6},"end":{"line":17,"column":7}},"loc":{"start":{"line":17,"column":17},"end":{"line":17,"column":47}},"line":17},"3":{"name":"(anonymous_3)","decl":{"start":{"line":32,"column":33},"end":{"line":32,"column":34}},"loc":{"start":{"line":32,"column":44},"end":{"line":32,"column":67}},"line":32},"4":{"name":"(anonymous_4)","decl":{"start":{"line":35,"column":6},"end":{"line":35,"column":7}},"loc":{"start":{"line":35,"column":17},"end":{"line":35,"column":55}},"line":35}},"branchMap":{"0":{"loc":{"start":{"line":19,"column":4},"end":{"line":22,"column":5}},"type":"if","locations":[{"start":{"line":19,"column":4},"end":{"line":22,"column":5}},{"start":{},"end":{}}],"line":19},"1":{"loc":{"start":{"line":26,"column":2},"end":{"line":28,"column":3}},"type":"if","locations":[{"start":{"line":26,"column":2},"end":{"line":28,"column":3}},{"start":{},"end":{}}],"line":26},"2":{"loc":{"start":{"line":38,"column":4},"end":{"line":41,"column":5}},"type":"if","locations":[{"start":{"line":38,"column":4},"end":{"line":41,"column":5}},{"start":{},"end":{}}],"line":38},"3":{"loc":{"start":{"line":38,"column":8},"end":{"line":38,"column":70}},"type":"binary-expr","locations":[{"start":{"line":38,"column":8},"end":{"line":38,"column":37}},{"start":{"line":38,"column":41},"end":{"line":38,"column":70}}],"line":38},"4":{"loc":{"start":{"line":45,"column":2},"end":{"line":47,"column":3}},"type":"if","locations":[{"start":{"line":45,"column":2},"end":{"line":47,"column":3}},{"start":{},"end":{}}],"line":45},"5":{"loc":{"start":{"line":45,"column":6},"end":{"line":45,"column":46}},"type":"binary-expr","locations":[{"start":{"line":45,"column":6},"end":{"line":45,"column":24}},{"start":{"line":45,"column":28},"end":{"line":45,"column":46}}],"line":45}},"s":{"0":2,"1":2,"2":2,"3":26,"4":2,"5":2,"6":2,"7":2,"8":14,"9":2,"10":2,"11":2,"12":2,"13":0,"14":2,"15":2,"16":14,"17":2,"18":2,"19":6,"20":24,"21":6,"22":1,"23":1,"24":2,"25":1,"26":1,"27":1},"f":{"0":2,"1":26,"2":14,"3":14,"4":24},"b":{"0":[2,0],"1":[0,2],"2":[1,5],"3":[6,5],"4":[1,1],"5":[2,1]},"_coverageSchema":"1a1c01bbd47fc00a2c39e90264f33305004495a9","hash":"63e417f9cd109a8b3c6f3945e2a062180eea436f"}
,"/home/akli931/Bureau/sunglass-poker/app/shared/score-engine/highCard.js": {"path":"/home/akli931/Bureau/sunglass-poker/app/shared/score-engine/highCard.js","statementMap":{"0":{"start":{"line":7,"column":12},"end":{"line":7,"column":31}},"1":{"start":{"line":8,"column":18},"end":{"line":8,"column":62}},"2":{"start":{"line":11,"column":22},"end":{"line":13,"column":3}},"3":{"start":{"line":12,"column":14},"end":{"line":12,"column":67}},"4":{"start":{"line":16,"column":2},"end":{"line":16,"column":34}},"5":{"start":{"line":19,"column":0},"end":{"line":19,"column":28}}},"fnMap":{"0":{"name":"isHighCard","decl":{"start":{"line":6,"column":9},"end":{"line":6,"column":19}},"loc":{"start":{"line":6,"column":36},"end":{"line":17,"column":1}},"line":6},"1":{"name":"(anonymous_1)","decl":{"start":{"line":12,"column":4},"end":{"line":12,"column":5}},"loc":{"start":{"line":12,"column":14},"end":{"line":12,"column":67}},"line":12}},"branchMap":{},"s":{"0":2,"1":2,"2":2,"3":16,"4":2,"5":1},"f":{"0":2,"1":16},"b":{},"_coverageSchema":"1a1c01bbd47fc00a2c39e90264f33305004495a9","hash":"83cdaaf79f303bf8dff3a0d70e2b76212839a3ad"}
,"/home/akli931/Bureau/sunglass-poker/app/shared/score-engine/onePair.js": {"path":"/home/akli931/Bureau/sunglass-poker/app/shared/score-engine/onePair.js","statementMap":{"0":{"start":{"line":5,"column":12},"end":{"line":5,"column":31}},"1":{"start":{"line":7,"column":2},"end":{"line":9,"column":5}},"2":{"start":{"line":8,"column":4},"end":{"line":8,"column":31}},"3":{"start":{"line":11,"column":17},"end":{"line":11,"column":29}},"4":{"start":{"line":12,"column":13},"end":{"line":12,"column":17}},"5":{"start":{"line":13,"column":13},"end":{"line":13,"column":17}},"6":{"start":{"line":14,"column":21},"end":{"line":14,"column":26}},"7":{"start":{"line":17,"column":2},"end":{"line":24,"column":3}},"8":{"start":{"line":17,"column":15},"end":{"line":17,"column":16}},"9":{"start":{"line":18,"column":4},"end":{"line":23,"column":5}},"10":{"start":{"line":19,"column":6},"end":{"line":19,"column":20}},"11":{"start":{"line":20,"column":6},"end":{"line":20,"column":24}},"12":{"start":{"line":21,"column":6},"end":{"line":21,"column":26}},"13":{"start":{"line":22,"column":6},"end":{"line":22,"column":12}},"14":{"start":{"line":26,"column":2},"end":{"line":46,"column":3}},"15":{"start":{"line":27,"column":19},"end":{"line":27,"column":20}},"16":{"start":{"line":30,"column":4},"end":{"line":30,"column":21}},"17":{"start":{"line":31,"column":4},"end":{"line":31,"column":21}},"18":{"start":{"line":33,"column":4},"end":{"line":39,"column":5}},"19":{"start":{"line":33,"column":17},"end":{"line":33,"column":18}},"20":{"start":{"line":34,"column":6},"end":{"line":36,"column":7}},"21":{"start":{"line":35,"column":8},"end":{"line":35,"column":22}},"22":{"start":{"line":37,"column":6},"end":{"line":37,"column":32}},"23":{"start":{"line":38,"column":6},"end":{"line":38,"column":17}},"24":{"start":{"line":42,"column":4},"end":{"line":42,"column":18}},"25":{"start":{"line":45,"column":4},"end":{"line":45,"column":17}},"26":{"start":{"line":49,"column":0},"end":{"line":49,"column":27}}},"fnMap":{"0":{"name":"isOnePair","decl":{"start":{"line":4,"column":9},"end":{"line":4,"column":18}},"loc":{"start":{"line":4,"column":35},"end":{"line":47,"column":1}},"line":4},"1":{"name":"(anonymous_1)","decl":{"start":{"line":7,"column":11},"end":{"line":7,"column":12}},"loc":{"start":{"line":7,"column":27},"end":{"line":9,"column":3}},"line":7}},"branchMap":{"0":{"loc":{"start":{"line":18,"column":4},"end":{"line":23,"column":5}},"type":"if","locations":[{"start":{"line":18,"column":4},"end":{"line":23,"column":5}},{"start":{},"end":{}}],"line":18},"1":{"loc":{"start":{"line":26,"column":2},"end":{"line":46,"column":3}},"type":"if","locations":[{"start":{"line":26,"column":2},"end":{"line":46,"column":3}},{"start":{"line":43,"column":9},"end":{"line":46,"column":3}}],"line":26},"2":{"loc":{"start":{"line":34,"column":6},"end":{"line":36,"column":7}},"type":"if","locations":[{"start":{"line":34,"column":6},"end":{"line":36,"column":7}},{"start":{},"end":{}}],"line":34}},"s":{"0":3,"1":3,"2":36,"3":3,"4":3,"5":3,"6":3,"7":3,"8":3,"9":16,"10":2,"11":2,"12":2,"13":2,"14":3,"15":2,"16":2,"17":2,"18":2,"19":2,"20":6,"21":0,"22":6,"23":6,"24":2,"25":1,"26":1},"f":{"0":3,"1":36},"b":{"0":[2,14],"1":[2,1],"2":[0,6]},"_coverageSchema":"1a1c01bbd47fc00a2c39e90264f33305004495a9","hash":"b66ce3c1e5ff229700c724f74dd5e6867cb4d5bb"}
,"/home/akli931/Bureau/sunglass-poker/app/shared/score-engine/royalFlush.js": {"path":"/home/akli931/Bureau/sunglass-poker/app/shared/score-engine/royalFlush.js","statementMap":{"0":{"start":{"line":8,"column":22},"end":{"line":8,"column":51}},"1":{"start":{"line":9,"column":23},"end":{"line":9,"column":52}},"2":{"start":{"line":13,"column":2},"end":{"line":32,"column":3}},"3":{"start":{"line":14,"column":23},"end":{"line":14,"column":25}},"4":{"start":{"line":15,"column":4},"end":{"line":27,"column":5}},"5":{"start":{"line":18,"column":24},"end":{"line":20,"column":7}},"6":{"start":{"line":19,"column":18},"end":{"line":19,"column":64}},"7":{"start":{"line":22,"column":6},"end":{"line":26,"column":7}},"8":{"start":{"line":23,"column":8},"end":{"line":23,"column":35}},"9":{"start":{"line":25,"column":8},"end":{"line":25,"column":14}},"10":{"start":{"line":29,"column":4},"end":{"line":31,"column":5}},"11":{"start":{"line":30,"column":6},"end":{"line":30,"column":24}},"12":{"start":{"line":34,"column":2},"end":{"line":34,"column":15}},"13":{"start":{"line":37,"column":0},"end":{"line":37,"column":30}}},"fnMap":{"0":{"name":"isRoyalFlush","decl":{"start":{"line":6,"column":9},"end":{"line":6,"column":21}},"loc":{"start":{"line":6,"column":29},"end":{"line":35,"column":1}},"line":6},"1":{"name":"(anonymous_1)","decl":{"start":{"line":19,"column":8},"end":{"line":19,"column":9}},"loc":{"start":{"line":19,"column":18},"end":{"line":19,"column":64}},"line":19}},"branchMap":{"0":{"loc":{"start":{"line":19,"column":18},"end":{"line":19,"column":64}},"type":"binary-expr","locations":[{"start":{"line":19,"column":18},"end":{"line":19,"column":38}},{"start":{"line":19,"column":42},"end":{"line":19,"column":64}}],"line":19},"1":{"loc":{"start":{"line":22,"column":6},"end":{"line":26,"column":7}},"type":"if","locations":[{"start":{"line":22,"column":6},"end":{"line":26,"column":7}},{"start":{"line":24,"column":13},"end":{"line":26,"column":7}}],"line":22},"2":{"loc":{"start":{"line":29,"column":4},"end":{"line":31,"column":5}},"type":"if","locations":[{"start":{"line":29,"column":4},"end":{"line":31,"column":5}},{"start":{},"end":{}}],"line":29}},"s":{"0":3,"1":3,"2":3,"3":11,"4":11,"5":20,"6":94,"7":20,"8":11,"9":9,"10":11,"11":2,"12":1,"13":1},"f":{"0":3,"1":94},"b":{"0":[94,42],"1":[11,9],"2":[2,9]},"_coverageSchema":"1a1c01bbd47fc00a2c39e90264f33305004495a9","hash":"e4638b87ce5656743afa648af0293effd1691d42"}
,"/home/akli931/Bureau/sunglass-poker/app/shared/score-engine/straight.js": {"path":"/home/akli931/Bureau/sunglass-poker/app/shared/score-engine/straight.js","statementMap":{"0":{"start":{"line":4,"column":13},"end":{"line":4,"column":31}},"1":{"start":{"line":7,"column":19},"end":{"line":20,"column":3}},"2":{"start":{"line":8,"column":4},"end":{"line":18,"column":5}},"3":{"start":{"line":8,"column":17},"end":{"line":8,"column":18}},"4":{"start":{"line":9,"column":6},"end":{"line":17,"column":7}},"5":{"start":{"line":10,"column":8},"end":{"line":12,"column":9}},"6":{"start":{"line":11,"column":10},"end":{"line":11,"column":33}},"7":{"start":{"line":14,"column":8},"end":{"line":16,"column":9}},"8":{"start":{"line":15,"column":10},"end":{"line":15,"column":34}},"9":{"start":{"line":19,"column":4},"end":{"line":19,"column":20}},"10":{"start":{"line":22,"column":12},"end":{"line":22,"column":30}},"11":{"start":{"line":23,"column":13},"end":{"line":23,"column":15}},"12":{"start":{"line":25,"column":2},"end":{"line":27,"column":3}},"13":{"start":{"line":26,"column":4},"end":{"line":26,"column":24}},"14":{"start":{"line":28,"column":2},"end":{"line":28,"column":42}},"15":{"start":{"line":28,"column":21},"end":{"line":28,"column":40}},"16":{"start":{"line":30,"column":2},"end":{"line":43,"column":3}},"17":{"start":{"line":31,"column":14},"end":{"line":31,"column":23}},"18":{"start":{"line":33,"column":4},"end":{"line":42,"column":5}},"19":{"start":{"line":34,"column":6},"end":{"line":34,"column":21}},"20":{"start":{"line":35,"column":11},"end":{"line":42,"column":5}},"21":{"start":{"line":36,"column":6},"end":{"line":41,"column":7}},"22":{"start":{"line":37,"column":8},"end":{"line":37,"column":23}},"23":{"start":{"line":39,"column":8},"end":{"line":39,"column":36}},"24":{"start":{"line":40,"column":8},"end":{"line":40,"column":23}},"25":{"start":{"line":45,"column":2},"end":{"line":47,"column":3}},"26":{"start":{"line":46,"column":4},"end":{"line":46,"column":60}},"27":{"start":{"line":48,"column":2},"end":{"line":48,"column":68}},"28":{"start":{"line":51,"column":0},"end":{"line":51,"column":28}}},"fnMap":{"0":{"name":"isStraight","decl":{"start":{"line":6,"column":9},"end":{"line":6,"column":19}},"loc":{"start":{"line":6,"column":51},"end":{"line":49,"column":1}},"line":6},"1":{"name":"(anonymous_1)","decl":{"start":{"line":7,"column":19},"end":{"line":7,"column":20}},"loc":{"start":{"line":7,"column":53},"end":{"line":20,"column":3}},"line":7},"2":{"name":"(anonymous_2)","decl":{"start":{"line":28,"column":11},"end":{"line":28,"column":12}},"loc":{"start":{"line":28,"column":21},"end":{"line":28,"column":40}},"line":28}},"branchMap":{"0":{"loc":{"start":{"line":6,"column":35},"end":{"line":6,"column":49}},"type":"default-arg","locations":[{"start":{"line":6,"column":44},"end":{"line":6,"column":49}}],"line":6},"1":{"loc":{"start":{"line":7,"column":39},"end":{"line":7,"column":51}},"type":"default-arg","locations":[{"start":{"line":7,"column":46},"end":{"line":7,"column":51}}],"line":7},"2":{"loc":{"start":{"line":9,"column":6},"end":{"line":17,"column":7}},"type":"if","locations":[{"start":{"line":9,"column":6},"end":{"line":17,"column":7}},{"start":{"line":13,"column":13},"end":{"line":17,"column":7}}],"line":9},"3":{"loc":{"start":{"line":10,"column":8},"end":{"line":12,"column":9}},"type":"if","locations":[{"start":{"line":10,"column":8},"end":{"line":12,"column":9}},{"start":{},"end":{}}],"line":10},"4":{"loc":{"start":{"line":14,"column":8},"end":{"line":16,"column":9}},"type":"if","locations":[{"start":{"line":14,"column":8},"end":{"line":16,"column":9}},{"start":{},"end":{}}],"line":14},"5":{"loc":{"start":{"line":25,"column":2},"end":{"line":27,"column":3}},"type":"if","locations":[{"start":{"line":25,"column":2},"end":{"line":27,"column":3}},{"start":{},"end":{}}],"line":25},"6":{"loc":{"start":{"line":33,"column":4},"end":{"line":42,"column":5}},"type":"if","locations":[{"start":{"line":33,"column":4},"end":{"line":42,"column":5}},{"start":{"line":35,"column":11},"end":{"line":42,"column":5}}],"line":33},"7":{"loc":{"start":{"line":35,"column":11},"end":{"line":42,"column":5}},"type":"if","locations":[{"start":{"line":35,"column":11},"end":{"line":42,"column":5}},{"start":{},"end":{}}],"line":35},"8":{"loc":{"start":{"line":36,"column":6},"end":{"line":41,"column":7}},"type":"if","locations":[{"start":{"line":36,"column":6},"end":{"line":41,"column":7}},{"start":{"line":38,"column":13},"end":{"line":41,"column":7}}],"line":36},"9":{"loc":{"start":{"line":45,"column":2},"end":{"line":47,"column":3}},"type":"if","locations":[{"start":{"line":45,"column":2},"end":{"line":47,"column":3}},{"start":{},"end":{}}],"line":45},"10":{"loc":{"start":{"line":46,"column":11},"end":{"line":46,"column":59}},"type":"cond-expr","locations":[{"start":{"line":46,"column":31},"end":{"line":46,"column":51}},{"start":{"line":46,"column":54},"end":{"line":46,"column":59}}],"line":46},"11":{"loc":{"start":{"line":48,"column":9},"end":{"line":48,"column":67}},"type":"cond-expr","locations":[{"start":{"line":48,"column":29},"end":{"line":48,"column":33}},{"start":{"line":48,"column":36},"end":{"line":48,"column":67}}],"line":48}},"s":{"0":2,"1":8,"2":5,"3":5,"4":30,"5":20,"6":3,"7":10,"8":2,"9":5,"10":8,"11":8,"12":8,"13":3,"14":8,"15":68,"16":8,"17":53,"18":53,"19":8,"20":45,"21":43,"22":32,"23":11,"24":11,"25":8,"26":3,"27":5,"28":2},"f":{"0":8,"1":5,"2":68},"b":{"0":[5],"1":[3],"2":[20,10],"3":[3,17],"4":[2,8],"5":[3,5],"6":[8,45],"7":[43,2],"8":[32,11],"9":[3,5],"10":[2,1],"11":[2,3]},"_coverageSchema":"1a1c01bbd47fc00a2c39e90264f33305004495a9","hash":"99f5639935ba76e1f171f046a9ae8611d6917d32"}
,"/home/akli931/Bureau/sunglass-poker/app/shared/score-engine/straightFlush.js": {"path":"/home/akli931/Bureau/sunglass-poker/app/shared/score-engine/straightFlush.js","statementMap":{"0":{"start":{"line":1,"column":19},"end":{"line":1,"column":40}},"1":{"start":{"line":9,"column":27},"end":{"line":9,"column":31}},"2":{"start":{"line":10,"column":25},"end":{"line":10,"column":27}},"3":{"start":{"line":11,"column":2},"end":{"line":20,"column":3}},"4":{"start":{"line":12,"column":4},"end":{"line":14,"column":5}},"5":{"start":{"line":13,"column":6},"end":{"line":13,"column":40}},"6":{"start":{"line":15,"column":4},"end":{"line":15,"column":36}},"7":{"start":{"line":16,"column":4},"end":{"line":19,"column":5}},"8":{"start":{"line":17,"column":6},"end":{"line":17,"column":39}},"9":{"start":{"line":18,"column":6},"end":{"line":18,"column":12}},"10":{"start":{"line":22,"column":2},"end":{"line":24,"column":3}},"11":{"start":{"line":23,"column":4},"end":{"line":23,"column":17}},"12":{"start":{"line":27,"column":26},"end":{"line":29,"column":3}},"13":{"start":{"line":28,"column":15},"end":{"line":28,"column":49}},"14":{"start":{"line":32,"column":20},"end":{"line":32,"column":49}},"15":{"start":{"line":33,"column":2},"end":{"line":37,"column":3}},"16":{"start":{"line":34,"column":4},"end":{"line":34,"column":23}},"17":{"start":{"line":36,"column":4},"end":{"line":36,"column":17}},"18":{"start":{"line":40,"column":0},"end":{"line":40,"column":33}}},"fnMap":{"0":{"name":"isStraightFlush","decl":{"start":{"line":7,"column":9},"end":{"line":7,"column":24}},"loc":{"start":{"line":7,"column":41},"end":{"line":38,"column":1}},"line":7},"1":{"name":"(anonymous_1)","decl":{"start":{"line":28,"column":4},"end":{"line":28,"column":5}},"loc":{"start":{"line":28,"column":15},"end":{"line":28,"column":49}},"line":28}},"branchMap":{"0":{"loc":{"start":{"line":12,"column":4},"end":{"line":14,"column":5}},"type":"if","locations":[{"start":{"line":12,"column":4},"end":{"line":14,"column":5}},{"start":{},"end":{}}],"line":12},"1":{"loc":{"start":{"line":16,"column":4},"end":{"line":19,"column":5}},"type":"if","locations":[{"start":{"line":16,"column":4},"end":{"line":19,"column":5}},{"start":{},"end":{}}],"line":16},"2":{"loc":{"start":{"line":22,"column":2},"end":{"line":24,"column":3}},"type":"if","locations":[{"start":{"line":22,"column":2},"end":{"line":24,"column":3}},{"start":{},"end":{}}],"line":22},"3":{"loc":{"start":{"line":33,"column":2},"end":{"line":37,"column":3}},"type":"if","locations":[{"start":{"line":33,"column":2},"end":{"line":37,"column":3}},{"start":{"line":35,"column":9},"end":{"line":37,"column":3}}],"line":33}},"s":{"0":1,"1":3,"2":3,"3":3,"4":17,"5":6,"6":17,"7":17,"8":2,"9":2,"10":3,"11":1,"12":2,"13":14,"14":2,"15":2,"16":2,"17":0,"18":1},"f":{"0":3,"1":14},"b":{"0":[6,11],"1":[2,15],"2":[1,2],"3":[2,0]},"_coverageSchema":"1a1c01bbd47fc00a2c39e90264f33305004495a9","hash":"04ac5e091332beec03441401fb041b9dfa6bd3a0"}
,"/home/akli931/Bureau/sunglass-poker/app/shared/score-engine/threeOfAKind.js": {"path":"/home/akli931/Bureau/sunglass-poker/app/shared/score-engine/threeOfAKind.js","statementMap":{"0":{"start":{"line":5,"column":12},"end":{"line":5,"column":31}},"1":{"start":{"line":6,"column":18},"end":{"line":6,"column":61}},"2":{"start":{"line":9,"column":15},"end":{"line":9,"column":17}},"3":{"start":{"line":10,"column":2},"end":{"line":10,"column":76}},"4":{"start":{"line":10,"column":21},"end":{"line":10,"column":74}},"5":{"start":{"line":11,"column":2},"end":{"line":19,"column":3}},"6":{"start":{"line":11,"column":15},"end":{"line":11,"column":16}},"7":{"start":{"line":12,"column":29},"end":{"line":14,"column":5}},"8":{"start":{"line":13,"column":17},"end":{"line":13,"column":47}},"9":{"start":{"line":15,"column":4},"end":{"line":18,"column":5}},"10":{"start":{"line":16,"column":6},"end":{"line":16,"column":32}},"11":{"start":{"line":17,"column":6},"end":{"line":17,"column":12}},"12":{"start":{"line":22,"column":2},"end":{"line":24,"column":3}},"13":{"start":{"line":23,"column":4},"end":{"line":23,"column":17}},"14":{"start":{"line":27,"column":22},"end":{"line":27,"column":68}},"15":{"start":{"line":27,"column":44},"end":{"line":27,"column":67}},"16":{"start":{"line":30,"column":2},"end":{"line":30,"column":49}},"17":{"start":{"line":33,"column":0},"end":{"line":33,"column":32}}},"fnMap":{"0":{"name":"isThreeOfAKind","decl":{"start":{"line":4,"column":9},"end":{"line":4,"column":23}},"loc":{"start":{"line":4,"column":40},"end":{"line":31,"column":1}},"line":4},"1":{"name":"(anonymous_1)","decl":{"start":{"line":10,"column":11},"end":{"line":10,"column":12}},"loc":{"start":{"line":10,"column":21},"end":{"line":10,"column":74}},"line":10},"2":{"name":"(anonymous_2)","decl":{"start":{"line":13,"column":6},"end":{"line":13,"column":7}},"loc":{"start":{"line":13,"column":17},"end":{"line":13,"column":47}},"line":13},"3":{"name":"(anonymous_3)","decl":{"start":{"line":27,"column":33},"end":{"line":27,"column":34}},"loc":{"start":{"line":27,"column":44},"end":{"line":27,"column":67}},"line":27}},"branchMap":{"0":{"loc":{"start":{"line":15,"column":4},"end":{"line":18,"column":5}},"type":"if","locations":[{"start":{"line":15,"column":4},"end":{"line":18,"column":5}},{"start":{},"end":{}}],"line":15},"1":{"loc":{"start":{"line":22,"column":2},"end":{"line":24,"column":3}},"type":"if","locations":[{"start":{"line":22,"column":2},"end":{"line":24,"column":3}},{"start":{},"end":{}}],"line":22}},"s":{"0":3,"1":3,"2":3,"3":3,"4":33,"5":3,"6":3,"7":12,"8":84,"9":12,"10":2,"11":2,"12":3,"13":1,"14":2,"15":14,"16":2,"17":1},"f":{"0":3,"1":33,"2":84,"3":14},"b":{"0":[2,10],"1":[1,2]},"_coverageSchema":"1a1c01bbd47fc00a2c39e90264f33305004495a9","hash":"97baddae2106f35b9d99839c47bddc57cb3638d2"}
,"/home/akli931/Bureau/sunglass-poker/app/shared/score-engine/twoPair.js": {"path":"/home/akli931/Bureau/sunglass-poker/app/shared/score-engine/twoPair.js","statementMap":{"0":{"start":{"line":5,"column":12},"end":{"line":5,"column":31}},"1":{"start":{"line":7,"column":2},"end":{"line":9,"column":5}},"2":{"start":{"line":8,"column":4},"end":{"line":8,"column":31}},"3":{"start":{"line":11,"column":13},"end":{"line":11,"column":17}},"4":{"start":{"line":12,"column":13},"end":{"line":12,"column":17}},"5":{"start":{"line":13,"column":13},"end":{"line":13,"column":17}},"6":{"start":{"line":14,"column":13},"end":{"line":14,"column":17}},"7":{"start":{"line":15,"column":11},"end":{"line":15,"column":15}},"8":{"start":{"line":16,"column":21},"end":{"line":16,"column":26}},"9":{"start":{"line":21,"column":14},"end":{"line":21,"column":33}},"10":{"start":{"line":23,"column":4},"end":{"line":25,"column":7}},"11":{"start":{"line":24,"column":6},"end":{"line":24,"column":33}},"12":{"start":{"line":27,"column":15},"end":{"line":27,"column":19}},"13":{"start":{"line":28,"column":15},"end":{"line":28,"column":19}},"14":{"start":{"line":29,"column":15},"end":{"line":29,"column":19}},"15":{"start":{"line":30,"column":15},"end":{"line":30,"column":19}},"16":{"start":{"line":31,"column":13},"end":{"line":31,"column":17}},"17":{"start":{"line":32,"column":23},"end":{"line":32,"column":28}},"18":{"start":{"line":35,"column":4},"end":{"line":47,"column":5}},"19":{"start":{"line":35,"column":17},"end":{"line":35,"column":18}},"20":{"start":{"line":36,"column":6},"end":{"line":46,"column":7}},"21":{"start":{"line":37,"column":8},"end":{"line":45,"column":9}},"22":{"start":{"line":38,"column":10},"end":{"line":38,"column":24}},"23":{"start":{"line":39,"column":10},"end":{"line":39,"column":28}},"24":{"start":{"line":41,"column":10},"end":{"line":41,"column":24}},"25":{"start":{"line":42,"column":10},"end":{"line":42,"column":28}},"26":{"start":{"line":43,"column":10},"end":{"line":43,"column":30}},"27":{"start":{"line":44,"column":10},"end":{"line":44,"column":16}},"28":{"start":{"line":50,"column":4},"end":{"line":64,"column":5}},"29":{"start":{"line":51,"column":6},"end":{"line":56,"column":7}},"30":{"start":{"line":51,"column":19},"end":{"line":51,"column":20}},"31":{"start":{"line":52,"column":8},"end":{"line":55,"column":9}},"32":{"start":{"line":53,"column":10},"end":{"line":53,"column":22}},"33":{"start":{"line":54,"column":10},"end":{"line":54,"column":16}},"34":{"start":{"line":59,"column":21},"end":{"line":59,"column":49}},"35":{"start":{"line":60,"column":6},"end":{"line":60,"column":20}},"36":{"start":{"line":63,"column":6},"end":{"line":63,"column":19}},"37":{"start":{"line":67,"column":2},"end":{"line":79,"column":3}},"38":{"start":{"line":67,"column":15},"end":{"line":67,"column":16}},"39":{"start":{"line":68,"column":4},"end":{"line":78,"column":5}},"40":{"start":{"line":69,"column":6},"end":{"line":77,"column":7}},"41":{"start":{"line":70,"column":8},"end":{"line":70,"column":22}},"42":{"start":{"line":71,"column":8},"end":{"line":71,"column":26}},"43":{"start":{"line":73,"column":8},"end":{"line":73,"column":22}},"44":{"start":{"line":74,"column":8},"end":{"line":74,"column":26}},"45":{"start":{"line":75,"column":8},"end":{"line":75,"column":28}},"46":{"start":{"line":76,"column":8},"end":{"line":76,"column":14}},"47":{"start":{"line":82,"column":2},"end":{"line":96,"column":3}},"48":{"start":{"line":83,"column":4},"end":{"line":88,"column":5}},"49":{"start":{"line":83,"column":17},"end":{"line":83,"column":18}},"50":{"start":{"line":84,"column":6},"end":{"line":87,"column":7}},"51":{"start":{"line":85,"column":8},"end":{"line":85,"column":20}},"52":{"start":{"line":86,"column":8},"end":{"line":86,"column":14}},"53":{"start":{"line":91,"column":19},"end":{"line":91,"column":47}},"54":{"start":{"line":92,"column":4},"end":{"line":92,"column":18}},"55":{"start":{"line":95,"column":4},"end":{"line":95,"column":17}},"56":{"start":{"line":99,"column":0},"end":{"line":99,"column":27}}},"fnMap":{"0":{"name":"isTwoPair","decl":{"start":{"line":4,"column":9},"end":{"line":4,"column":18}},"loc":{"start":{"line":4,"column":35},"end":{"line":97,"column":1}},"line":4},"1":{"name":"(anonymous_1)","decl":{"start":{"line":7,"column":11},"end":{"line":7,"column":12}},"loc":{"start":{"line":7,"column":27},"end":{"line":9,"column":3}},"line":7},"2":{"name":"isTwoPair","decl":{"start":{"line":20,"column":11},"end":{"line":20,"column":20}},"loc":{"start":{"line":20,"column":50},"end":{"line":65,"column":3}},"line":20},"3":{"name":"(anonymous_3)","decl":{"start":{"line":23,"column":13},"end":{"line":23,"column":14}},"loc":{"start":{"line":23,"column":29},"end":{"line":25,"column":5}},"line":23}},"branchMap":{"0":{"loc":{"start":{"line":20,"column":37},"end":{"line":20,"column":48}},"type":"default-arg","locations":[{"start":{"line":20,"column":44},"end":{"line":20,"column":48}}],"line":20},"1":{"loc":{"start":{"line":36,"column":6},"end":{"line":46,"column":7}},"type":"if","locations":[{"start":{"line":36,"column":6},"end":{"line":46,"column":7}},{"start":{},"end":{}}],"line":36},"2":{"loc":{"start":{"line":37,"column":8},"end":{"line":45,"column":9}},"type":"if","locations":[{"start":{"line":37,"column":8},"end":{"line":45,"column":9}},{"start":{"line":40,"column":15},"end":{"line":45,"column":9}}],"line":37},"3":{"loc":{"start":{"line":50,"column":4},"end":{"line":64,"column":5}},"type":"if","locations":[{"start":{"line":50,"column":4},"end":{"line":64,"column":5}},{"start":{"line":61,"column":11},"end":{"line":64,"column":5}}],"line":50},"4":{"loc":{"start":{"line":52,"column":8},"end":{"line":55,"column":9}},"type":"if","locations":[{"start":{"line":52,"column":8},"end":{"line":55,"column":9}},{"start":{},"end":{}}],"line":52},"5":{"loc":{"start":{"line":52,"column":12},"end":{"line":52,"column":74}},"type":"binary-expr","locations":[{"start":{"line":52,"column":12},"end":{"line":52,"column":41}},{"start":{"line":52,"column":45},"end":{"line":52,"column":74}}],"line":52},"6":{"loc":{"start":{"line":68,"column":4},"end":{"line":78,"column":5}},"type":"if","locations":[{"start":{"line":68,"column":4},"end":{"line":78,"column":5}},{"start":{},"end":{}}],"line":68},"7":{"loc":{"start":{"line":69,"column":6},"end":{"line":77,"column":7}},"type":"if","locations":[{"start":{"line":69,"column":6},"end":{"line":77,"column":7}},{"start":{"line":72,"column":13},"end":{"line":77,"column":7}}],"line":69},"8":{"loc":{"start":{"line":82,"column":2},"end":{"line":96,"column":3}},"type":"if","locations":[{"start":{"line":82,"column":2},"end":{"line":96,"column":3}},{"start":{"line":93,"column":9},"end":{"line":96,"column":3}}],"line":82},"9":{"loc":{"start":{"line":84,"column":6},"end":{"line":87,"column":7}},"type":"if","locations":[{"start":{"line":84,"column":6},"end":{"line":87,"column":7}},{"start":{},"end":{}}],"line":84},"10":{"loc":{"start":{"line":84,"column":10},"end":{"line":84,"column":72}},"type":"binary-expr","locations":[{"start":{"line":84,"column":10},"end":{"line":84,"column":39}},{"start":{"line":84,"column":43},"end":{"line":84,"column":72}}],"line":84}},"s":{"0":3,"1":3,"2":45,"3":3,"4":3,"5":3,"6":3,"7":3,"8":3,"9":0,"10":0,"11":0,"12":0,"13":0,"14":0,"15":0,"16":0,"17":0,"18":0,"19":0,"20":0,"21":0,"22":0,"23":0,"24":0,"25":0,"26":0,"27":0,"28":0,"29":0,"30":0,"31":0,"32":0,"33":0,"34":0,"35":0,"36":0,"37":3,"38":3,"39":18,"40":5,"41":3,"42":3,"43":2,"44":2,"45":2,"46":2,"47":3,"48":2,"49":2,"50":4,"51":2,"52":2,"53":2,"54":2,"55":1,"56":1},"f":{"0":3,"1":45,"2":0,"3":0},"b":{"0":[0],"1":[0,0],"2":[0,0],"3":[0,0],"4":[0,0],"5":[0,0],"6":[5,13],"7":[3,2],"8":[2,1],"9":[2,2],"10":[4,2]},"_coverageSchema":"1a1c01bbd47fc00a2c39e90264f33305004495a9","hash":"874623370ab17f2c1649b4357d6dc10453209638"}
}
