{"/home/akli931/Bureau/sunglass-poker/app/shared/Card.js": {"path":"/home/akli931/Bureau/sunglass-poker/app/shared/Card.js","statementMap":{"0":{"start":{"line":3,"column":4},"end":{"line":3,"column":23}},"1":{"start":{"line":4,"column":4},"end":{"line":4,"column":25}},"2":{"start":{"line":8,"column":4},"end":{"line":8,"column":45}},"3":{"start":{"line":12,"column":0},"end":{"line":12,"column":22}}},"fnMap":{"0":{"name":"(anonymous_0)","decl":{"start":{"line":2,"column":2},"end":{"line":2,"column":3}},"loc":{"start":{"line":2,"column":29},"end":{"line":5,"column":3}},"line":2},"1":{"name":"(anonymous_1)","decl":{"start":{"line":7,"column":2},"end":{"line":7,"column":3}},"loc":{"start":{"line":7,"column":18},"end":{"line":9,"column":3}},"line":7}},"branchMap":{},"s":{"0":1534,"1":1534,"2":1,"3":15},"f":{"0":1534,"1":1},"b":{},"_coverageSchema":"1a1c01bbd47fc00a2c39e90264f33305004495a9","hash":"e95a2d83be2f248516a6002c770d5a392150c316"}
,"/home/akli931/Bureau/sunglass-poker/app/shared/Deck.js": {"path":"/home/akli931/Bureau/sunglass-poker/app/shared/Deck.js","statementMap":{"0":{"start":{"line":1,"column":13},"end":{"line":1,"column":30}},"1":{"start":{"line":4,"column":15},"end":{"line":4,"column":17}},"2":{"start":{"line":7,"column":4},"end":{"line":7,"column":29}},"3":{"start":{"line":8,"column":4},"end":{"line":8,"column":21}},"4":{"start":{"line":13,"column":4},"end":{"line":13,"column":27}},"5":{"start":{"line":18,"column":4},"end":{"line":18,"column":54}},"6":{"start":{"line":21,"column":19},"end":{"line":21,"column":39}},"7":{"start":{"line":22,"column":19},"end":{"line":22,"column":63}},"8":{"start":{"line":24,"column":4},"end":{"line":28,"column":5}},"9":{"start":{"line":25,"column":6},"end":{"line":27,"column":7}},"10":{"start":{"line":26,"column":8},"end":{"line":26,"column":53}},"11":{"start":{"line":32,"column":4},"end":{"line":38,"column":5}},"12":{"start":{"line":32,"column":17},"end":{"line":32,"column":43}},"13":{"start":{"line":33,"column":16},"end":{"line":33,"column":51}},"14":{"start":{"line":34,"column":6},"end":{"line":37,"column":8}},"15":{"start":{"line":42,"column":4},"end":{"line":44,"column":5}},"16":{"start":{"line":43,"column":6},"end":{"line":43,"column":39}},"17":{"start":{"line":45,"column":4},"end":{"line":45,"column":33}},"18":{"start":{"line":49,"column":4},"end":{"line":51,"column":5}},"19":{"start":{"line":50,"column":6},"end":{"line":50,"column":39}},"20":{"start":{"line":53,"column":21},"end":{"line":53,"column":23}},"21":{"start":{"line":54,"column":4},"end":{"line":56,"column":5}},"22":{"start":{"line":54,"column":17},"end":{"line":54,"column":18}},"23":{"start":{"line":55,"column":6},"end":{"line":55,"column":45}},"24":{"start":{"line":58,"column":4},"end":{"line":58,"column":22}},"25":{"start":{"line":62,"column":0},"end":{"line":62,"column":22}}},"fnMap":{"0":{"name":"(anonymous_0)","decl":{"start":{"line":6,"column":2},"end":{"line":6,"column":3}},"loc":{"start":{"line":6,"column":16},"end":{"line":10,"column":3}},"line":6},"1":{"name":"(anonymous_1)","decl":{"start":{"line":12,"column":2},"end":{"line":12,"column":3}},"loc":{"start":{"line":12,"column":17},"end":{"line":14,"column":3}},"line":12},"2":{"name":"(anonymous_2)","decl":{"start":{"line":16,"column":2},"end":{"line":16,"column":3}},"loc":{"start":{"line":16,"column":14},"end":{"line":29,"column":3}},"line":16},"3":{"name":"(anonymous_3)","decl":{"start":{"line":31,"column":2},"end":{"line":31,"column":3}},"loc":{"start":{"line":31,"column":12},"end":{"line":39,"column":3}},"line":31},"4":{"name":"(anonymous_4)","decl":{"start":{"line":41,"column":2},"end":{"line":41,"column":3}},"loc":{"start":{"line":41,"column":9},"end":{"line":46,"column":3}},"line":41},"5":{"name":"(anonymous_5)","decl":{"start":{"line":48,"column":2},"end":{"line":48,"column":3}},"loc":{"start":{"line":48,"column":15},"end":{"line":59,"column":3}},"line":48}},"branchMap":{"0":{"loc":{"start":{"line":42,"column":4},"end":{"line":44,"column":5}},"type":"if","locations":[{"start":{"line":42,"column":4},"end":{"line":44,"column":5}},{"start":{},"end":{}}],"line":42},"1":{"loc":{"start":{"line":49,"column":4},"end":{"line":51,"column":5}},"type":"if","locations":[{"start":{"line":49,"column":4},"end":{"line":51,"column":5}},{"start":{},"end":{}}],"line":49}},"s":{"0":3,"1":19,"2":19,"3":19,"4":8,"5":24,"6":24,"7":24,"8":24,"9":96,"10":1248,"11":6,"12":6,"13":306,"14":306,"15":7,"16":1,"17":6,"18":5,"19":1,"20":4,"21":4,"22":4,"23":12,"24":4,"25":3},"f":{"0":19,"1":8,"2":24,"3":6,"4":7,"5":5},"b":{"0":[1,6],"1":[1,4]},"_coverageSchema":"1a1c01bbd47fc00a2c39e90264f33305004495a9","hash":"6b3bbf7471a66147a80236d8fe7370546bdbc097"}
,"/home/akli931/Bureau/sunglass-poker/app/shared/Game.js": {"path":"/home/akli931/Bureau/sunglass-poker/app/shared/Game.js","statementMap":{"0":{"start":{"line":1,"column":14},"end":{"line":1,"column":45}},"1":{"start":{"line":2,"column":13},"end":{"line":2,"column":30}},"2":{"start":{"line":3,"column":19},"end":{"line":3,"column":42}},"3":{"start":{"line":4,"column":25},"end":{"line":4,"column":54}},"4":{"start":{"line":8,"column":4},"end":{"line":8,"column":22}},"5":{"start":{"line":9,"column":4},"end":{"line":9,"column":27}},"6":{"start":{"line":10,"column":4},"end":{"line":10,"column":39}},"7":{"start":{"line":14,"column":4},"end":{"line":14,"column":30}},"8":{"start":{"line":19,"column":4},"end":{"line":19,"column":26}},"9":{"start":{"line":20,"column":4},"end":{"line":20,"column":24}},"10":{"start":{"line":23,"column":4},"end":{"line":28,"column":7}},"11":{"start":{"line":24,"column":6},"end":{"line":24,"column":25}},"12":{"start":{"line":25,"column":6},"end":{"line":27,"column":7}},"13":{"start":{"line":25,"column":19},"end":{"line":25,"column":20}},"14":{"start":{"line":26,"column":8},"end":{"line":26,"column":41}},"15":{"start":{"line":38,"column":22},"end":{"line":38,"column":44}},"16":{"start":{"line":41,"column":4},"end":{"line":44,"column":5}},"17":{"start":{"line":42,"column":6},"end":{"line":42,"column":69}},"18":{"start":{"line":43,"column":6},"end":{"line":43,"column":13}},"19":{"start":{"line":47,"column":4},"end":{"line":47,"column":52}},"20":{"start":{"line":55,"column":4},"end":{"line":55,"column":58}},"21":{"start":{"line":63,"column":4},"end":{"line":63,"column":58}},"22":{"start":{"line":71,"column":4},"end":{"line":71,"column":68}},"23":{"start":{"line":71,"column":43},"end":{"line":71,"column":66}},"24":{"start":{"line":75,"column":4},"end":{"line":78,"column":6}},"25":{"start":{"line":88,"column":28},"end":{"line":99,"column":5}},"26":{"start":{"line":101,"column":4},"end":{"line":110,"column":5}},"27":{"start":{"line":101,"column":17},"end":{"line":101,"column":18}},"28":{"start":{"line":102,"column":19},"end":{"line":102,"column":56}},"29":{"start":{"line":103,"column":6},"end":{"line":109,"column":7}},"30":{"start":{"line":104,"column":8},"end":{"line":108,"column":10}},"31":{"start":{"line":119,"column":14},"end":{"line":119,"column":16}},"32":{"start":{"line":121,"column":4},"end":{"line":126,"column":5}},"33":{"start":{"line":121,"column":17},"end":{"line":121,"column":18}},"34":{"start":{"line":122,"column":16},"end":{"line":122,"column":49}},"35":{"start":{"line":123,"column":14},"end":{"line":123,"column":41}},"36":{"start":{"line":124,"column":6},"end":{"line":124,"column":20}},"37":{"start":{"line":125,"column":6},"end":{"line":125,"column":18}},"38":{"start":{"line":128,"column":4},"end":{"line":128,"column":15}},"39":{"start":{"line":137,"column":22},"end":{"line":137,"column":45}},"40":{"start":{"line":138,"column":26},"end":{"line":138,"column":60}},"41":{"start":{"line":139,"column":18},"end":{"line":139,"column":77}},"42":{"start":{"line":139,"column":68},"end":{"line":139,"column":76}},"43":{"start":{"line":141,"column":4},"end":{"line":186,"column":5}},"44":{"start":{"line":142,"column":20},"end":{"line":142,"column":22}},"45":{"start":{"line":144,"column":6},"end":{"line":172,"column":7}},"46":{"start":{"line":146,"column":10},"end":{"line":146,"column":63}},"47":{"start":{"line":147,"column":10},"end":{"line":147,"column":16}},"48":{"start":{"line":149,"column":10},"end":{"line":149,"column":58}},"49":{"start":{"line":150,"column":10},"end":{"line":150,"column":16}},"50":{"start":{"line":152,"column":10},"end":{"line":152,"column":57}},"51":{"start":{"line":153,"column":10},"end":{"line":153,"column":16}},"52":{"start":{"line":155,"column":10},"end":{"line":155,"column":63}},"53":{"start":{"line":156,"column":10},"end":{"line":156,"column":16}},"54":{"start":{"line":158,"column":10},"end":{"line":158,"column":58}},"55":{"start":{"line":159,"column":10},"end":{"line":159,"column":16}},"56":{"start":{"line":161,"column":10},"end":{"line":161,"column":59}},"57":{"start":{"line":162,"column":10},"end":{"line":162,"column":16}},"58":{"start":{"line":164,"column":10},"end":{"line":164,"column":64}},"59":{"start":{"line":165,"column":10},"end":{"line":165,"column":16}},"60":{"start":{"line":167,"column":10},"end":{"line":167,"column":58}},"61":{"start":{"line":168,"column":10},"end":{"line":168,"column":16}},"62":{"start":{"line":170,"column":10},"end":{"line":170,"column":63}},"63":{"start":{"line":171,"column":10},"end":{"line":171,"column":16}},"64":{"start":{"line":174,"column":16},"end":{"line":174,"column":18}},"65":{"start":{"line":175,"column":6},"end":{"line":181,"column":7}},"66":{"start":{"line":175,"column":19},"end":{"line":175,"column":20}},"67":{"start":{"line":176,"column":8},"end":{"line":180,"column":9}},"68":{"start":{"line":176,"column":21},"end":{"line":176,"column":22}},"69":{"start":{"line":177,"column":10},"end":{"line":179,"column":11}},"70":{"start":{"line":178,"column":12},"end":{"line":178,"column":33}},"71":{"start":{"line":183,"column":6},"end":{"line":183,"column":17}},"72":{"start":{"line":185,"column":6},"end":{"line":185,"column":21}},"73":{"start":{"line":190,"column":4},"end":{"line":196,"column":7}},"74":{"start":{"line":191,"column":6},"end":{"line":191,"column":44}},"75":{"start":{"line":192,"column":6},"end":{"line":194,"column":9}},"76":{"start":{"line":193,"column":8},"end":{"line":193,"column":26}},"77":{"start":{"line":195,"column":6},"end":{"line":195,"column":20}},"78":{"start":{"line":217,"column":0},"end":{"line":217,"column":22}}},"fnMap":{"0":{"name":"(anonymous_0)","decl":{"start":{"line":7,"column":2},"end":{"line":7,"column":3}},"loc":{"start":{"line":7,"column":16},"end":{"line":11,"column":3}},"line":7},"1":{"name":"(anonymous_1)","decl":{"start":{"line":13,"column":2},"end":{"line":13,"column":3}},"loc":{"start":{"line":13,"column":20},"end":{"line":15,"column":3}},"line":13},"2":{"name":"(anonymous_2)","decl":{"start":{"line":17,"column":2},"end":{"line":17,"column":3}},"loc":{"start":{"line":17,"column":10},"end":{"line":29,"column":3}},"line":17},"3":{"name":"(anonymous_3)","decl":{"start":{"line":23,"column":25},"end":{"line":23,"column":26}},"loc":{"start":{"line":23,"column":37},"end":{"line":28,"column":5}},"line":23},"4":{"name":"(anonymous_4)","decl":{"start":{"line":36,"column":2},"end":{"line":36,"column":3}},"loc":{"start":{"line":36,"column":9},"end":{"line":48,"column":3}},"line":36},"5":{"name":"(anonymous_5)","decl":{"start":{"line":54,"column":2},"end":{"line":54,"column":3}},"loc":{"start":{"line":54,"column":9},"end":{"line":56,"column":3}},"line":54},"6":{"name":"(anonymous_6)","decl":{"start":{"line":62,"column":2},"end":{"line":62,"column":3}},"loc":{"start":{"line":62,"column":10},"end":{"line":64,"column":3}},"line":62},"7":{"name":"(anonymous_7)","decl":{"start":{"line":70,"column":2},"end":{"line":70,"column":3}},"loc":{"start":{"line":70,"column":21},"end":{"line":72,"column":3}},"line":70},"8":{"name":"(anonymous_8)","decl":{"start":{"line":71,"column":31},"end":{"line":71,"column":32}},"loc":{"start":{"line":71,"column":43},"end":{"line":71,"column":66}},"line":71},"9":{"name":"(anonymous_9)","decl":{"start":{"line":74,"column":2},"end":{"line":74,"column":3}},"loc":{"start":{"line":74,"column":21},"end":{"line":79,"column":3}},"line":74},"10":{"name":"(anonymous_10)","decl":{"start":{"line":86,"column":2},"end":{"line":86,"column":3}},"loc":{"start":{"line":86,"column":30},"end":{"line":111,"column":3}},"line":86},"11":{"name":"(anonymous_11)","decl":{"start":{"line":118,"column":2},"end":{"line":118,"column":3}},"loc":{"start":{"line":118,"column":34},"end":{"line":129,"column":3}},"line":118},"12":{"name":"(anonymous_12)","decl":{"start":{"line":136,"column":2},"end":{"line":136,"column":3}},"loc":{"start":{"line":136,"column":12},"end":{"line":187,"column":3}},"line":136},"13":{"name":"(anonymous_13)","decl":{"start":{"line":139,"column":61},"end":{"line":139,"column":62}},"loc":{"start":{"line":139,"column":68},"end":{"line":139,"column":76}},"line":139},"14":{"name":"(anonymous_14)","decl":{"start":{"line":189,"column":2},"end":{"line":189,"column":3}},"loc":{"start":{"line":189,"column":14},"end":{"line":197,"column":3}},"line":189},"15":{"name":"(anonymous_15)","decl":{"start":{"line":190,"column":25},"end":{"line":190,"column":26}},"loc":{"start":{"line":190,"column":37},"end":{"line":196,"column":5}},"line":190},"16":{"name":"(anonymous_16)","decl":{"start":{"line":192,"column":38},"end":{"line":192,"column":39}},"loc":{"start":{"line":192,"column":48},"end":{"line":194,"column":7}},"line":192}},"branchMap":{"0":{"loc":{"start":{"line":41,"column":4},"end":{"line":44,"column":5}},"type":"if","locations":[{"start":{"line":41,"column":4},"end":{"line":44,"column":5}},{"start":{},"end":{}}],"line":41},"1":{"loc":{"start":{"line":103,"column":6},"end":{"line":109,"column":7}},"type":"if","locations":[{"start":{"line":103,"column":6},"end":{"line":109,"column":7}},{"start":{},"end":{}}],"line":103},"2":{"loc":{"start":{"line":141,"column":4},"end":{"line":186,"column":5}},"type":"if","locations":[{"start":{"line":141,"column":4},"end":{"line":186,"column":5}},{"start":{"line":184,"column":11},"end":{"line":186,"column":5}}],"line":141},"3":{"loc":{"start":{"line":144,"column":6},"end":{"line":172,"column":7}},"type":"switch","locations":[{"start":{"line":145,"column":8},"end":{"line":147,"column":16}},{"start":{"line":148,"column":8},"end":{"line":150,"column":16}},{"start":{"line":151,"column":8},"end":{"line":153,"column":16}},{"start":{"line":154,"column":8},"end":{"line":156,"column":16}},{"start":{"line":157,"column":8},"end":{"line":159,"column":16}},{"start":{"line":160,"column":8},"end":{"line":162,"column":16}},{"start":{"line":163,"column":8},"end":{"line":165,"column":16}},{"start":{"line":166,"column":8},"end":{"line":168,"column":16}},{"start":{"line":169,"column":8},"end":{"line":171,"column":16}}],"line":144},"4":{"loc":{"start":{"line":177,"column":10},"end":{"line":179,"column":11}},"type":"if","locations":[{"start":{"line":177,"column":10},"end":{"line":179,"column":11}},{"start":{},"end":{}}],"line":177}},"s":{"0":2,"1":2,"2":2,"3":2,"4":13,"5":13,"6":13,"7":11,"8":5,"9":5,"10":5,"11":1,"12":1,"13":1,"14":2,"15":3,"16":3,"17":0,"18":0,"19":3,"20":2,"21":1,"22":4,"23":9,"24":5,"25":5,"26":5,"27":5,"28":34,"29":34,"30":5,"31":2,"32":2,"33":2,"34":4,"35":4,"36":4,"37":4,"38":2,"39":1,"40":1,"41":1,"42":5,"43":1,"44":0,"45":0,"46":0,"47":0,"48":0,"49":0,"50":0,"51":0,"52":0,"53":0,"54":0,"55":0,"56":0,"57":0,"58":0,"59":0,"60":0,"61":0,"62":0,"63":0,"64":0,"65":0,"66":0,"67":0,"68":0,"69":0,"70":0,"71":0,"72":1,"73":0,"74":0,"75":0,"76":0,"77":0,"78":2},"f":{"0":13,"1":11,"2":5,"3":1,"4":3,"5":2,"6":1,"7":4,"8":9,"9":5,"10":5,"11":2,"12":1,"13":5,"14":0,"15":0,"16":0},"b":{"0":[0,3],"1":[5,29],"2":[0,1],"3":[0,0,0,0,0,0,0,0,0],"4":[0,0]},"_coverageSchema":"1a1c01bbd47fc00a2c39e90264f33305004495a9","hash":"baf0140dbc2975ed594419b5b5080c51c4ae2d58"}
,"/home/akli931/Bureau/sunglass-poker/app/shared/Player.js": {"path":"/home/akli931/Bureau/sunglass-poker/app/shared/Player.js","statementMap":{"0":{"start":{"line":2,"column":14},"end":{"line":2,"column":15}},"1":{"start":{"line":3,"column":17},"end":{"line":3,"column":19}},"2":{"start":{"line":4,"column":17},"end":{"line":4,"column":21}},"3":{"start":{"line":5,"column":17},"end":{"line":5,"column":19}},"4":{"start":{"line":6,"column":21},"end":{"line":8,"column":3}},"5":{"start":{"line":11,"column":4},"end":{"line":11,"column":30}},"6":{"start":{"line":12,"column":4},"end":{"line":12,"column":21}},"7":{"start":{"line":21,"column":4},"end":{"line":21,"column":26}},"8":{"start":{"line":30,"column":4},"end":{"line":30,"column":29}},"9":{"start":{"line":39,"column":4},"end":{"line":39,"column":29}},"10":{"start":{"line":43,"column":4},"end":{"line":43,"column":29}},"11":{"start":{"line":47,"column":4},"end":{"line":47,"column":33}},"12":{"start":{"line":56,"column":4},"end":{"line":56,"column":30}},"13":{"start":{"line":65,"column":4},"end":{"line":65,"column":40}},"14":{"start":{"line":74,"column":4},"end":{"line":74,"column":36}},"15":{"start":{"line":83,"column":4},"end":{"line":83,"column":78}},"16":{"start":{"line":87,"column":4},"end":{"line":87,"column":33}},"17":{"start":{"line":91,"column":4},"end":{"line":91,"column":27}},"18":{"start":{"line":95,"column":4},"end":{"line":95,"column":42}},"19":{"start":{"line":99,"column":0},"end":{"line":99,"column":24}}},"fnMap":{"0":{"name":"(anonymous_0)","decl":{"start":{"line":10,"column":2},"end":{"line":10,"column":3}},"loc":{"start":{"line":10,"column":30},"end":{"line":13,"column":3}},"line":10},"1":{"name":"(anonymous_1)","decl":{"start":{"line":20,"column":2},"end":{"line":20,"column":3}},"loc":{"start":{"line":20,"column":16},"end":{"line":22,"column":3}},"line":20},"2":{"name":"(anonymous_2)","decl":{"start":{"line":29,"column":2},"end":{"line":29,"column":3}},"loc":{"start":{"line":29,"column":19},"end":{"line":31,"column":3}},"line":29},"3":{"name":"(anonymous_3)","decl":{"start":{"line":38,"column":2},"end":{"line":38,"column":3}},"loc":{"start":{"line":38,"column":19},"end":{"line":40,"column":3}},"line":38},"4":{"name":"(anonymous_4)","decl":{"start":{"line":42,"column":2},"end":{"line":42,"column":3}},"loc":{"start":{"line":42,"column":19},"end":{"line":44,"column":3}},"line":42},"5":{"name":"(anonymous_5)","decl":{"start":{"line":46,"column":2},"end":{"line":46,"column":3}},"loc":{"start":{"line":46,"column":23},"end":{"line":48,"column":3}},"line":46},"6":{"name":"(anonymous_6)","decl":{"start":{"line":55,"column":2},"end":{"line":55,"column":3}},"loc":{"start":{"line":55,"column":24},"end":{"line":57,"column":3}},"line":55},"7":{"name":"(anonymous_7)","decl":{"start":{"line":64,"column":2},"end":{"line":64,"column":3}},"loc":{"start":{"line":64,"column":28},"end":{"line":66,"column":3}},"line":64},"8":{"name":"(anonymous_8)","decl":{"start":{"line":73,"column":2},"end":{"line":73,"column":3}},"loc":{"start":{"line":73,"column":18},"end":{"line":75,"column":3}},"line":73},"9":{"name":"(anonymous_9)","decl":{"start":{"line":82,"column":2},"end":{"line":82,"column":3}},"loc":{"start":{"line":82,"column":39},"end":{"line":84,"column":3}},"line":82},"10":{"name":"(anonymous_10)","decl":{"start":{"line":86,"column":2},"end":{"line":86,"column":3}},"loc":{"start":{"line":86,"column":16},"end":{"line":88,"column":3}},"line":86},"11":{"name":"(anonymous_11)","decl":{"start":{"line":90,"column":2},"end":{"line":90,"column":3}},"loc":{"start":{"line":90,"column":14},"end":{"line":92,"column":3}},"line":90},"12":{"name":"(anonymous_12)","decl":{"start":{"line":94,"column":2},"end":{"line":94,"column":3}},"loc":{"start":{"line":94,"column":19},"end":{"line":96,"column":3}},"line":94}},"branchMap":{},"s":{"0":21,"1":21,"2":21,"3":21,"4":21,"5":21,"6":21,"7":7,"8":9,"9":1,"10":1,"11":1,"12":10,"13":1,"14":1,"15":1,"16":13,"17":2,"18":11,"19":3},"f":{"0":21,"1":7,"2":9,"3":1,"4":1,"5":1,"6":10,"7":1,"8":1,"9":1,"10":13,"11":2,"12":11},"b":{},"_coverageSchema":"1a1c01bbd47fc00a2c39e90264f33305004495a9","hash":"5f1f436f9ced0bc50d9082c0c9fc21eaae37a949"}
,"/home/akli931/Bureau/sunglass-poker/app/shared/PokerTable.js": {"path":"/home/akli931/Bureau/sunglass-poker/app/shared/PokerTable.js","statementMap":{"0":{"start":{"line":3,"column":4},"end":{"line":3,"column":29}},"1":{"start":{"line":7,"column":4},"end":{"line":7,"column":36}},"2":{"start":{"line":8,"column":4},"end":{"line":10,"column":7}},"3":{"start":{"line":9,"column":6},"end":{"line":9,"column":51}},"4":{"start":{"line":11,"column":4},"end":{"line":11,"column":18}},"5":{"start":{"line":15,"column":0},"end":{"line":15,"column":28}}},"fnMap":{"0":{"name":"(anonymous_0)","decl":{"start":{"line":2,"column":2},"end":{"line":2,"column":3}},"loc":{"start":{"line":2,"column":16},"end":{"line":4,"column":3}},"line":2},"1":{"name":"(anonymous_1)","decl":{"start":{"line":6,"column":2},"end":{"line":6,"column":3}},"loc":{"start":{"line":6,"column":23},"end":{"line":12,"column":3}},"line":6},"2":{"name":"(anonymous_2)","decl":{"start":{"line":8,"column":32},"end":{"line":8,"column":33}},"loc":{"start":{"line":8,"column":42},"end":{"line":10,"column":5}},"line":8}},"branchMap":{},"s":{"0":15,"1":1,"2":1,"3":3,"4":1,"5":3},"f":{"0":15,"1":1,"2":3},"b":{},"_coverageSchema":"1a1c01bbd47fc00a2c39e90264f33305004495a9","hash":"4ee3aefb85d2dc223191162e4db3bfc73a0f9301"}
,"/home/akli931/Bureau/sunglass-poker/app/shared/ScoreEngineUtils.js": {"path":"/home/akli931/Bureau/sunglass-poker/app/shared/ScoreEngineUtils.js","statementMap":{"0":{"start":{"line":7,"column":17},"end":{"line":7,"column":19}},"1":{"start":{"line":8,"column":18},"end":{"line":8,"column":49}},"2":{"start":{"line":10,"column":2},"end":{"line":18,"column":3}},"3":{"start":{"line":10,"column":15},"end":{"line":10,"column":16}},"4":{"start":{"line":11,"column":4},"end":{"line":17,"column":5}},"5":{"start":{"line":12,"column":6},"end":{"line":12,"column":42}},"6":{"start":{"line":13,"column":6},"end":{"line":13,"column":45}},"7":{"start":{"line":14,"column":6},"end":{"line":14,"column":50}},"8":{"start":{"line":15,"column":11},"end":{"line":17,"column":5}},"9":{"start":{"line":16,"column":6},"end":{"line":16,"column":45}},"10":{"start":{"line":20,"column":2},"end":{"line":20,"column":18}},"11":{"start":{"line":31,"column":18},"end":{"line":57,"column":3}},"12":{"start":{"line":32,"column":15},"end":{"line":36,"column":5}},"13":{"start":{"line":38,"column":4},"end":{"line":54,"column":5}},"14":{"start":{"line":39,"column":6},"end":{"line":39,"column":44}},"15":{"start":{"line":41,"column":6},"end":{"line":45,"column":7}},"16":{"start":{"line":41,"column":19},"end":{"line":41,"column":20}},"17":{"start":{"line":42,"column":8},"end":{"line":44,"column":9}},"18":{"start":{"line":43,"column":10},"end":{"line":43,"column":52}},"19":{"start":{"line":47,"column":6},"end":{"line":53,"column":7}},"20":{"start":{"line":48,"column":8},"end":{"line":48,"column":46}},"21":{"start":{"line":49,"column":8},"end":{"line":49,"column":50}},"22":{"start":{"line":51,"column":8},"end":{"line":51,"column":46}},"23":{"start":{"line":52,"column":8},"end":{"line":52,"column":50}},"24":{"start":{"line":56,"column":4},"end":{"line":56,"column":16}},"25":{"start":{"line":59,"column":12},"end":{"line":59,"column":39}},"26":{"start":{"line":60,"column":14},"end":{"line":60,"column":16}},"27":{"start":{"line":62,"column":2},"end":{"line":64,"column":3}},"28":{"start":{"line":62,"column":15},"end":{"line":62,"column":16}},"29":{"start":{"line":63,"column":4},"end":{"line":63,"column":34}},"30":{"start":{"line":66,"column":17},"end":{"line":66,"column":52}},"31":{"start":{"line":66,"column":45},"end":{"line":66,"column":51}},"32":{"start":{"line":68,"column":2},"end":{"line":82,"column":3}},"33":{"start":{"line":69,"column":4},"end":{"line":69,"column":28}},"34":{"start":{"line":71,"column":22},"end":{"line":71,"column":64}},"35":{"start":{"line":71,"column":53},"end":{"line":71,"column":63}},"36":{"start":{"line":73,"column":4},"end":{"line":81,"column":5}},"37":{"start":{"line":74,"column":6},"end":{"line":74,"column":33}},"38":{"start":{"line":76,"column":16},"end":{"line":76,"column":18}},"39":{"start":{"line":77,"column":6},"end":{"line":79,"column":7}},"40":{"start":{"line":77,"column":19},"end":{"line":77,"column":20}},"41":{"start":{"line":78,"column":8},"end":{"line":78,"column":36}},"42":{"start":{"line":80,"column":6},"end":{"line":80,"column":17}},"43":{"start":{"line":91,"column":19},"end":{"line":91,"column":39}},"44":{"start":{"line":92,"column":24},"end":{"line":92,"column":46}},"45":{"start":{"line":93,"column":21},"end":{"line":93,"column":33}},"46":{"start":{"line":95,"column":2},"end":{"line":115,"column":3}},"47":{"start":{"line":95,"column":15},"end":{"line":95,"column":16}},"48":{"start":{"line":96,"column":27},"end":{"line":96,"column":49}},"49":{"start":{"line":97,"column":19},"end":{"line":97,"column":24}},"50":{"start":{"line":99,"column":4},"end":{"line":110,"column":5}},"51":{"start":{"line":99,"column":17},"end":{"line":99,"column":18}},"52":{"start":{"line":100,"column":6},"end":{"line":109,"column":7}},"53":{"start":{"line":101,"column":8},"end":{"line":101,"column":42}},"54":{"start":{"line":102,"column":8},"end":{"line":102,"column":41}},"55":{"start":{"line":103,"column":8},"end":{"line":103,"column":36}},"56":{"start":{"line":104,"column":8},"end":{"line":104,"column":24}},"57":{"start":{"line":105,"column":8},"end":{"line":105,"column":14}},"58":{"start":{"line":106,"column":13},"end":{"line":109,"column":7}},"59":{"start":{"line":107,"column":8},"end":{"line":107,"column":24}},"60":{"start":{"line":108,"column":8},"end":{"line":108,"column":14}},"61":{"start":{"line":112,"column":4},"end":{"line":114,"column":5}},"62":{"start":{"line":113,"column":6},"end":{"line":113,"column":46}},"63":{"start":{"line":117,"column":2},"end":{"line":117,"column":22}},"64":{"start":{"line":124,"column":18},"end":{"line":124,"column":62}},"65":{"start":{"line":125,"column":22},"end":{"line":125,"column":24}},"66":{"start":{"line":126,"column":34},"end":{"line":126,"column":36}},"67":{"start":{"line":129,"column":2},"end":{"line":134,"column":3}},"68":{"start":{"line":130,"column":21},"end":{"line":132,"column":76}},"69":{"start":{"line":132,"column":22},"end":{"line":132,"column":75}},"70":{"start":{"line":133,"column":4},"end":{"line":133,"column":31}},"71":{"start":{"line":137,"column":2},"end":{"line":152,"column":3}},"72":{"start":{"line":138,"column":20},"end":{"line":138,"column":25}},"73":{"start":{"line":139,"column":4},"end":{"line":141,"column":5}},"74":{"start":{"line":140,"column":6},"end":{"line":140,"column":23}},"75":{"start":{"line":144,"column":4},"end":{"line":151,"column":5}},"76":{"start":{"line":146,"column":6},"end":{"line":150,"column":7}},"77":{"start":{"line":148,"column":19},"end":{"line":148,"column":31}},"78":{"start":{"line":149,"column":8},"end":{"line":149,"column":22}},"79":{"start":{"line":155,"column":23},"end":{"line":155,"column":27}},"80":{"start":{"line":157,"column":2},"end":{"line":164,"column":3}},"81":{"start":{"line":158,"column":4},"end":{"line":163,"column":5}},"82":{"start":{"line":162,"column":6},"end":{"line":162,"column":31}},"83":{"start":{"line":167,"column":2},"end":{"line":172,"column":3}},"84":{"start":{"line":167,"column":15},"end":{"line":167,"column":16}},"85":{"start":{"line":168,"column":17},"end":{"line":168,"column":31}},"86":{"start":{"line":169,"column":4},"end":{"line":171,"column":5}},"87":{"start":{"line":170,"column":6},"end":{"line":170,"column":67}},"88":{"start":{"line":174,"column":2},"end":{"line":174,"column":35}},"89":{"start":{"line":181,"column":19},"end":{"line":205,"column":3}},"90":{"start":{"line":182,"column":15},"end":{"line":186,"column":5}},"91":{"start":{"line":188,"column":16},"end":{"line":188,"column":67}},"92":{"start":{"line":188,"column":47},"end":{"line":188,"column":66}},"93":{"start":{"line":189,"column":4},"end":{"line":189,"column":32}},"94":{"start":{"line":191,"column":4},"end":{"line":202,"column":5}},"95":{"start":{"line":192,"column":6},"end":{"line":198,"column":7}},"96":{"start":{"line":193,"column":8},"end":{"line":194,"column":80}},"97":{"start":{"line":196,"column":8},"end":{"line":197,"column":80}},"98":{"start":{"line":200,"column":6},"end":{"line":201,"column":78}},"99":{"start":{"line":204,"column":4},"end":{"line":204,"column":16}},"100":{"start":{"line":207,"column":12},"end":{"line":207,"column":39}},"101":{"start":{"line":208,"column":14},"end":{"line":208,"column":16}},"102":{"start":{"line":209,"column":2},"end":{"line":211,"column":3}},"103":{"start":{"line":209,"column":15},"end":{"line":209,"column":16}},"104":{"start":{"line":210,"column":4},"end":{"line":210,"column":47}},"105":{"start":{"line":213,"column":17},"end":{"line":213,"column":52}},"106":{"start":{"line":213,"column":45},"end":{"line":213,"column":51}},"107":{"start":{"line":215,"column":2},"end":{"line":229,"column":3}},"108":{"start":{"line":216,"column":4},"end":{"line":216,"column":28}},"109":{"start":{"line":218,"column":22},"end":{"line":218,"column":64}},"110":{"start":{"line":218,"column":53},"end":{"line":218,"column":63}},"111":{"start":{"line":220,"column":4},"end":{"line":228,"column":5}},"112":{"start":{"line":221,"column":6},"end":{"line":221,"column":33}},"113":{"start":{"line":223,"column":16},"end":{"line":223,"column":18}},"114":{"start":{"line":224,"column":6},"end":{"line":226,"column":7}},"115":{"start":{"line":224,"column":19},"end":{"line":224,"column":20}},"116":{"start":{"line":225,"column":8},"end":{"line":225,"column":36}},"117":{"start":{"line":227,"column":6},"end":{"line":227,"column":17}},"118":{"start":{"line":236,"column":19},"end":{"line":236,"column":39}},"119":{"start":{"line":237,"column":24},"end":{"line":237,"column":46}},"120":{"start":{"line":238,"column":21},"end":{"line":238,"column":33}},"121":{"start":{"line":240,"column":2},"end":{"line":260,"column":3}},"122":{"start":{"line":240,"column":15},"end":{"line":240,"column":16}},"123":{"start":{"line":241,"column":27},"end":{"line":241,"column":49}},"124":{"start":{"line":242,"column":19},"end":{"line":242,"column":24}},"125":{"start":{"line":244,"column":4},"end":{"line":255,"column":5}},"126":{"start":{"line":244,"column":17},"end":{"line":244,"column":18}},"127":{"start":{"line":245,"column":6},"end":{"line":254,"column":7}},"128":{"start":{"line":246,"column":8},"end":{"line":246,"column":42}},"129":{"start":{"line":247,"column":8},"end":{"line":247,"column":41}},"130":{"start":{"line":248,"column":8},"end":{"line":248,"column":36}},"131":{"start":{"line":249,"column":8},"end":{"line":249,"column":24}},"132":{"start":{"line":250,"column":8},"end":{"line":250,"column":14}},"133":{"start":{"line":251,"column":13},"end":{"line":254,"column":7}},"134":{"start":{"line":252,"column":8},"end":{"line":252,"column":24}},"135":{"start":{"line":253,"column":8},"end":{"line":253,"column":14}},"136":{"start":{"line":257,"column":4},"end":{"line":259,"column":5}},"137":{"start":{"line":258,"column":6},"end":{"line":258,"column":46}},"138":{"start":{"line":262,"column":2},"end":{"line":262,"column":22}},"139":{"start":{"line":268,"column":12},"end":{"line":268,"column":39}},"140":{"start":{"line":269,"column":21},"end":{"line":269,"column":23}},"141":{"start":{"line":270,"column":24},"end":{"line":270,"column":26}},"142":{"start":{"line":273,"column":2},"end":{"line":313,"column":3}},"143":{"start":{"line":274,"column":17},"end":{"line":274,"column":57}},"144":{"start":{"line":274,"column":44},"end":{"line":274,"column":56}},"145":{"start":{"line":275,"column":16},"end":{"line":275,"column":78}},"146":{"start":{"line":275,"column":46},"end":{"line":275,"column":77}},"147":{"start":{"line":277,"column":21},"end":{"line":277,"column":23}},"148":{"start":{"line":278,"column":4},"end":{"line":278,"column":69}},"149":{"start":{"line":278,"column":46},"end":{"line":278,"column":66}},"150":{"start":{"line":279,"column":4},"end":{"line":283,"column":6}},"151":{"start":{"line":281,"column":17},"end":{"line":281,"column":74}},"152":{"start":{"line":285,"column":4},"end":{"line":312,"column":5}},"153":{"start":{"line":286,"column":19},"end":{"line":286,"column":78}},"154":{"start":{"line":288,"column":6},"end":{"line":311,"column":7}},"155":{"start":{"line":289,"column":8},"end":{"line":289,"column":33}},"156":{"start":{"line":290,"column":8},"end":{"line":300,"column":10}},"157":{"start":{"line":294,"column":16},"end":{"line":296,"column":54}},"158":{"start":{"line":301,"column":13},"end":{"line":311,"column":7}},"159":{"start":{"line":302,"column":8},"end":{"line":310,"column":11}},"160":{"start":{"line":305,"column":14},"end":{"line":307,"column":52}},"161":{"start":{"line":316,"column":2},"end":{"line":321,"column":30}},"162":{"start":{"line":318,"column":4},"end":{"line":318,"column":47}},"163":{"start":{"line":319,"column":9},"end":{"line":321,"column":30}},"164":{"start":{"line":321,"column":4},"end":{"line":321,"column":30}},"165":{"start":{"line":328,"column":12},"end":{"line":328,"column":39}},"166":{"start":{"line":330,"column":2},"end":{"line":333,"column":3}},"167":{"start":{"line":330,"column":15},"end":{"line":330,"column":16}},"168":{"start":{"line":332,"column":4},"end":{"line":332,"column":52}},"169":{"start":{"line":332,"column":31},"end":{"line":332,"column":50}},"170":{"start":{"line":335,"column":12},"end":{"line":335,"column":15}},"171":{"start":{"line":337,"column":2},"end":{"line":340,"column":3}},"172":{"start":{"line":337,"column":15},"end":{"line":337,"column":16}},"173":{"start":{"line":338,"column":4},"end":{"line":338,"column":54}},"174":{"start":{"line":338,"column":36},"end":{"line":338,"column":52}},"175":{"start":{"line":339,"column":4},"end":{"line":339,"column":45}},"176":{"start":{"line":339,"column":26},"end":{"line":339,"column":45}},"177":{"start":{"line":342,"column":12},"end":{"line":342,"column":14}},"178":{"start":{"line":343,"column":2},"end":{"line":345,"column":3}},"179":{"start":{"line":343,"column":15},"end":{"line":343,"column":16}},"180":{"start":{"line":344,"column":4},"end":{"line":344,"column":24}},"181":{"start":{"line":347,"column":2},"end":{"line":347,"column":13}},"182":{"start":{"line":350,"column":0},"end":{"line":359,"column":2}}},"fnMap":{"0":{"name":"maximums","decl":{"start":{"line":6,"column":9},"end":{"line":6,"column":17}},"loc":{"start":{"line":6,"column":48},"end":{"line":21,"column":1}},"line":6},"1":{"name":"secondCarre","decl":{"start":{"line":28,"column":9},"end":{"line":28,"column":20}},"loc":{"start":{"line":28,"column":58},"end":{"line":83,"column":1}},"line":28},"2":{"name":"(anonymous_2)","decl":{"start":{"line":31,"column":18},"end":{"line":31,"column":19}},"loc":{"start":{"line":31,"column":40},"end":{"line":57,"column":3}},"line":31},"3":{"name":"(anonymous_3)","decl":{"start":{"line":66,"column":38},"end":{"line":66,"column":39}},"loc":{"start":{"line":66,"column":45},"end":{"line":66,"column":51}},"line":66},"4":{"name":"(anonymous_4)","decl":{"start":{"line":71,"column":46},"end":{"line":71,"column":47}},"loc":{"start":{"line":71,"column":53},"end":{"line":71,"column":63}},"line":71},"5":{"name":"secondFull","decl":{"start":{"line":90,"column":9},"end":{"line":90,"column":19}},"loc":{"start":{"line":90,"column":36},"end":{"line":118,"column":1}},"line":90},"6":{"name":"secondSuite","decl":{"start":{"line":123,"column":9},"end":{"line":123,"column":20}},"loc":{"start":{"line":123,"column":45},"end":{"line":175,"column":1}},"line":123},"7":{"name":"(anonymous_7)","decl":{"start":{"line":132,"column":12},"end":{"line":132,"column":13}},"loc":{"start":{"line":132,"column":22},"end":{"line":132,"column":75}},"line":132},"8":{"name":"secondBrelan","decl":{"start":{"line":180,"column":9},"end":{"line":180,"column":21}},"loc":{"start":{"line":180,"column":59},"end":{"line":230,"column":1}},"line":180},"9":{"name":"(anonymous_9)","decl":{"start":{"line":181,"column":19},"end":{"line":181,"column":20}},"loc":{"start":{"line":181,"column":48},"end":{"line":205,"column":3}},"line":181},"10":{"name":"(anonymous_10)","decl":{"start":{"line":188,"column":37},"end":{"line":188,"column":38}},"loc":{"start":{"line":188,"column":47},"end":{"line":188,"column":66}},"line":188},"11":{"name":"(anonymous_11)","decl":{"start":{"line":213,"column":38},"end":{"line":213,"column":39}},"loc":{"start":{"line":213,"column":45},"end":{"line":213,"column":51}},"line":213},"12":{"name":"(anonymous_12)","decl":{"start":{"line":218,"column":46},"end":{"line":218,"column":47}},"loc":{"start":{"line":218,"column":53},"end":{"line":218,"column":63}},"line":218},"13":{"name":"secondDoublePaire","decl":{"start":{"line":235,"column":9},"end":{"line":235,"column":26}},"loc":{"start":{"line":235,"column":43},"end":{"line":263,"column":1}},"line":235},"14":{"name":"secondPaire","decl":{"start":{"line":267,"column":9},"end":{"line":267,"column":20}},"loc":{"start":{"line":267,"column":58},"end":{"line":322,"column":1}},"line":267},"15":{"name":"(anonymous_15)","decl":{"start":{"line":274,"column":33},"end":{"line":274,"column":34}},"loc":{"start":{"line":274,"column":44},"end":{"line":274,"column":56}},"line":274},"16":{"name":"(anonymous_16)","decl":{"start":{"line":275,"column":28},"end":{"line":275,"column":29}},"loc":{"start":{"line":275,"column":46},"end":{"line":275,"column":77}},"line":275},"17":{"name":"(anonymous_17)","decl":{"start":{"line":278,"column":37},"end":{"line":278,"column":38}},"loc":{"start":{"line":278,"column":46},"end":{"line":278,"column":66}},"line":278},"18":{"name":"(anonymous_18)","decl":{"start":{"line":281,"column":8},"end":{"line":281,"column":9}},"loc":{"start":{"line":281,"column":17},"end":{"line":281,"column":74}},"line":281},"19":{"name":"(anonymous_19)","decl":{"start":{"line":293,"column":14},"end":{"line":293,"column":15}},"loc":{"start":{"line":294,"column":16},"end":{"line":296,"column":54}},"line":294},"20":{"name":"(anonymous_20)","decl":{"start":{"line":304,"column":12},"end":{"line":304,"column":13}},"loc":{"start":{"line":305,"column":14},"end":{"line":307,"column":52}},"line":305},"21":{"name":"secondCarteHaute","decl":{"start":{"line":327,"column":9},"end":{"line":327,"column":25}},"loc":{"start":{"line":327,"column":63},"end":{"line":348,"column":1}},"line":327},"22":{"name":"(anonymous_22)","decl":{"start":{"line":332,"column":21},"end":{"line":332,"column":22}},"loc":{"start":{"line":332,"column":31},"end":{"line":332,"column":50}},"line":332},"23":{"name":"(anonymous_23)","decl":{"start":{"line":338,"column":29},"end":{"line":338,"column":30}},"loc":{"start":{"line":338,"column":36},"end":{"line":338,"column":52}},"line":338}},"branchMap":{"0":{"loc":{"start":{"line":11,"column":4},"end":{"line":17,"column":5}},"type":"if","locations":[{"start":{"line":11,"column":4},"end":{"line":17,"column":5}},{"start":{"line":15,"column":11},"end":{"line":17,"column":5}}],"line":11},"1":{"loc":{"start":{"line":15,"column":11},"end":{"line":17,"column":5}},"type":"if","locations":[{"start":{"line":15,"column":11},"end":{"line":17,"column":5}},{"start":{},"end":{}}],"line":15},"2":{"loc":{"start":{"line":28,"column":45},"end":{"line":28,"column":56}},"type":"default-arg","locations":[{"start":{"line":28,"column":52},"end":{"line":28,"column":56}}],"line":28},"3":{"loc":{"start":{"line":38,"column":4},"end":{"line":54,"column":5}},"type":"if","locations":[{"start":{"line":38,"column":4},"end":{"line":54,"column":5}},{"start":{"line":46,"column":11},"end":{"line":54,"column":5}}],"line":38},"4":{"loc":{"start":{"line":42,"column":8},"end":{"line":44,"column":9}},"type":"if","locations":[{"start":{"line":42,"column":8},"end":{"line":44,"column":9}},{"start":{},"end":{}}],"line":42},"5":{"loc":{"start":{"line":47,"column":6},"end":{"line":53,"column":7}},"type":"if","locations":[{"start":{"line":47,"column":6},"end":{"line":53,"column":7}},{"start":{"line":50,"column":13},"end":{"line":53,"column":7}}],"line":47},"6":{"loc":{"start":{"line":68,"column":2},"end":{"line":82,"column":3}},"type":"if","locations":[{"start":{"line":68,"column":2},"end":{"line":82,"column":3}},{"start":{"line":70,"column":9},"end":{"line":82,"column":3}}],"line":68},"7":{"loc":{"start":{"line":73,"column":4},"end":{"line":81,"column":5}},"type":"if","locations":[{"start":{"line":73,"column":4},"end":{"line":81,"column":5}},{"start":{"line":75,"column":11},"end":{"line":81,"column":5}}],"line":73},"8":{"loc":{"start":{"line":100,"column":6},"end":{"line":109,"column":7}},"type":"if","locations":[{"start":{"line":100,"column":6},"end":{"line":109,"column":7}},{"start":{"line":106,"column":13},"end":{"line":109,"column":7}}],"line":100},"9":{"loc":{"start":{"line":106,"column":13},"end":{"line":109,"column":7}},"type":"if","locations":[{"start":{"line":106,"column":13},"end":{"line":109,"column":7}},{"start":{},"end":{}}],"line":106},"10":{"loc":{"start":{"line":112,"column":4},"end":{"line":114,"column":5}},"type":"if","locations":[{"start":{"line":112,"column":4},"end":{"line":114,"column":5}},{"start":{},"end":{}}],"line":112},"11":{"loc":{"start":{"line":139,"column":4},"end":{"line":141,"column":5}},"type":"if","locations":[{"start":{"line":139,"column":4},"end":{"line":141,"column":5}},{"start":{},"end":{}}],"line":139},"12":{"loc":{"start":{"line":144,"column":4},"end":{"line":151,"column":5}},"type":"if","locations":[{"start":{"line":144,"column":4},"end":{"line":151,"column":5}},{"start":{},"end":{}}],"line":144},"13":{"loc":{"start":{"line":146,"column":6},"end":{"line":150,"column":7}},"type":"if","locations":[{"start":{"line":146,"column":6},"end":{"line":150,"column":7}},{"start":{},"end":{}}],"line":146},"14":{"loc":{"start":{"line":158,"column":4},"end":{"line":163,"column":5}},"type":"if","locations":[{"start":{"line":158,"column":4},"end":{"line":163,"column":5}},{"start":{},"end":{}}],"line":158},"15":{"loc":{"start":{"line":159,"column":6},"end":{"line":160,"column":78}},"type":"binary-expr","locations":[{"start":{"line":159,"column":6},"end":{"line":159,"column":21}},{"start":{"line":160,"column":6},"end":{"line":160,"column":78}}],"line":159},"16":{"loc":{"start":{"line":169,"column":4},"end":{"line":171,"column":5}},"type":"if","locations":[{"start":{"line":169,"column":4},"end":{"line":171,"column":5}},{"start":{},"end":{}}],"line":169},"17":{"loc":{"start":{"line":180,"column":46},"end":{"line":180,"column":57}},"type":"default-arg","locations":[{"start":{"line":180,"column":53},"end":{"line":180,"column":57}}],"line":180},"18":{"loc":{"start":{"line":191,"column":4},"end":{"line":202,"column":5}},"type":"if","locations":[{"start":{"line":191,"column":4},"end":{"line":202,"column":5}},{"start":{"line":199,"column":11},"end":{"line":202,"column":5}}],"line":191},"19":{"loc":{"start":{"line":192,"column":6},"end":{"line":198,"column":7}},"type":"if","locations":[{"start":{"line":192,"column":6},"end":{"line":198,"column":7}},{"start":{"line":195,"column":13},"end":{"line":198,"column":7}}],"line":192},"20":{"loc":{"start":{"line":194,"column":10},"end":{"line":194,"column":79}},"type":"cond-expr","locations":[{"start":{"line":194,"column":46},"end":{"line":194,"column":61}},{"start":{"line":194,"column":64},"end":{"line":194,"column":79}}],"line":194},"21":{"loc":{"start":{"line":197,"column":10},"end":{"line":197,"column":79}},"type":"cond-expr","locations":[{"start":{"line":197,"column":46},"end":{"line":197,"column":61}},{"start":{"line":197,"column":64},"end":{"line":197,"column":79}}],"line":197},"22":{"loc":{"start":{"line":201,"column":8},"end":{"line":201,"column":77}},"type":"cond-expr","locations":[{"start":{"line":201,"column":44},"end":{"line":201,"column":59}},{"start":{"line":201,"column":62},"end":{"line":201,"column":77}}],"line":201},"23":{"loc":{"start":{"line":215,"column":2},"end":{"line":229,"column":3}},"type":"if","locations":[{"start":{"line":215,"column":2},"end":{"line":229,"column":3}},{"start":{"line":217,"column":9},"end":{"line":229,"column":3}}],"line":215},"24":{"loc":{"start":{"line":220,"column":4},"end":{"line":228,"column":5}},"type":"if","locations":[{"start":{"line":220,"column":4},"end":{"line":228,"column":5}},{"start":{"line":222,"column":11},"end":{"line":228,"column":5}}],"line":220},"25":{"loc":{"start":{"line":245,"column":6},"end":{"line":254,"column":7}},"type":"if","locations":[{"start":{"line":245,"column":6},"end":{"line":254,"column":7}},{"start":{"line":251,"column":13},"end":{"line":254,"column":7}}],"line":245},"26":{"loc":{"start":{"line":251,"column":13},"end":{"line":254,"column":7}},"type":"if","locations":[{"start":{"line":251,"column":13},"end":{"line":254,"column":7}},{"start":{},"end":{}}],"line":251},"27":{"loc":{"start":{"line":257,"column":4},"end":{"line":259,"column":5}},"type":"if","locations":[{"start":{"line":257,"column":4},"end":{"line":259,"column":5}},{"start":{},"end":{}}],"line":257},"28":{"loc":{"start":{"line":267,"column":45},"end":{"line":267,"column":56}},"type":"default-arg","locations":[{"start":{"line":267,"column":52},"end":{"line":267,"column":56}}],"line":267},"29":{"loc":{"start":{"line":281,"column":17},"end":{"line":281,"column":74}},"type":"binary-expr","locations":[{"start":{"line":281,"column":17},"end":{"line":281,"column":37}},{"start":{"line":281,"column":41},"end":{"line":281,"column":74}}],"line":281},"30":{"loc":{"start":{"line":285,"column":4},"end":{"line":312,"column":5}},"type":"if","locations":[{"start":{"line":285,"column":4},"end":{"line":312,"column":5}},{"start":{},"end":{}}],"line":285},"31":{"loc":{"start":{"line":288,"column":6},"end":{"line":311,"column":7}},"type":"if","locations":[{"start":{"line":288,"column":6},"end":{"line":311,"column":7}},{"start":{"line":301,"column":13},"end":{"line":311,"column":7}}],"line":288},"32":{"loc":{"start":{"line":294,"column":16},"end":{"line":296,"column":54}},"type":"binary-expr","locations":[{"start":{"line":294,"column":16},"end":{"line":294,"column":38}},{"start":{"line":295,"column":17},"end":{"line":295,"column":52}},{"start":{"line":296,"column":18},"end":{"line":296,"column":53}}],"line":294},"33":{"loc":{"start":{"line":301,"column":13},"end":{"line":311,"column":7}},"type":"if","locations":[{"start":{"line":301,"column":13},"end":{"line":311,"column":7}},{"start":{},"end":{}}],"line":301},"34":{"loc":{"start":{"line":305,"column":14},"end":{"line":307,"column":52}},"type":"binary-expr","locations":[{"start":{"line":305,"column":14},"end":{"line":305,"column":36}},{"start":{"line":306,"column":15},"end":{"line":306,"column":50}},{"start":{"line":307,"column":16},"end":{"line":307,"column":51}}],"line":305},"35":{"loc":{"start":{"line":316,"column":2},"end":{"line":321,"column":30}},"type":"if","locations":[{"start":{"line":316,"column":2},"end":{"line":321,"column":30}},{"start":{"line":319,"column":9},"end":{"line":321,"column":30}}],"line":316},"36":{"loc":{"start":{"line":319,"column":9},"end":{"line":321,"column":30}},"type":"if","locations":[{"start":{"line":319,"column":9},"end":{"line":321,"column":30}},{"start":{},"end":{}}],"line":319},"37":{"loc":{"start":{"line":327,"column":50},"end":{"line":327,"column":61}},"type":"default-arg","locations":[{"start":{"line":327,"column":57},"end":{"line":327,"column":61}}],"line":327},"38":{"loc":{"start":{"line":339,"column":4},"end":{"line":339,"column":45}},"type":"if","locations":[{"start":{"line":339,"column":4},"end":{"line":339,"column":45}},{"start":{},"end":{}}],"line":339}},"s":{"0":7,"1":7,"2":7,"3":7,"4":16,"5":4,"6":4,"7":4,"8":12,"9":9,"10":7,"11":1,"12":2,"13":2,"14":2,"15":2,"16":2,"17":10,"18":2,"19":0,"20":0,"21":0,"22":0,"23":0,"24":2,"25":1,"26":1,"27":1,"28":1,"29":2,"30":1,"31":5,"32":1,"33":1,"34":0,"35":0,"36":0,"37":0,"38":0,"39":0,"40":0,"41":0,"42":0,"43":1,"44":1,"45":1,"46":1,"47":1,"48":1,"49":1,"50":1,"51":1,"52":1,"53":1,"54":1,"55":1,"56":1,"57":1,"58":0,"59":0,"60":0,"61":1,"62":0,"63":1,"64":1,"65":1,"66":1,"67":1,"68":2,"69":13,"70":2,"71":1,"72":2,"73":2,"74":1,"75":2,"76":1,"77":1,"78":1,"79":1,"80":1,"81":2,"82":2,"83":1,"84":1,"85":2,"86":2,"87":1,"88":1,"89":1,"90":2,"91":2,"92":8,"93":2,"94":2,"95":2,"96":0,"97":2,"98":0,"99":2,"100":1,"101":1,"102":1,"103":1,"104":2,"105":1,"106":5,"107":1,"108":1,"109":0,"110":0,"111":0,"112":0,"113":0,"114":0,"115":0,"116":0,"117":0,"118":1,"119":1,"120":1,"121":1,"122":1,"123":1,"124":1,"125":1,"126":1,"127":3,"128":1,"129":1,"130":1,"131":1,"132":1,"133":2,"134":0,"135":0,"136":1,"137":0,"138":1,"139":1,"140":1,"141":1,"142":1,"143":2,"144":10,"145":2,"146":4,"147":2,"148":2,"149":2,"150":2,"151":10,"152":2,"153":2,"154":2,"155":1,"156":1,"157":5,"158":1,"159":1,"160":5,"161":1,"162":1,"163":0,"164":0,"165":2,"166":2,"167":2,"168":4,"169":12,"170":2,"171":2,"172":2,"173":3,"174":15,"175":3,"176":2,"177":0,"178":0,"179":0,"180":0,"181":0,"182":3},"f":{"0":7,"1":1,"2":2,"3":5,"4":0,"5":1,"6":1,"7":13,"8":1,"9":2,"10":8,"11":5,"12":0,"13":1,"14":1,"15":10,"16":4,"17":2,"18":10,"19":5,"20":5,"21":2,"22":12,"23":15},"b":{"0":[4,12],"1":[9,3],"2":[1],"3":[2,0],"4":[2,8],"5":[0,0],"6":[1,0],"7":[0,0],"8":[1,0],"9":[0,0],"10":[0,1],"11":[1,1],"12":[1,1],"13":[1,0],"14":[2,0],"15":[2,1],"16":[1,1],"17":[1],"18":[2,0],"19":[0,2],"20":[0,0],"21":[2,0],"22":[0,0],"23":[1,0],"24":[0,0],"25":[1,2],"26":[0,2],"27":[0,1],"28":[1],"29":[10,4],"30":[2,0],"31":[1,1],"32":[5,2,0],"33":[1,0],"34":[5,2,0],"35":[1,0],"36":[0,0],"37":[2],"38":[2,1]},"_coverageSchema":"1a1c01bbd47fc00a2c39e90264f33305004495a9","hash":"7eea8c593b6fd189bb4809305c4a47f31d747a87"}
,"/home/akli931/Bureau/sunglass-poker/app/shared/score-engine/flush.js": {"path":"/home/akli931/Bureau/sunglass-poker/app/shared/score-engine/flush.js","statementMap":{"0":{"start":{"line":7,"column":12},"end":{"line":7,"column":30}},"1":{"start":{"line":8,"column":15},"end":{"line":8,"column":31}},"2":{"start":{"line":11,"column":2},"end":{"line":26,"column":3}},"3":{"start":{"line":11,"column":15},"end":{"line":11,"column":16}},"4":{"start":{"line":12,"column":4},"end":{"line":25,"column":5}},"5":{"start":{"line":14,"column":8},"end":{"line":14,"column":31}},"6":{"start":{"line":15,"column":8},"end":{"line":15,"column":14}},"7":{"start":{"line":17,"column":8},"end":{"line":17,"column":31}},"8":{"start":{"line":18,"column":8},"end":{"line":18,"column":14}},"9":{"start":{"line":20,"column":8},"end":{"line":20,"column":31}},"10":{"start":{"line":21,"column":8},"end":{"line":21,"column":14}},"11":{"start":{"line":23,"column":8},"end":{"line":23,"column":31}},"12":{"start":{"line":24,"column":8},"end":{"line":24,"column":14}},"13":{"start":{"line":29,"column":2},"end":{"line":47,"column":3}},"14":{"start":{"line":29,"column":15},"end":{"line":29,"column":16}},"15":{"start":{"line":30,"column":4},"end":{"line":46,"column":5}},"16":{"start":{"line":31,"column":6},"end":{"line":41,"column":7}},"17":{"start":{"line":32,"column":20},"end":{"line":32,"column":21}},"18":{"start":{"line":34,"column":8},"end":{"line":38,"column":9}},"19":{"start":{"line":34,"column":21},"end":{"line":34,"column":22}},"20":{"start":{"line":35,"column":10},"end":{"line":37,"column":11}},"21":{"start":{"line":36,"column":12},"end":{"line":36,"column":22}},"22":{"start":{"line":40,"column":8},"end":{"line":40,"column":35}},"23":{"start":{"line":43,"column":6},"end":{"line":43,"column":23}},"24":{"start":{"line":44,"column":11},"end":{"line":46,"column":5}},"25":{"start":{"line":45,"column":6},"end":{"line":45,"column":23}},"26":{"start":{"line":49,"column":2},"end":{"line":49,"column":15}},"27":{"start":{"line":52,"column":0},"end":{"line":52,"column":25}}},"fnMap":{"0":{"name":"isFlush","decl":{"start":{"line":6,"column":9},"end":{"line":6,"column":16}},"loc":{"start":{"line":6,"column":32},"end":{"line":50,"column":1}},"line":6}},"branchMap":{"0":{"loc":{"start":{"line":12,"column":4},"end":{"line":25,"column":5}},"type":"switch","locations":[{"start":{"line":13,"column":6},"end":{"line":15,"column":14}},{"start":{"line":16,"column":6},"end":{"line":18,"column":14}},{"start":{"line":19,"column":6},"end":{"line":21,"column":14}},{"start":{"line":22,"column":6},"end":{"line":24,"column":14}}],"line":12},"1":{"loc":{"start":{"line":30,"column":4},"end":{"line":46,"column":5}},"type":"if","locations":[{"start":{"line":30,"column":4},"end":{"line":46,"column":5}},{"start":{"line":44,"column":11},"end":{"line":46,"column":5}}],"line":30},"2":{"loc":{"start":{"line":35,"column":10},"end":{"line":37,"column":11}},"type":"if","locations":[{"start":{"line":35,"column":10},"end":{"line":37,"column":11}},{"start":{},"end":{}}],"line":35},"3":{"loc":{"start":{"line":44,"column":11},"end":{"line":46,"column":5}},"type":"if","locations":[{"start":{"line":44,"column":11},"end":{"line":46,"column":5}},{"start":{},"end":{}}],"line":44}},"s":{"0":7,"1":7,"2":7,"3":7,"4":49,"5":19,"6":19,"7":11,"8":11,"9":7,"10":7,"11":12,"12":12,"13":7,"14":7,"15":25,"16":1,"17":2,"18":2,"19":2,"20":13,"21":2,"22":2,"23":1,"24":24,"25":0,"26":6,"27":3},"f":{"0":7},"b":{"0":[19,11,7,12],"1":[1,24],"2":[2,11],"3":[0,24]},"_coverageSchema":"1a1c01bbd47fc00a2c39e90264f33305004495a9","hash":"166b8b765e4282a1e97fc5d7c8d7ecb698f91d62"}
,"/home/akli931/Bureau/sunglass-poker/app/shared/score-engine/fourOfAKind.js": {"path":"/home/akli931/Bureau/sunglass-poker/app/shared/score-engine/fourOfAKind.js","statementMap":{"0":{"start":{"line":8,"column":12},"end":{"line":8,"column":31}},"1":{"start":{"line":10,"column":2},"end":{"line":12,"column":5}},"2":{"start":{"line":11,"column":4},"end":{"line":11,"column":31}},"3":{"start":{"line":14,"column":19},"end":{"line":14,"column":21}},"4":{"start":{"line":17,"column":2},"end":{"line":58,"column":3}},"5":{"start":{"line":17,"column":15},"end":{"line":17,"column":16}},"6":{"start":{"line":18,"column":18},"end":{"line":18,"column":24}},"7":{"start":{"line":20,"column":4},"end":{"line":57,"column":5}},"8":{"start":{"line":21,"column":6},"end":{"line":21,"column":33}},"9":{"start":{"line":23,"column":6},"end":{"line":23,"column":34}},"10":{"start":{"line":26,"column":6},"end":{"line":56,"column":7}},"11":{"start":{"line":28,"column":23},"end":{"line":28,"column":25}},"12":{"start":{"line":31,"column":8},"end":{"line":33,"column":9}},"13":{"start":{"line":31,"column":21},"end":{"line":31,"column":22}},"14":{"start":{"line":32,"column":10},"end":{"line":32,"column":73}},"15":{"start":{"line":36,"column":32},"end":{"line":36,"column":36}},"16":{"start":{"line":37,"column":8},"end":{"line":45,"column":9}},"17":{"start":{"line":37,"column":21},"end":{"line":37,"column":22}},"18":{"start":{"line":38,"column":10},"end":{"line":44,"column":11}},"19":{"start":{"line":43,"column":12},"end":{"line":43,"column":39}},"20":{"start":{"line":48,"column":8},"end":{"line":53,"column":9}},"21":{"start":{"line":49,"column":10},"end":{"line":52,"column":13}},"22":{"start":{"line":55,"column":8},"end":{"line":55,"column":22}},"23":{"start":{"line":60,"column":2},"end":{"line":60,"column":15}},"24":{"start":{"line":63,"column":0},"end":{"line":63,"column":31}}},"fnMap":{"0":{"name":"isFourOfAKind","decl":{"start":{"line":6,"column":9},"end":{"line":6,"column":22}},"loc":{"start":{"line":6,"column":39},"end":{"line":61,"column":1}},"line":6},"1":{"name":"(anonymous_1)","decl":{"start":{"line":10,"column":11},"end":{"line":10,"column":12}},"loc":{"start":{"line":10,"column":27},"end":{"line":12,"column":3}},"line":10}},"branchMap":{"0":{"loc":{"start":{"line":20,"column":4},"end":{"line":57,"column":5}},"type":"if","locations":[{"start":{"line":20,"column":4},"end":{"line":57,"column":5}},{"start":{"line":22,"column":11},"end":{"line":57,"column":5}}],"line":20},"1":{"loc":{"start":{"line":26,"column":6},"end":{"line":56,"column":7}},"type":"if","locations":[{"start":{"line":26,"column":6},"end":{"line":56,"column":7}},{"start":{},"end":{}}],"line":26},"2":{"loc":{"start":{"line":38,"column":10},"end":{"line":44,"column":11}},"type":"if","locations":[{"start":{"line":38,"column":10},"end":{"line":44,"column":11}},{"start":{},"end":{}}],"line":38},"3":{"loc":{"start":{"line":39,"column":12},"end":{"line":41,"column":55}},"type":"binary-expr","locations":[{"start":{"line":39,"column":12},"end":{"line":39,"column":42}},{"start":{"line":40,"column":13},"end":{"line":40,"column":39}},{"start":{"line":41,"column":14},"end":{"line":41,"column":54}}],"line":39},"4":{"loc":{"start":{"line":48,"column":8},"end":{"line":53,"column":9}},"type":"if","locations":[{"start":{"line":48,"column":8},"end":{"line":53,"column":9}},{"start":{},"end":{}}],"line":48}},"s":{"0":7,"1":7,"2":73,"3":7,"4":7,"5":7,"6":49,"7":49,"8":40,"9":9,"10":9,"11":1,"12":1,"13":1,"14":4,"15":1,"16":1,"17":1,"18":7,"19":1,"20":1,"21":1,"22":1,"23":6,"24":3},"f":{"0":7,"1":73},"b":{"0":[40,9],"1":[1,8],"2":[1,6],"3":[7,3,2],"4":[1,0]},"_coverageSchema":"1a1c01bbd47fc00a2c39e90264f33305004495a9","hash":"716f8be6336ff4a4048c35a4c217165a76d3c46f"}
,"/home/akli931/Bureau/sunglass-poker/app/shared/score-engine/fullHouse.js": {"path":"/home/akli931/Bureau/sunglass-poker/app/shared/score-engine/fullHouse.js","statementMap":{"0":{"start":{"line":7,"column":12},"end":{"line":7,"column":31}},"1":{"start":{"line":8,"column":18},"end":{"line":8,"column":62}},"2":{"start":{"line":11,"column":2},"end":{"line":11,"column":76}},"3":{"start":{"line":11,"column":21},"end":{"line":11,"column":74}},"4":{"start":{"line":14,"column":15},"end":{"line":14,"column":17}},"5":{"start":{"line":15,"column":2},"end":{"line":23,"column":3}},"6":{"start":{"line":15,"column":15},"end":{"line":15,"column":16}},"7":{"start":{"line":16,"column":29},"end":{"line":18,"column":5}},"8":{"start":{"line":17,"column":17},"end":{"line":17,"column":47}},"9":{"start":{"line":19,"column":4},"end":{"line":22,"column":5}},"10":{"start":{"line":20,"column":6},"end":{"line":20,"column":32}},"11":{"start":{"line":21,"column":6},"end":{"line":21,"column":12}},"12":{"start":{"line":26,"column":2},"end":{"line":28,"column":3}},"13":{"start":{"line":27,"column":4},"end":{"line":27,"column":17}},"14":{"start":{"line":31,"column":14},"end":{"line":31,"column":16}},"15":{"start":{"line":32,"column":22},"end":{"line":32,"column":68}},"16":{"start":{"line":32,"column":44},"end":{"line":32,"column":67}},"17":{"start":{"line":33,"column":2},"end":{"line":42,"column":3}},"18":{"start":{"line":33,"column":15},"end":{"line":33,"column":16}},"19":{"start":{"line":34,"column":29},"end":{"line":36,"column":5}},"20":{"start":{"line":35,"column":17},"end":{"line":35,"column":55}},"21":{"start":{"line":38,"column":4},"end":{"line":41,"column":5}},"22":{"start":{"line":39,"column":6},"end":{"line":39,"column":31}},"23":{"start":{"line":40,"column":6},"end":{"line":40,"column":12}},"24":{"start":{"line":45,"column":2},"end":{"line":47,"column":3}},"25":{"start":{"line":46,"column":4},"end":{"line":46,"column":17}},"26":{"start":{"line":49,"column":2},"end":{"line":49,"column":43}},"27":{"start":{"line":52,"column":0},"end":{"line":52,"column":29}}},"fnMap":{"0":{"name":"isFullHouse","decl":{"start":{"line":6,"column":9},"end":{"line":6,"column":20}},"loc":{"start":{"line":6,"column":37},"end":{"line":50,"column":1}},"line":6},"1":{"name":"(anonymous_1)","decl":{"start":{"line":11,"column":11},"end":{"line":11,"column":12}},"loc":{"start":{"line":11,"column":21},"end":{"line":11,"column":74}},"line":11},"2":{"name":"(anonymous_2)","decl":{"start":{"line":17,"column":6},"end":{"line":17,"column":7}},"loc":{"start":{"line":17,"column":17},"end":{"line":17,"column":47}},"line":17},"3":{"name":"(anonymous_3)","decl":{"start":{"line":32,"column":33},"end":{"line":32,"column":34}},"loc":{"start":{"line":32,"column":44},"end":{"line":32,"column":67}},"line":32},"4":{"name":"(anonymous_4)","decl":{"start":{"line":35,"column":6},"end":{"line":35,"column":7}},"loc":{"start":{"line":35,"column":17},"end":{"line":35,"column":55}},"line":35}},"branchMap":{"0":{"loc":{"start":{"line":19,"column":4},"end":{"line":22,"column":5}},"type":"if","locations":[{"start":{"line":19,"column":4},"end":{"line":22,"column":5}},{"start":{},"end":{}}],"line":19},"1":{"loc":{"start":{"line":26,"column":2},"end":{"line":28,"column":3}},"type":"if","locations":[{"start":{"line":26,"column":2},"end":{"line":28,"column":3}},{"start":{},"end":{}}],"line":26},"2":{"loc":{"start":{"line":38,"column":4},"end":{"line":41,"column":5}},"type":"if","locations":[{"start":{"line":38,"column":4},"end":{"line":41,"column":5}},{"start":{},"end":{}}],"line":38},"3":{"loc":{"start":{"line":38,"column":8},"end":{"line":38,"column":70}},"type":"binary-expr","locations":[{"start":{"line":38,"column":8},"end":{"line":38,"column":37}},{"start":{"line":38,"column":41},"end":{"line":38,"column":70}}],"line":38},"4":{"loc":{"start":{"line":45,"column":2},"end":{"line":47,"column":3}},"type":"if","locations":[{"start":{"line":45,"column":2},"end":{"line":47,"column":3}},{"start":{},"end":{}}],"line":45},"5":{"loc":{"start":{"line":45,"column":6},"end":{"line":45,"column":46}},"type":"binary-expr","locations":[{"start":{"line":45,"column":6},"end":{"line":45,"column":24}},{"start":{"line":45,"column":28},"end":{"line":45,"column":46}}],"line":45}},"s":{"0":7,"1":7,"2":7,"3":72,"4":7,"5":7,"6":7,"7":27,"8":189,"9":27,"10":2,"11":2,"12":7,"13":5,"14":2,"15":2,"16":14,"17":2,"18":2,"19":6,"20":24,"21":6,"22":1,"23":1,"24":2,"25":1,"26":1,"27":3},"f":{"0":7,"1":72,"2":189,"3":14,"4":24},"b":{"0":[2,25],"1":[5,2],"2":[1,5],"3":[6,5],"4":[1,1],"5":[2,1]},"_coverageSchema":"1a1c01bbd47fc00a2c39e90264f33305004495a9","hash":"63e417f9cd109a8b3c6f3945e2a062180eea436f"}
,"/home/akli931/Bureau/sunglass-poker/app/shared/score-engine/highCard.js": {"path":"/home/akli931/Bureau/sunglass-poker/app/shared/score-engine/highCard.js","statementMap":{"0":{"start":{"line":7,"column":12},"end":{"line":7,"column":31}},"1":{"start":{"line":8,"column":18},"end":{"line":8,"column":62}},"2":{"start":{"line":11,"column":22},"end":{"line":13,"column":3}},"3":{"start":{"line":12,"column":14},"end":{"line":12,"column":67}},"4":{"start":{"line":16,"column":2},"end":{"line":16,"column":34}},"5":{"start":{"line":19,"column":0},"end":{"line":19,"column":28}}},"fnMap":{"0":{"name":"isHighCard","decl":{"start":{"line":6,"column":9},"end":{"line":6,"column":19}},"loc":{"start":{"line":6,"column":36},"end":{"line":17,"column":1}},"line":6},"1":{"name":"(anonymous_1)","decl":{"start":{"line":12,"column":4},"end":{"line":12,"column":5}},"loc":{"start":{"line":12,"column":14},"end":{"line":12,"column":67}},"line":12}},"branchMap":{},"s":{"0":2,"1":2,"2":2,"3":16,"4":2,"5":3},"f":{"0":2,"1":16},"b":{},"_coverageSchema":"1a1c01bbd47fc00a2c39e90264f33305004495a9","hash":"83cdaaf79f303bf8dff3a0d70e2b76212839a3ad"}
,"/home/akli931/Bureau/sunglass-poker/app/shared/score-engine/index.js": {"path":"/home/akli931/Bureau/sunglass-poker/app/shared/score-engine/index.js","statementMap":{"0":{"start":{"line":1,"column":14},"end":{"line":1,"column":32}},"1":{"start":{"line":2,"column":20},"end":{"line":2,"column":44}},"2":{"start":{"line":3,"column":18},"end":{"line":3,"column":40}},"3":{"start":{"line":4,"column":17},"end":{"line":4,"column":38}},"4":{"start":{"line":5,"column":16},"end":{"line":5,"column":36}},"5":{"start":{"line":6,"column":19},"end":{"line":6,"column":42}},"6":{"start":{"line":7,"column":17},"end":{"line":7,"column":38}},"7":{"start":{"line":8,"column":22},"end":{"line":8,"column":48}},"8":{"start":{"line":9,"column":21},"end":{"line":9,"column":46}},"9":{"start":{"line":10,"column":16},"end":{"line":10,"column":36}},"10":{"start":{"line":12,"column":0},"end":{"line":23,"column":2}}},"fnMap":{},"branchMap":{},"s":{"0":2,"1":2,"2":2,"3":2,"4":2,"5":2,"6":2,"7":2,"8":2,"9":2,"10":2},"f":{},"b":{},"_coverageSchema":"1a1c01bbd47fc00a2c39e90264f33305004495a9","hash":"2e9cd2efb9fcbce14bf1791ea4844e30e14c4dbe"}
,"/home/akli931/Bureau/sunglass-poker/app/shared/score-engine/onePair.js": {"path":"/home/akli931/Bureau/sunglass-poker/app/shared/score-engine/onePair.js","statementMap":{"0":{"start":{"line":5,"column":12},"end":{"line":5,"column":31}},"1":{"start":{"line":7,"column":2},"end":{"line":9,"column":5}},"2":{"start":{"line":8,"column":4},"end":{"line":8,"column":31}},"3":{"start":{"line":11,"column":17},"end":{"line":11,"column":29}},"4":{"start":{"line":12,"column":13},"end":{"line":12,"column":17}},"5":{"start":{"line":13,"column":13},"end":{"line":13,"column":17}},"6":{"start":{"line":14,"column":21},"end":{"line":14,"column":26}},"7":{"start":{"line":17,"column":2},"end":{"line":24,"column":3}},"8":{"start":{"line":17,"column":15},"end":{"line":17,"column":16}},"9":{"start":{"line":18,"column":4},"end":{"line":23,"column":5}},"10":{"start":{"line":19,"column":6},"end":{"line":19,"column":20}},"11":{"start":{"line":20,"column":6},"end":{"line":20,"column":24}},"12":{"start":{"line":21,"column":6},"end":{"line":21,"column":26}},"13":{"start":{"line":22,"column":6},"end":{"line":22,"column":12}},"14":{"start":{"line":26,"column":2},"end":{"line":46,"column":3}},"15":{"start":{"line":27,"column":19},"end":{"line":27,"column":20}},"16":{"start":{"line":30,"column":4},"end":{"line":30,"column":21}},"17":{"start":{"line":31,"column":4},"end":{"line":31,"column":21}},"18":{"start":{"line":33,"column":4},"end":{"line":39,"column":5}},"19":{"start":{"line":33,"column":17},"end":{"line":33,"column":18}},"20":{"start":{"line":34,"column":6},"end":{"line":36,"column":7}},"21":{"start":{"line":35,"column":8},"end":{"line":35,"column":22}},"22":{"start":{"line":37,"column":6},"end":{"line":37,"column":32}},"23":{"start":{"line":38,"column":6},"end":{"line":38,"column":17}},"24":{"start":{"line":42,"column":4},"end":{"line":42,"column":18}},"25":{"start":{"line":45,"column":4},"end":{"line":45,"column":17}},"26":{"start":{"line":49,"column":0},"end":{"line":49,"column":27}}},"fnMap":{"0":{"name":"isOnePair","decl":{"start":{"line":4,"column":9},"end":{"line":4,"column":18}},"loc":{"start":{"line":4,"column":35},"end":{"line":47,"column":1}},"line":4},"1":{"name":"(anonymous_1)","decl":{"start":{"line":7,"column":11},"end":{"line":7,"column":12}},"loc":{"start":{"line":7,"column":27},"end":{"line":9,"column":3}},"line":7}},"branchMap":{"0":{"loc":{"start":{"line":18,"column":4},"end":{"line":23,"column":5}},"type":"if","locations":[{"start":{"line":18,"column":4},"end":{"line":23,"column":5}},{"start":{},"end":{}}],"line":18},"1":{"loc":{"start":{"line":26,"column":2},"end":{"line":46,"column":3}},"type":"if","locations":[{"start":{"line":26,"column":2},"end":{"line":46,"column":3}},{"start":{"line":43,"column":9},"end":{"line":46,"column":3}}],"line":26},"2":{"loc":{"start":{"line":34,"column":6},"end":{"line":36,"column":7}},"type":"if","locations":[{"start":{"line":34,"column":6},"end":{"line":36,"column":7}},{"start":{},"end":{}}],"line":34}},"s":{"0":3,"1":3,"2":36,"3":3,"4":3,"5":3,"6":3,"7":3,"8":3,"9":16,"10":2,"11":2,"12":2,"13":2,"14":3,"15":2,"16":2,"17":2,"18":2,"19":2,"20":6,"21":0,"22":6,"23":6,"24":2,"25":1,"26":3},"f":{"0":3,"1":36},"b":{"0":[2,14],"1":[2,1],"2":[0,6]},"_coverageSchema":"1a1c01bbd47fc00a2c39e90264f33305004495a9","hash":"b66ce3c1e5ff229700c724f74dd5e6867cb4d5bb"}
,"/home/akli931/Bureau/sunglass-poker/app/shared/score-engine/royalFlush.js": {"path":"/home/akli931/Bureau/sunglass-poker/app/shared/score-engine/royalFlush.js","statementMap":{"0":{"start":{"line":8,"column":22},"end":{"line":8,"column":51}},"1":{"start":{"line":9,"column":23},"end":{"line":9,"column":52}},"2":{"start":{"line":13,"column":2},"end":{"line":32,"column":3}},"3":{"start":{"line":14,"column":23},"end":{"line":14,"column":25}},"4":{"start":{"line":15,"column":4},"end":{"line":27,"column":5}},"5":{"start":{"line":18,"column":24},"end":{"line":20,"column":7}},"6":{"start":{"line":19,"column":18},"end":{"line":19,"column":64}},"7":{"start":{"line":22,"column":6},"end":{"line":26,"column":7}},"8":{"start":{"line":23,"column":8},"end":{"line":23,"column":35}},"9":{"start":{"line":25,"column":8},"end":{"line":25,"column":14}},"10":{"start":{"line":29,"column":4},"end":{"line":31,"column":5}},"11":{"start":{"line":30,"column":6},"end":{"line":30,"column":24}},"12":{"start":{"line":34,"column":2},"end":{"line":34,"column":15}},"13":{"start":{"line":37,"column":0},"end":{"line":37,"column":30}}},"fnMap":{"0":{"name":"isRoyalFlush","decl":{"start":{"line":6,"column":9},"end":{"line":6,"column":21}},"loc":{"start":{"line":6,"column":29},"end":{"line":35,"column":1}},"line":6},"1":{"name":"(anonymous_1)","decl":{"start":{"line":19,"column":8},"end":{"line":19,"column":9}},"loc":{"start":{"line":19,"column":18},"end":{"line":19,"column":64}},"line":19}},"branchMap":{"0":{"loc":{"start":{"line":19,"column":18},"end":{"line":19,"column":64}},"type":"binary-expr","locations":[{"start":{"line":19,"column":18},"end":{"line":19,"column":38}},{"start":{"line":19,"column":42},"end":{"line":19,"column":64}}],"line":19},"1":{"loc":{"start":{"line":22,"column":6},"end":{"line":26,"column":7}},"type":"if","locations":[{"start":{"line":22,"column":6},"end":{"line":26,"column":7}},{"start":{"line":24,"column":13},"end":{"line":26,"column":7}}],"line":22},"2":{"loc":{"start":{"line":29,"column":4},"end":{"line":31,"column":5}},"type":"if","locations":[{"start":{"line":29,"column":4},"end":{"line":31,"column":5}},{"start":{},"end":{}}],"line":29}},"s":{"0":8,"1":8,"2":8,"3":31,"4":31,"5":40,"6":234,"7":40,"8":11,"9":29,"10":31,"11":2,"12":6,"13":3},"f":{"0":8,"1":234},"b":{"0":[234,77],"1":[11,29],"2":[2,29]},"_coverageSchema":"1a1c01bbd47fc00a2c39e90264f33305004495a9","hash":"e4638b87ce5656743afa648af0293effd1691d42"}
,"/home/akli931/Bureau/sunglass-poker/app/shared/score-engine/straight.js": {"path":"/home/akli931/Bureau/sunglass-poker/app/shared/score-engine/straight.js","statementMap":{"0":{"start":{"line":4,"column":13},"end":{"line":4,"column":31}},"1":{"start":{"line":7,"column":19},"end":{"line":20,"column":3}},"2":{"start":{"line":8,"column":4},"end":{"line":18,"column":5}},"3":{"start":{"line":8,"column":17},"end":{"line":8,"column":18}},"4":{"start":{"line":9,"column":6},"end":{"line":17,"column":7}},"5":{"start":{"line":10,"column":8},"end":{"line":12,"column":9}},"6":{"start":{"line":11,"column":10},"end":{"line":11,"column":33}},"7":{"start":{"line":14,"column":8},"end":{"line":16,"column":9}},"8":{"start":{"line":15,"column":10},"end":{"line":15,"column":34}},"9":{"start":{"line":19,"column":4},"end":{"line":19,"column":20}},"10":{"start":{"line":22,"column":12},"end":{"line":22,"column":30}},"11":{"start":{"line":23,"column":13},"end":{"line":23,"column":15}},"12":{"start":{"line":25,"column":2},"end":{"line":27,"column":3}},"13":{"start":{"line":26,"column":4},"end":{"line":26,"column":24}},"14":{"start":{"line":28,"column":2},"end":{"line":28,"column":42}},"15":{"start":{"line":28,"column":21},"end":{"line":28,"column":40}},"16":{"start":{"line":30,"column":2},"end":{"line":43,"column":3}},"17":{"start":{"line":31,"column":14},"end":{"line":31,"column":23}},"18":{"start":{"line":33,"column":4},"end":{"line":42,"column":5}},"19":{"start":{"line":34,"column":6},"end":{"line":34,"column":21}},"20":{"start":{"line":35,"column":11},"end":{"line":42,"column":5}},"21":{"start":{"line":36,"column":6},"end":{"line":41,"column":7}},"22":{"start":{"line":37,"column":8},"end":{"line":37,"column":23}},"23":{"start":{"line":39,"column":8},"end":{"line":39,"column":36}},"24":{"start":{"line":40,"column":8},"end":{"line":40,"column":23}},"25":{"start":{"line":45,"column":2},"end":{"line":47,"column":3}},"26":{"start":{"line":46,"column":4},"end":{"line":46,"column":60}},"27":{"start":{"line":48,"column":2},"end":{"line":48,"column":68}},"28":{"start":{"line":51,"column":0},"end":{"line":51,"column":28}}},"fnMap":{"0":{"name":"isStraight","decl":{"start":{"line":6,"column":9},"end":{"line":6,"column":19}},"loc":{"start":{"line":6,"column":51},"end":{"line":49,"column":1}},"line":6},"1":{"name":"(anonymous_1)","decl":{"start":{"line":7,"column":19},"end":{"line":7,"column":20}},"loc":{"start":{"line":7,"column":53},"end":{"line":20,"column":3}},"line":7},"2":{"name":"(anonymous_2)","decl":{"start":{"line":28,"column":11},"end":{"line":28,"column":12}},"loc":{"start":{"line":28,"column":21},"end":{"line":28,"column":40}},"line":28}},"branchMap":{"0":{"loc":{"start":{"line":6,"column":35},"end":{"line":6,"column":49}},"type":"default-arg","locations":[{"start":{"line":6,"column":44},"end":{"line":6,"column":49}}],"line":6},"1":{"loc":{"start":{"line":7,"column":39},"end":{"line":7,"column":51}},"type":"default-arg","locations":[{"start":{"line":7,"column":46},"end":{"line":7,"column":51}}],"line":7},"2":{"loc":{"start":{"line":9,"column":6},"end":{"line":17,"column":7}},"type":"if","locations":[{"start":{"line":9,"column":6},"end":{"line":17,"column":7}},{"start":{"line":13,"column":13},"end":{"line":17,"column":7}}],"line":9},"3":{"loc":{"start":{"line":10,"column":8},"end":{"line":12,"column":9}},"type":"if","locations":[{"start":{"line":10,"column":8},"end":{"line":12,"column":9}},{"start":{},"end":{}}],"line":10},"4":{"loc":{"start":{"line":14,"column":8},"end":{"line":16,"column":9}},"type":"if","locations":[{"start":{"line":14,"column":8},"end":{"line":16,"column":9}},{"start":{},"end":{}}],"line":14},"5":{"loc":{"start":{"line":25,"column":2},"end":{"line":27,"column":3}},"type":"if","locations":[{"start":{"line":25,"column":2},"end":{"line":27,"column":3}},{"start":{},"end":{}}],"line":25},"6":{"loc":{"start":{"line":33,"column":4},"end":{"line":42,"column":5}},"type":"if","locations":[{"start":{"line":33,"column":4},"end":{"line":42,"column":5}},{"start":{"line":35,"column":11},"end":{"line":42,"column":5}}],"line":33},"7":{"loc":{"start":{"line":35,"column":11},"end":{"line":42,"column":5}},"type":"if","locations":[{"start":{"line":35,"column":11},"end":{"line":42,"column":5}},{"start":{},"end":{}}],"line":35},"8":{"loc":{"start":{"line":36,"column":6},"end":{"line":41,"column":7}},"type":"if","locations":[{"start":{"line":36,"column":6},"end":{"line":41,"column":7}},{"start":{"line":38,"column":13},"end":{"line":41,"column":7}}],"line":36},"9":{"loc":{"start":{"line":45,"column":2},"end":{"line":47,"column":3}},"type":"if","locations":[{"start":{"line":45,"column":2},"end":{"line":47,"column":3}},{"start":{},"end":{}}],"line":45},"10":{"loc":{"start":{"line":46,"column":11},"end":{"line":46,"column":59}},"type":"cond-expr","locations":[{"start":{"line":46,"column":31},"end":{"line":46,"column":51}},{"start":{"line":46,"column":54},"end":{"line":46,"column":59}}],"line":46},"11":{"loc":{"start":{"line":48,"column":9},"end":{"line":48,"column":67}},"type":"cond-expr","locations":[{"start":{"line":48,"column":29},"end":{"line":48,"column":33}},{"start":{"line":48,"column":36},"end":{"line":48,"column":67}}],"line":48}},"s":{"0":4,"1":15,"2":7,"3":7,"4":44,"5":34,"6":3,"7":10,"8":2,"9":7,"10":15,"11":15,"12":15,"13":5,"14":15,"15":140,"16":15,"17":102,"18":102,"19":15,"20":87,"21":79,"22":60,"23":19,"24":19,"25":15,"26":5,"27":10,"28":4},"f":{"0":15,"1":7,"2":140},"b":{"0":[10],"1":[5],"2":[34,10],"3":[3,31],"4":[2,8],"5":[5,10],"6":[15,87],"7":[79,8],"8":[60,19],"9":[5,10],"10":[2,3],"11":[5,5]},"_coverageSchema":"1a1c01bbd47fc00a2c39e90264f33305004495a9","hash":"99f5639935ba76e1f171f046a9ae8611d6917d32"}
,"/home/akli931/Bureau/sunglass-poker/app/shared/score-engine/straightFlush.js": {"path":"/home/akli931/Bureau/sunglass-poker/app/shared/score-engine/straightFlush.js","statementMap":{"0":{"start":{"line":1,"column":19},"end":{"line":1,"column":40}},"1":{"start":{"line":9,"column":27},"end":{"line":9,"column":31}},"2":{"start":{"line":10,"column":25},"end":{"line":10,"column":27}},"3":{"start":{"line":11,"column":2},"end":{"line":20,"column":3}},"4":{"start":{"line":12,"column":4},"end":{"line":14,"column":5}},"5":{"start":{"line":13,"column":6},"end":{"line":13,"column":40}},"6":{"start":{"line":15,"column":4},"end":{"line":15,"column":36}},"7":{"start":{"line":16,"column":4},"end":{"line":19,"column":5}},"8":{"start":{"line":17,"column":6},"end":{"line":17,"column":39}},"9":{"start":{"line":18,"column":6},"end":{"line":18,"column":12}},"10":{"start":{"line":22,"column":2},"end":{"line":24,"column":3}},"11":{"start":{"line":23,"column":4},"end":{"line":23,"column":17}},"12":{"start":{"line":27,"column":26},"end":{"line":29,"column":3}},"13":{"start":{"line":28,"column":15},"end":{"line":28,"column":49}},"14":{"start":{"line":32,"column":20},"end":{"line":32,"column":49}},"15":{"start":{"line":33,"column":2},"end":{"line":37,"column":3}},"16":{"start":{"line":34,"column":4},"end":{"line":34,"column":23}},"17":{"start":{"line":36,"column":4},"end":{"line":36,"column":17}},"18":{"start":{"line":40,"column":0},"end":{"line":40,"column":33}}},"fnMap":{"0":{"name":"isStraightFlush","decl":{"start":{"line":7,"column":9},"end":{"line":7,"column":24}},"loc":{"start":{"line":7,"column":41},"end":{"line":38,"column":1}},"line":7},"1":{"name":"(anonymous_1)","decl":{"start":{"line":28,"column":4},"end":{"line":28,"column":5}},"loc":{"start":{"line":28,"column":15},"end":{"line":28,"column":49}},"line":28}},"branchMap":{"0":{"loc":{"start":{"line":12,"column":4},"end":{"line":14,"column":5}},"type":"if","locations":[{"start":{"line":12,"column":4},"end":{"line":14,"column":5}},{"start":{},"end":{}}],"line":12},"1":{"loc":{"start":{"line":16,"column":4},"end":{"line":19,"column":5}},"type":"if","locations":[{"start":{"line":16,"column":4},"end":{"line":19,"column":5}},{"start":{},"end":{}}],"line":16},"2":{"loc":{"start":{"line":22,"column":2},"end":{"line":24,"column":3}},"type":"if","locations":[{"start":{"line":22,"column":2},"end":{"line":24,"column":3}},{"start":{},"end":{}}],"line":22},"3":{"loc":{"start":{"line":33,"column":2},"end":{"line":37,"column":3}},"type":"if","locations":[{"start":{"line":33,"column":2},"end":{"line":37,"column":3}},{"start":{"line":35,"column":9},"end":{"line":37,"column":3}}],"line":33}},"s":{"0":3,"1":8,"2":8,"3":8,"4":52,"5":26,"6":52,"7":52,"8":2,"9":2,"10":8,"11":6,"12":2,"13":14,"14":2,"15":2,"16":2,"17":0,"18":3},"f":{"0":8,"1":14},"b":{"0":[26,26],"1":[2,50],"2":[6,2],"3":[2,0]},"_coverageSchema":"1a1c01bbd47fc00a2c39e90264f33305004495a9","hash":"04ac5e091332beec03441401fb041b9dfa6bd3a0"}
,"/home/akli931/Bureau/sunglass-poker/app/shared/score-engine/threeOfAKind.js": {"path":"/home/akli931/Bureau/sunglass-poker/app/shared/score-engine/threeOfAKind.js","statementMap":{"0":{"start":{"line":5,"column":12},"end":{"line":5,"column":31}},"1":{"start":{"line":6,"column":18},"end":{"line":6,"column":61}},"2":{"start":{"line":9,"column":15},"end":{"line":9,"column":17}},"3":{"start":{"line":10,"column":2},"end":{"line":10,"column":76}},"4":{"start":{"line":10,"column":21},"end":{"line":10,"column":74}},"5":{"start":{"line":11,"column":2},"end":{"line":19,"column":3}},"6":{"start":{"line":11,"column":15},"end":{"line":11,"column":16}},"7":{"start":{"line":12,"column":29},"end":{"line":14,"column":5}},"8":{"start":{"line":13,"column":17},"end":{"line":13,"column":47}},"9":{"start":{"line":15,"column":4},"end":{"line":18,"column":5}},"10":{"start":{"line":16,"column":6},"end":{"line":16,"column":32}},"11":{"start":{"line":17,"column":6},"end":{"line":17,"column":12}},"12":{"start":{"line":22,"column":2},"end":{"line":24,"column":3}},"13":{"start":{"line":23,"column":4},"end":{"line":23,"column":17}},"14":{"start":{"line":27,"column":22},"end":{"line":27,"column":68}},"15":{"start":{"line":27,"column":44},"end":{"line":27,"column":67}},"16":{"start":{"line":30,"column":2},"end":{"line":30,"column":49}},"17":{"start":{"line":33,"column":0},"end":{"line":33,"column":32}}},"fnMap":{"0":{"name":"isThreeOfAKind","decl":{"start":{"line":4,"column":9},"end":{"line":4,"column":23}},"loc":{"start":{"line":4,"column":40},"end":{"line":31,"column":1}},"line":4},"1":{"name":"(anonymous_1)","decl":{"start":{"line":10,"column":11},"end":{"line":10,"column":12}},"loc":{"start":{"line":10,"column":21},"end":{"line":10,"column":74}},"line":10},"2":{"name":"(anonymous_2)","decl":{"start":{"line":13,"column":6},"end":{"line":13,"column":7}},"loc":{"start":{"line":13,"column":17},"end":{"line":13,"column":47}},"line":13},"3":{"name":"(anonymous_3)","decl":{"start":{"line":27,"column":33},"end":{"line":27,"column":34}},"loc":{"start":{"line":27,"column":44},"end":{"line":27,"column":67}},"line":27}},"branchMap":{"0":{"loc":{"start":{"line":15,"column":4},"end":{"line":18,"column":5}},"type":"if","locations":[{"start":{"line":15,"column":4},"end":{"line":18,"column":5}},{"start":{},"end":{}}],"line":15},"1":{"loc":{"start":{"line":22,"column":2},"end":{"line":24,"column":3}},"type":"if","locations":[{"start":{"line":22,"column":2},"end":{"line":24,"column":3}},{"start":{},"end":{}}],"line":22}},"s":{"0":5,"1":5,"2":5,"3":5,"4":53,"5":5,"6":5,"7":22,"8":154,"9":22,"10":2,"11":2,"12":5,"13":3,"14":2,"15":14,"16":2,"17":3},"f":{"0":5,"1":53,"2":154,"3":14},"b":{"0":[2,20],"1":[3,2]},"_coverageSchema":"1a1c01bbd47fc00a2c39e90264f33305004495a9","hash":"97baddae2106f35b9d99839c47bddc57cb3638d2"}
,"/home/akli931/Bureau/sunglass-poker/app/shared/score-engine/twoPair.js": {"path":"/home/akli931/Bureau/sunglass-poker/app/shared/score-engine/twoPair.js","statementMap":{"0":{"start":{"line":5,"column":12},"end":{"line":5,"column":31}},"1":{"start":{"line":7,"column":2},"end":{"line":9,"column":5}},"2":{"start":{"line":8,"column":4},"end":{"line":8,"column":31}},"3":{"start":{"line":11,"column":13},"end":{"line":11,"column":17}},"4":{"start":{"line":12,"column":13},"end":{"line":12,"column":17}},"5":{"start":{"line":13,"column":13},"end":{"line":13,"column":17}},"6":{"start":{"line":14,"column":13},"end":{"line":14,"column":17}},"7":{"start":{"line":15,"column":11},"end":{"line":15,"column":15}},"8":{"start":{"line":16,"column":21},"end":{"line":16,"column":26}},"9":{"start":{"line":21,"column":14},"end":{"line":21,"column":33}},"10":{"start":{"line":23,"column":4},"end":{"line":25,"column":7}},"11":{"start":{"line":24,"column":6},"end":{"line":24,"column":33}},"12":{"start":{"line":27,"column":15},"end":{"line":27,"column":19}},"13":{"start":{"line":28,"column":15},"end":{"line":28,"column":19}},"14":{"start":{"line":29,"column":15},"end":{"line":29,"column":19}},"15":{"start":{"line":30,"column":15},"end":{"line":30,"column":19}},"16":{"start":{"line":31,"column":13},"end":{"line":31,"column":17}},"17":{"start":{"line":32,"column":23},"end":{"line":32,"column":28}},"18":{"start":{"line":35,"column":4},"end":{"line":47,"column":5}},"19":{"start":{"line":35,"column":17},"end":{"line":35,"column":18}},"20":{"start":{"line":36,"column":6},"end":{"line":46,"column":7}},"21":{"start":{"line":37,"column":8},"end":{"line":45,"column":9}},"22":{"start":{"line":38,"column":10},"end":{"line":38,"column":24}},"23":{"start":{"line":39,"column":10},"end":{"line":39,"column":28}},"24":{"start":{"line":41,"column":10},"end":{"line":41,"column":24}},"25":{"start":{"line":42,"column":10},"end":{"line":42,"column":28}},"26":{"start":{"line":43,"column":10},"end":{"line":43,"column":30}},"27":{"start":{"line":44,"column":10},"end":{"line":44,"column":16}},"28":{"start":{"line":50,"column":4},"end":{"line":64,"column":5}},"29":{"start":{"line":51,"column":6},"end":{"line":56,"column":7}},"30":{"start":{"line":51,"column":19},"end":{"line":51,"column":20}},"31":{"start":{"line":52,"column":8},"end":{"line":55,"column":9}},"32":{"start":{"line":53,"column":10},"end":{"line":53,"column":22}},"33":{"start":{"line":54,"column":10},"end":{"line":54,"column":16}},"34":{"start":{"line":59,"column":21},"end":{"line":59,"column":49}},"35":{"start":{"line":60,"column":6},"end":{"line":60,"column":20}},"36":{"start":{"line":63,"column":6},"end":{"line":63,"column":19}},"37":{"start":{"line":67,"column":2},"end":{"line":79,"column":3}},"38":{"start":{"line":67,"column":15},"end":{"line":67,"column":16}},"39":{"start":{"line":68,"column":4},"end":{"line":78,"column":5}},"40":{"start":{"line":69,"column":6},"end":{"line":77,"column":7}},"41":{"start":{"line":70,"column":8},"end":{"line":70,"column":22}},"42":{"start":{"line":71,"column":8},"end":{"line":71,"column":26}},"43":{"start":{"line":73,"column":8},"end":{"line":73,"column":22}},"44":{"start":{"line":74,"column":8},"end":{"line":74,"column":26}},"45":{"start":{"line":75,"column":8},"end":{"line":75,"column":28}},"46":{"start":{"line":76,"column":8},"end":{"line":76,"column":14}},"47":{"start":{"line":82,"column":2},"end":{"line":96,"column":3}},"48":{"start":{"line":83,"column":4},"end":{"line":88,"column":5}},"49":{"start":{"line":83,"column":17},"end":{"line":83,"column":18}},"50":{"start":{"line":84,"column":6},"end":{"line":87,"column":7}},"51":{"start":{"line":85,"column":8},"end":{"line":85,"column":20}},"52":{"start":{"line":86,"column":8},"end":{"line":86,"column":14}},"53":{"start":{"line":91,"column":19},"end":{"line":91,"column":47}},"54":{"start":{"line":92,"column":4},"end":{"line":92,"column":18}},"55":{"start":{"line":95,"column":4},"end":{"line":95,"column":17}},"56":{"start":{"line":99,"column":0},"end":{"line":99,"column":27}}},"fnMap":{"0":{"name":"isTwoPair","decl":{"start":{"line":4,"column":9},"end":{"line":4,"column":18}},"loc":{"start":{"line":4,"column":35},"end":{"line":97,"column":1}},"line":4},"1":{"name":"(anonymous_1)","decl":{"start":{"line":7,"column":11},"end":{"line":7,"column":12}},"loc":{"start":{"line":7,"column":27},"end":{"line":9,"column":3}},"line":7},"2":{"name":"isTwoPair","decl":{"start":{"line":20,"column":11},"end":{"line":20,"column":20}},"loc":{"start":{"line":20,"column":50},"end":{"line":65,"column":3}},"line":20},"3":{"name":"(anonymous_3)","decl":{"start":{"line":23,"column":13},"end":{"line":23,"column":14}},"loc":{"start":{"line":23,"column":29},"end":{"line":25,"column":5}},"line":23}},"branchMap":{"0":{"loc":{"start":{"line":20,"column":37},"end":{"line":20,"column":48}},"type":"default-arg","locations":[{"start":{"line":20,"column":44},"end":{"line":20,"column":48}}],"line":20},"1":{"loc":{"start":{"line":36,"column":6},"end":{"line":46,"column":7}},"type":"if","locations":[{"start":{"line":36,"column":6},"end":{"line":46,"column":7}},{"start":{},"end":{}}],"line":36},"2":{"loc":{"start":{"line":37,"column":8},"end":{"line":45,"column":9}},"type":"if","locations":[{"start":{"line":37,"column":8},"end":{"line":45,"column":9}},{"start":{"line":40,"column":15},"end":{"line":45,"column":9}}],"line":37},"3":{"loc":{"start":{"line":50,"column":4},"end":{"line":64,"column":5}},"type":"if","locations":[{"start":{"line":50,"column":4},"end":{"line":64,"column":5}},{"start":{"line":61,"column":11},"end":{"line":64,"column":5}}],"line":50},"4":{"loc":{"start":{"line":52,"column":8},"end":{"line":55,"column":9}},"type":"if","locations":[{"start":{"line":52,"column":8},"end":{"line":55,"column":9}},{"start":{},"end":{}}],"line":52},"5":{"loc":{"start":{"line":52,"column":12},"end":{"line":52,"column":74}},"type":"binary-expr","locations":[{"start":{"line":52,"column":12},"end":{"line":52,"column":41}},{"start":{"line":52,"column":45},"end":{"line":52,"column":74}}],"line":52},"6":{"loc":{"start":{"line":68,"column":4},"end":{"line":78,"column":5}},"type":"if","locations":[{"start":{"line":68,"column":4},"end":{"line":78,"column":5}},{"start":{},"end":{}}],"line":68},"7":{"loc":{"start":{"line":69,"column":6},"end":{"line":77,"column":7}},"type":"if","locations":[{"start":{"line":69,"column":6},"end":{"line":77,"column":7}},{"start":{"line":72,"column":13},"end":{"line":77,"column":7}}],"line":69},"8":{"loc":{"start":{"line":82,"column":2},"end":{"line":96,"column":3}},"type":"if","locations":[{"start":{"line":82,"column":2},"end":{"line":96,"column":3}},{"start":{"line":93,"column":9},"end":{"line":96,"column":3}}],"line":82},"9":{"loc":{"start":{"line":84,"column":6},"end":{"line":87,"column":7}},"type":"if","locations":[{"start":{"line":84,"column":6},"end":{"line":87,"column":7}},{"start":{},"end":{}}],"line":84},"10":{"loc":{"start":{"line":84,"column":10},"end":{"line":84,"column":72}},"type":"binary-expr","locations":[{"start":{"line":84,"column":10},"end":{"line":84,"column":39}},{"start":{"line":84,"column":43},"end":{"line":84,"column":72}}],"line":84}},"s":{"0":5,"1":5,"2":65,"3":5,"4":5,"5":5,"6":5,"7":5,"8":5,"9":0,"10":0,"11":0,"12":0,"13":0,"14":0,"15":0,"16":0,"17":0,"18":0,"19":0,"20":0,"21":0,"22":0,"23":0,"24":0,"25":0,"26":0,"27":0,"28":0,"29":0,"30":0,"31":0,"32":0,"33":0,"34":0,"35":0,"36":0,"37":5,"38":5,"39":30,"40":9,"41":5,"42":5,"43":4,"44":4,"45":4,"46":4,"47":5,"48":4,"49":4,"50":6,"51":4,"52":4,"53":4,"54":4,"55":1,"56":3},"f":{"0":5,"1":65,"2":0,"3":0},"b":{"0":[0],"1":[0,0],"2":[0,0],"3":[0,0],"4":[0,0],"5":[0,0],"6":[9,21],"7":[5,4],"8":[4,1],"9":[4,2],"10":[6,4]},"_coverageSchema":"1a1c01bbd47fc00a2c39e90264f33305004495a9","hash":"874623370ab17f2c1649b4357d6dc10453209638"}
}
