TN:
SF:shared/Card.js
FN:2,(anonymous_0)
FN:7,(anonymous_1)
FNF:2
FNH:2
FNDA:1534,(anonymous_0)
FNDA:1,(anonymous_1)
DA:3,1534
DA:4,1534
DA:8,1
DA:12,15
LF:4
LH:4
BRF:0
BRH:0
end_of_record
TN:
SF:shared/Deck.js
FN:6,(anonymous_0)
FN:12,(anonymous_1)
FN:16,(anonymous_2)
FN:31,(anonymous_3)
FN:41,(anonymous_4)
FN:48,(anonymous_5)
FNF:6
FNH:6
FNDA:19,(anonymous_0)
FNDA:8,(anonymous_1)
FNDA:24,(anonymous_2)
FNDA:6,(anonymous_3)
FNDA:7,(anonymous_4)
FNDA:5,(anonymous_5)
DA:1,3
DA:4,19
DA:7,19
DA:8,19
DA:13,8
DA:18,24
DA:21,24
DA:22,24
DA:24,24
DA:25,96
DA:26,1248
DA:32,6
DA:33,306
DA:34,306
DA:42,7
DA:43,1
DA:45,6
DA:49,5
DA:50,1
DA:53,4
DA:54,4
DA:55,12
DA:58,4
DA:62,3
LF:24
LH:24
BRDA:42,0,0,1
BRDA:42,0,1,6
BRDA:49,1,0,1
BRDA:49,1,1,4
BRF:4
BRH:4
end_of_record
TN:
SF:shared/Game.js
FN:7,(anonymous_0)
FN:13,(anonymous_1)
FN:17,(anonymous_2)
FN:23,(anonymous_3)
FN:36,(anonymous_4)
FN:54,(anonymous_5)
FN:62,(anonymous_6)
FN:70,(anonymous_7)
FN:71,(anonymous_8)
FN:74,(anonymous_9)
FN:86,(anonymous_10)
FN:118,(anonymous_11)
FN:136,(anonymous_12)
FN:139,(anonymous_13)
FN:189,(anonymous_14)
FN:190,(anonymous_15)
FN:192,(anonymous_16)
FNF:17
FNH:14
FNDA:13,(anonymous_0)
FNDA:11,(anonymous_1)
FNDA:5,(anonymous_2)
FNDA:1,(anonymous_3)
FNDA:3,(anonymous_4)
FNDA:2,(anonymous_5)
FNDA:1,(anonymous_6)
FNDA:4,(anonymous_7)
FNDA:9,(anonymous_8)
FNDA:5,(anonymous_9)
FNDA:5,(anonymous_10)
FNDA:2,(anonymous_11)
FNDA:1,(anonymous_12)
FNDA:5,(anonymous_13)
FNDA:0,(anonymous_14)
FNDA:0,(anonymous_15)
FNDA:0,(anonymous_16)
DA:1,2
DA:2,2
DA:3,2
DA:4,2
DA:8,13
DA:9,13
DA:10,13
DA:14,11
DA:19,5
DA:20,5
DA:23,5
DA:24,1
DA:25,1
DA:26,2
DA:38,3
DA:41,3
DA:42,0
DA:43,0
DA:47,3
DA:55,2
DA:63,1
DA:71,9
DA:75,5
DA:88,5
DA:101,5
DA:102,34
DA:103,34
DA:104,5
DA:119,2
DA:121,2
DA:122,4
DA:123,4
DA:124,4
DA:125,4
DA:128,2
DA:137,1
DA:138,1
DA:139,5
DA:141,1
DA:142,0
DA:144,0
DA:146,0
DA:147,0
DA:149,0
DA:150,0
DA:152,0
DA:153,0
DA:155,0
DA:156,0
DA:158,0
DA:159,0
DA:161,0
DA:162,0
DA:164,0
DA:165,0
DA:167,0
DA:168,0
DA:170,0
DA:171,0
DA:174,0
DA:175,0
DA:176,0
DA:177,0
DA:178,0
DA:183,0
DA:185,1
DA:190,0
DA:191,0
DA:192,0
DA:193,0
DA:195,0
DA:217,2
LF:72
LH:39
BRDA:41,0,0,0
BRDA:41,0,1,3
BRDA:103,1,0,5
BRDA:103,1,1,29
BRDA:141,2,0,0
BRDA:141,2,1,1
BRDA:144,3,0,0
BRDA:144,3,1,0
BRDA:144,3,2,0
BRDA:144,3,3,0
BRDA:144,3,4,0
BRDA:144,3,5,0
BRDA:144,3,6,0
BRDA:144,3,7,0
BRDA:144,3,8,0
BRDA:177,4,0,0
BRDA:177,4,1,0
BRF:17
BRH:4
end_of_record
TN:
SF:shared/Player.js
FN:10,(anonymous_0)
FN:20,(anonymous_1)
FN:29,(anonymous_2)
FN:38,(anonymous_3)
FN:42,(anonymous_4)
FN:46,(anonymous_5)
FN:55,(anonymous_6)
FN:64,(anonymous_7)
FN:73,(anonymous_8)
FN:82,(anonymous_9)
FN:86,(anonymous_10)
FN:90,(anonymous_11)
FN:94,(anonymous_12)
FNF:13
FNH:13
FNDA:21,(anonymous_0)
FNDA:7,(anonymous_1)
FNDA:9,(anonymous_2)
FNDA:1,(anonymous_3)
FNDA:1,(anonymous_4)
FNDA:1,(anonymous_5)
FNDA:10,(anonymous_6)
FNDA:1,(anonymous_7)
FNDA:1,(anonymous_8)
FNDA:1,(anonymous_9)
FNDA:13,(anonymous_10)
FNDA:2,(anonymous_11)
FNDA:11,(anonymous_12)
DA:2,21
DA:3,21
DA:4,21
DA:5,21
DA:6,21
DA:11,21
DA:12,21
DA:21,7
DA:30,9
DA:39,1
DA:43,1
DA:47,1
DA:56,10
DA:65,1
DA:74,1
DA:83,1
DA:87,13
DA:91,2
DA:95,11
DA:99,3
LF:20
LH:20
BRF:0
BRH:0
end_of_record
TN:
SF:shared/PokerTable.js
FN:2,(anonymous_0)
FN:6,(anonymous_1)
FN:8,(anonymous_2)
FNF:3
FNH:3
FNDA:15,(anonymous_0)
FNDA:1,(anonymous_1)
FNDA:3,(anonymous_2)
DA:3,15
DA:7,1
DA:8,1
DA:9,3
DA:11,1
DA:15,3
LF:6
LH:6
BRF:0
BRH:0
end_of_record
TN:
SF:shared/ScoreEngineUtils.js
FN:6,maximums
FN:28,secondCarre
FN:31,(anonymous_2)
FN:66,(anonymous_3)
FN:71,(anonymous_4)
FN:90,secondFull
FN:123,secondSuite
FN:132,(anonymous_7)
FN:180,secondBrelan
FN:181,(anonymous_9)
FN:188,(anonymous_10)
FN:213,(anonymous_11)
FN:218,(anonymous_12)
FN:235,secondDoublePaire
FN:267,secondPaire
FN:274,(anonymous_15)
FN:275,(anonymous_16)
FN:278,(anonymous_17)
FN:281,(anonymous_18)
FN:293,(anonymous_19)
FN:304,(anonymous_20)
FN:327,secondCarteHaute
FN:332,(anonymous_22)
FN:338,(anonymous_23)
FNF:24
FNH:22
FNDA:7,maximums
FNDA:1,secondCarre
FNDA:2,(anonymous_2)
FNDA:5,(anonymous_3)
FNDA:0,(anonymous_4)
FNDA:1,secondFull
FNDA:1,secondSuite
FNDA:13,(anonymous_7)
FNDA:1,secondBrelan
FNDA:2,(anonymous_9)
FNDA:8,(anonymous_10)
FNDA:5,(anonymous_11)
FNDA:0,(anonymous_12)
FNDA:1,secondDoublePaire
FNDA:1,secondPaire
FNDA:10,(anonymous_15)
FNDA:4,(anonymous_16)
FNDA:2,(anonymous_17)
FNDA:10,(anonymous_18)
FNDA:5,(anonymous_19)
FNDA:5,(anonymous_20)
FNDA:2,secondCarteHaute
FNDA:12,(anonymous_22)
FNDA:15,(anonymous_23)
DA:7,7
DA:8,7
DA:10,7
DA:11,16
DA:12,4
DA:13,4
DA:14,4
DA:15,12
DA:16,9
DA:20,7
DA:31,1
DA:32,2
DA:38,2
DA:39,2
DA:41,2
DA:42,10
DA:43,2
DA:47,0
DA:48,0
DA:49,0
DA:51,0
DA:52,0
DA:56,2
DA:59,1
DA:60,1
DA:62,1
DA:63,2
DA:66,5
DA:68,1
DA:69,1
DA:71,0
DA:73,0
DA:74,0
DA:76,0
DA:77,0
DA:78,0
DA:80,0
DA:91,1
DA:92,1
DA:93,1
DA:95,1
DA:96,1
DA:97,1
DA:99,1
DA:100,1
DA:101,1
DA:102,1
DA:103,1
DA:104,1
DA:105,1
DA:106,0
DA:107,0
DA:108,0
DA:112,1
DA:113,0
DA:117,1
DA:124,1
DA:125,1
DA:126,1
DA:129,1
DA:130,2
DA:132,13
DA:133,2
DA:137,1
DA:138,2
DA:139,2
DA:140,1
DA:144,2
DA:146,1
DA:148,1
DA:149,1
DA:155,1
DA:157,1
DA:158,2
DA:162,2
DA:167,1
DA:168,2
DA:169,2
DA:170,1
DA:174,1
DA:181,1
DA:182,2
DA:188,8
DA:189,2
DA:191,2
DA:192,2
DA:193,0
DA:196,2
DA:200,0
DA:204,2
DA:207,1
DA:208,1
DA:209,1
DA:210,2
DA:213,5
DA:215,1
DA:216,1
DA:218,0
DA:220,0
DA:221,0
DA:223,0
DA:224,0
DA:225,0
DA:227,0
DA:236,1
DA:237,1
DA:238,1
DA:240,1
DA:241,1
DA:242,1
DA:244,1
DA:245,3
DA:246,1
DA:247,1
DA:248,1
DA:249,1
DA:250,1
DA:251,2
DA:252,0
DA:253,0
DA:257,1
DA:258,0
DA:262,1
DA:268,1
DA:269,1
DA:270,1
DA:273,1
DA:274,10
DA:275,4
DA:277,2
DA:278,2
DA:279,2
DA:281,10
DA:285,2
DA:286,2
DA:288,2
DA:289,1
DA:290,1
DA:294,5
DA:301,1
DA:302,1
DA:305,5
DA:316,1
DA:318,1
DA:319,0
DA:321,0
DA:328,2
DA:330,2
DA:332,12
DA:335,2
DA:337,2
DA:338,15
DA:339,3
DA:342,0
DA:343,0
DA:344,0
DA:347,0
DA:350,3
LF:158
LH:124
BRDA:11,0,0,4
BRDA:11,0,1,12
BRDA:15,1,0,9
BRDA:15,1,1,3
BRDA:28,2,0,1
BRDA:38,3,0,2
BRDA:38,3,1,0
BRDA:42,4,0,2
BRDA:42,4,1,8
BRDA:47,5,0,0
BRDA:47,5,1,0
BRDA:68,6,0,1
BRDA:68,6,1,0
BRDA:73,7,0,0
BRDA:73,7,1,0
BRDA:100,8,0,1
BRDA:100,8,1,0
BRDA:106,9,0,0
BRDA:106,9,1,0
BRDA:112,10,0,0
BRDA:112,10,1,1
BRDA:139,11,0,1
BRDA:139,11,1,1
BRDA:144,12,0,1
BRDA:144,12,1,1
BRDA:146,13,0,1
BRDA:146,13,1,0
BRDA:158,14,0,2
BRDA:158,14,1,0
BRDA:159,15,0,2
BRDA:159,15,1,1
BRDA:169,16,0,1
BRDA:169,16,1,1
BRDA:180,17,0,1
BRDA:191,18,0,2
BRDA:191,18,1,0
BRDA:192,19,0,0
BRDA:192,19,1,2
BRDA:194,20,0,0
BRDA:194,20,1,0
BRDA:197,21,0,2
BRDA:197,21,1,0
BRDA:201,22,0,0
BRDA:201,22,1,0
BRDA:215,23,0,1
BRDA:215,23,1,0
BRDA:220,24,0,0
BRDA:220,24,1,0
BRDA:245,25,0,1
BRDA:245,25,1,2
BRDA:251,26,0,0
BRDA:251,26,1,2
BRDA:257,27,0,0
BRDA:257,27,1,1
BRDA:267,28,0,1
BRDA:281,29,0,10
BRDA:281,29,1,4
BRDA:285,30,0,2
BRDA:285,30,1,0
BRDA:288,31,0,1
BRDA:288,31,1,1
BRDA:294,32,0,5
BRDA:294,32,1,2
BRDA:294,32,2,0
BRDA:301,33,0,1
BRDA:301,33,1,0
BRDA:305,34,0,5
BRDA:305,34,1,2
BRDA:305,34,2,0
BRDA:316,35,0,1
BRDA:316,35,1,0
BRDA:319,36,0,0
BRDA:319,36,1,0
BRDA:327,37,0,2
BRDA:339,38,0,2
BRDA:339,38,1,1
BRF:76
BRH:45
end_of_record
TN:
SF:shared/score-engine/flush.js
FN:6,isFlush
FNF:1
FNH:1
FNDA:7,isFlush
DA:7,7
DA:8,7
DA:11,7
DA:12,49
DA:14,19
DA:15,19
DA:17,11
DA:18,11
DA:20,7
DA:21,7
DA:23,12
DA:24,12
DA:29,7
DA:30,25
DA:31,1
DA:32,2
DA:34,2
DA:35,13
DA:36,2
DA:40,2
DA:43,1
DA:44,24
DA:45,0
DA:49,6
DA:52,3
LF:25
LH:24
BRDA:12,0,0,19
BRDA:12,0,1,11
BRDA:12,0,2,7
BRDA:12,0,3,12
BRDA:30,1,0,1
BRDA:30,1,1,24
BRDA:35,2,0,2
BRDA:35,2,1,11
BRDA:44,3,0,0
BRDA:44,3,1,24
BRF:10
BRH:9
end_of_record
TN:
SF:shared/score-engine/fourOfAKind.js
FN:6,isFourOfAKind
FN:10,(anonymous_1)
FNF:2
FNH:2
FNDA:7,isFourOfAKind
FNDA:73,(anonymous_1)
DA:8,7
DA:10,7
DA:11,73
DA:14,7
DA:17,7
DA:18,49
DA:20,49
DA:21,40
DA:23,9
DA:26,9
DA:28,1
DA:31,1
DA:32,4
DA:36,1
DA:37,1
DA:38,7
DA:43,1
DA:48,1
DA:49,1
DA:55,1
DA:60,6
DA:63,3
LF:22
LH:22
BRDA:20,0,0,40
BRDA:20,0,1,9
BRDA:26,1,0,1
BRDA:26,1,1,8
BRDA:38,2,0,1
BRDA:38,2,1,6
BRDA:39,3,0,7
BRDA:39,3,1,3
BRDA:39,3,2,2
BRDA:48,4,0,1
BRDA:48,4,1,0
BRF:11
BRH:10
end_of_record
TN:
SF:shared/score-engine/fullHouse.js
FN:6,isFullHouse
FN:11,(anonymous_1)
FN:17,(anonymous_2)
FN:32,(anonymous_3)
FN:35,(anonymous_4)
FNF:5
FNH:5
FNDA:7,isFullHouse
FNDA:72,(anonymous_1)
FNDA:189,(anonymous_2)
FNDA:14,(anonymous_3)
FNDA:24,(anonymous_4)
DA:7,7
DA:8,7
DA:11,72
DA:14,7
DA:15,7
DA:16,27
DA:17,189
DA:19,27
DA:20,2
DA:21,2
DA:26,7
DA:27,5
DA:31,2
DA:32,14
DA:33,2
DA:34,6
DA:35,24
DA:38,6
DA:39,1
DA:40,1
DA:45,2
DA:46,1
DA:49,1
DA:52,3
LF:24
LH:24
BRDA:19,0,0,2
BRDA:19,0,1,25
BRDA:26,1,0,5
BRDA:26,1,1,2
BRDA:38,2,0,1
BRDA:38,2,1,5
BRDA:38,3,0,6
BRDA:38,3,1,5
BRDA:45,4,0,1
BRDA:45,4,1,1
BRDA:45,5,0,2
BRDA:45,5,1,1
BRF:12
BRH:12
end_of_record
TN:
SF:shared/score-engine/highCard.js
FN:6,isHighCard
FN:12,(anonymous_1)
FNF:2
FNH:2
FNDA:2,isHighCard
FNDA:16,(anonymous_1)
DA:7,2
DA:8,2
DA:11,2
DA:12,16
DA:16,2
DA:19,3
LF:6
LH:6
BRF:0
BRH:0
end_of_record
TN:
SF:shared/score-engine/index.js
FNF:0
FNH:0
DA:1,2
DA:2,2
DA:3,2
DA:4,2
DA:5,2
DA:6,2
DA:7,2
DA:8,2
DA:9,2
DA:10,2
DA:12,2
LF:11
LH:11
BRF:0
BRH:0
end_of_record
TN:
SF:shared/score-engine/onePair.js
FN:4,isOnePair
FN:7,(anonymous_1)
FNF:2
FNH:2
FNDA:3,isOnePair
FNDA:36,(anonymous_1)
DA:5,3
DA:7,3
DA:8,36
DA:11,3
DA:12,3
DA:13,3
DA:14,3
DA:17,3
DA:18,16
DA:19,2
DA:20,2
DA:21,2
DA:22,2
DA:26,3
DA:27,2
DA:30,2
DA:31,2
DA:33,2
DA:34,6
DA:35,0
DA:37,6
DA:38,6
DA:42,2
DA:45,1
DA:49,3
LF:25
LH:24
BRDA:18,0,0,2
BRDA:18,0,1,14
BRDA:26,1,0,2
BRDA:26,1,1,1
BRDA:34,2,0,0
BRDA:34,2,1,6
BRF:6
BRH:5
end_of_record
TN:
SF:shared/score-engine/royalFlush.js
FN:6,isRoyalFlush
FN:19,(anonymous_1)
FNF:2
FNH:2
FNDA:8,isRoyalFlush
FNDA:234,(anonymous_1)
DA:8,8
DA:9,8
DA:13,8
DA:14,31
DA:15,31
DA:18,40
DA:19,234
DA:22,40
DA:23,11
DA:25,29
DA:29,31
DA:30,2
DA:34,6
DA:37,3
LF:14
LH:14
BRDA:19,0,0,234
BRDA:19,0,1,77
BRDA:22,1,0,11
BRDA:22,1,1,29
BRDA:29,2,0,2
BRDA:29,2,1,29
BRF:6
BRH:6
end_of_record
TN:
SF:shared/score-engine/straight.js
FN:6,isStraight
FN:7,(anonymous_1)
FN:28,(anonymous_2)
FNF:3
FNH:3
FNDA:15,isStraight
FNDA:7,(anonymous_1)
FNDA:140,(anonymous_2)
DA:4,4
DA:7,15
DA:8,7
DA:9,44
DA:10,34
DA:11,3
DA:14,10
DA:15,2
DA:19,7
DA:22,15
DA:23,15
DA:25,15
DA:26,5
DA:28,140
DA:30,15
DA:31,102
DA:33,102
DA:34,15
DA:35,87
DA:36,79
DA:37,60
DA:39,19
DA:40,19
DA:45,15
DA:46,5
DA:48,10
DA:51,4
LF:27
LH:27
BRDA:6,0,0,10
BRDA:7,1,0,5
BRDA:9,2,0,34
BRDA:9,2,1,10
BRDA:10,3,0,3
BRDA:10,3,1,31
BRDA:14,4,0,2
BRDA:14,4,1,8
BRDA:25,5,0,5
BRDA:25,5,1,10
BRDA:33,6,0,15
BRDA:33,6,1,87
BRDA:35,7,0,79
BRDA:35,7,1,8
BRDA:36,8,0,60
BRDA:36,8,1,19
BRDA:45,9,0,5
BRDA:45,9,1,10
BRDA:46,10,0,2
BRDA:46,10,1,3
BRDA:48,11,0,5
BRDA:48,11,1,5
BRF:22
BRH:22
end_of_record
TN:
SF:shared/score-engine/straightFlush.js
FN:7,isStraightFlush
FN:28,(anonymous_1)
FNF:2
FNH:2
FNDA:8,isStraightFlush
FNDA:14,(anonymous_1)
DA:1,3
DA:9,8
DA:10,8
DA:11,8
DA:12,52
DA:13,26
DA:15,52
DA:16,52
DA:17,2
DA:18,2
DA:22,8
DA:23,6
DA:27,2
DA:28,14
DA:32,2
DA:33,2
DA:34,2
DA:36,0
DA:40,3
LF:19
LH:18
BRDA:12,0,0,26
BRDA:12,0,1,26
BRDA:16,1,0,2
BRDA:16,1,1,50
BRDA:22,2,0,6
BRDA:22,2,1,2
BRDA:33,3,0,2
BRDA:33,3,1,0
BRF:8
BRH:7
end_of_record
TN:
SF:shared/score-engine/threeOfAKind.js
FN:4,isThreeOfAKind
FN:10,(anonymous_1)
FN:13,(anonymous_2)
FN:27,(anonymous_3)
FNF:4
FNH:4
FNDA:5,isThreeOfAKind
FNDA:53,(anonymous_1)
FNDA:154,(anonymous_2)
FNDA:14,(anonymous_3)
DA:5,5
DA:6,5
DA:9,5
DA:10,53
DA:11,5
DA:12,22
DA:13,154
DA:15,22
DA:16,2
DA:17,2
DA:22,5
DA:23,3
DA:27,14
DA:30,2
DA:33,3
LF:15
LH:15
BRDA:15,0,0,2
BRDA:15,0,1,20
BRDA:22,1,0,3
BRDA:22,1,1,2
BRF:4
BRH:4
end_of_record
TN:
SF:shared/score-engine/twoPair.js
FN:4,isTwoPair
FN:7,(anonymous_1)
FN:20,isTwoPair
FN:23,(anonymous_3)
FNF:4
FNH:2
FNDA:5,isTwoPair
FNDA:65,(anonymous_1)
FNDA:0,isTwoPair
FNDA:0,(anonymous_3)
DA:5,5
DA:7,5
DA:8,65
DA:11,5
DA:12,5
DA:13,5
DA:14,5
DA:15,5
DA:16,5
DA:21,0
DA:23,0
DA:24,0
DA:27,0
DA:28,0
DA:29,0
DA:30,0
DA:31,0
DA:32,0
DA:35,0
DA:36,0
DA:37,0
DA:38,0
DA:39,0
DA:41,0
DA:42,0
DA:43,0
DA:44,0
DA:50,0
DA:51,0
DA:52,0
DA:53,0
DA:54,0
DA:59,0
DA:60,0
DA:63,0
DA:67,5
DA:68,30
DA:69,9
DA:70,5
DA:71,5
DA:73,4
DA:74,4
DA:75,4
DA:76,4
DA:82,5
DA:83,4
DA:84,6
DA:85,4
DA:86,4
DA:91,4
DA:92,4
DA:95,1
DA:99,3
LF:53
LH:27
BRDA:20,0,0,0
BRDA:36,1,0,0
BRDA:36,1,1,0
BRDA:37,2,0,0
BRDA:37,2,1,0
BRDA:50,3,0,0
BRDA:50,3,1,0
BRDA:52,4,0,0
BRDA:52,4,1,0
BRDA:52,5,0,0
BRDA:52,5,1,0
BRDA:68,6,0,9
BRDA:68,6,1,21
BRDA:69,7,0,5
BRDA:69,7,1,4
BRDA:82,8,0,4
BRDA:82,8,1,1
BRDA:84,9,0,4
BRDA:84,9,1,2
BRDA:84,10,0,6
BRDA:84,10,1,4
BRF:21
BRH:10
end_of_record
