TN:
SF:shared/Card.js
FN:2,(anonymous_0)
FN:7,(anonymous_1)
FNF:2
FNH:2
FNDA:646,(anonymous_0)
FNDA:1,(anonymous_1)
DA:3,646
DA:4,646
DA:8,1
DA:12,13
LF:4
LH:4
BRF:0
BRH:0
end_of_record
TN:
SF:shared/Deck.js
FN:6,(anonymous_0)
FN:12,(anonymous_1)
FN:16,(anonymous_2)
FN:31,(anonymous_3)
FN:41,(anonymous_4)
FN:48,(anonymous_5)
FNF:6
FNH:6
FNDA:8,(anonymous_0)
FNDA:5,(anonymous_1)
FNDA:8,(anonymous_2)
FNDA:1,(anonymous_3)
FNDA:2,(anonymous_4)
FNDA:2,(anonymous_5)
DA:1,2
DA:4,8
DA:7,8
DA:8,8
DA:13,5
DA:18,8
DA:21,8
DA:22,8
DA:24,8
DA:25,32
DA:26,416
DA:32,1
DA:33,51
DA:34,51
DA:42,2
DA:43,1
DA:45,1
DA:49,2
DA:50,1
DA:53,1
DA:54,1
DA:55,3
DA:58,1
DA:62,2
LF:24
LH:24
BRDA:42,0,0,1
BRDA:42,0,1,1
BRDA:49,1,0,1
BRDA:49,1,1,1
BRF:4
BRH:4
end_of_record
TN:
SF:shared/Game.js
FN:5,(anonymous_0)
FN:11,(anonymous_1)
FN:15,(anonymous_2)
FN:21,(anonymous_3)
FN:34,(anonymous_4)
FN:52,(anonymous_5)
FN:60,(anonymous_6)
FN:68,(anonymous_7)
FN:69,(anonymous_8)
FN:72,(anonymous_9)
FN:73,(anonymous_10)
FN:75,(anonymous_11)
FNF:12
FNH:4
FNDA:2,(anonymous_0)
FNDA:5,(anonymous_1)
FNDA:0,(anonymous_2)
FNDA:0,(anonymous_3)
FNDA:0,(anonymous_4)
FNDA:0,(anonymous_5)
FNDA:0,(anonymous_6)
FNDA:1,(anonymous_7)
FNDA:3,(anonymous_8)
FNDA:0,(anonymous_9)
FNDA:0,(anonymous_10)
FNDA:0,(anonymous_11)
DA:1,1
DA:2,1
DA:6,2
DA:7,2
DA:8,2
DA:12,5
DA:17,0
DA:18,0
DA:21,0
DA:22,0
DA:23,0
DA:24,0
DA:36,0
DA:39,0
DA:40,0
DA:41,0
DA:45,0
DA:53,0
DA:61,0
DA:69,3
DA:73,0
DA:74,0
DA:75,0
DA:76,0
DA:78,0
DA:97,1
LF:26
LH:8
BRDA:39,0,0,0
BRDA:39,0,1,0
BRF:2
BRH:0
end_of_record
TN:
SF:shared/Player.js
FN:10,(anonymous_0)
FN:20,(anonymous_1)
FN:29,(anonymous_2)
FN:38,(anonymous_3)
FN:47,(anonymous_4)
FN:56,(anonymous_5)
FN:65,(anonymous_6)
FN:74,(anonymous_7)
FN:78,(anonymous_8)
FN:82,(anonymous_9)
FN:86,(anonymous_10)
FNF:11
FNH:3
FNDA:5,(anonymous_0)
FNDA:0,(anonymous_1)
FNDA:0,(anonymous_2)
FNDA:0,(anonymous_3)
FNDA:3,(anonymous_4)
FNDA:0,(anonymous_5)
FNDA:0,(anonymous_6)
FNDA:0,(anonymous_7)
FNDA:0,(anonymous_8)
FNDA:0,(anonymous_9)
FNDA:3,(anonymous_10)
DA:2,5
DA:3,5
DA:4,5
DA:5,5
DA:6,5
DA:11,5
DA:12,5
DA:21,0
DA:30,0
DA:39,0
DA:48,3
DA:57,0
DA:66,0
DA:75,0
DA:79,0
DA:83,0
DA:87,3
DA:91,1
LF:18
LH:10
BRF:0
BRH:0
end_of_record
TN:
SF:shared/PokerTable.js
FN:2,(anonymous_0)
FN:6,(anonymous_1)
FN:8,(anonymous_2)
FNF:3
FNH:3
FNDA:4,(anonymous_0)
FNDA:1,(anonymous_1)
FNDA:3,(anonymous_2)
DA:3,4
DA:7,1
DA:8,1
DA:9,3
DA:11,1
DA:15,2
LF:6
LH:6
BRF:0
BRH:0
end_of_record
TN:
SF:shared/score-engine/flush.js
FN:6,isFlush
FNF:1
FNH:1
FNDA:2,isFlush
DA:7,2
DA:8,2
DA:11,2
DA:12,14
DA:14,11
DA:15,11
DA:17,3
DA:18,3
DA:20,0
DA:21,0
DA:23,0
DA:24,0
DA:29,2
DA:30,5
DA:31,1
DA:32,2
DA:34,2
DA:35,13
DA:36,2
DA:40,2
DA:43,1
DA:44,4
DA:45,0
DA:49,1
DA:52,1
LF:25
LH:20
BRDA:12,0,0,11
BRDA:12,0,1,3
BRDA:12,0,2,0
BRDA:12,0,3,0
BRDA:30,1,0,1
BRDA:30,1,1,4
BRDA:35,2,0,2
BRDA:35,2,1,11
BRDA:44,3,0,0
BRDA:44,3,1,4
BRF:10
BRH:7
end_of_record
TN:
SF:shared/score-engine/fourOfAKind.js
FN:6,isFourOfAKind
FN:10,(anonymous_1)
FNF:2
FNH:2
FNDA:2,isFourOfAKind
FNDA:27,(anonymous_1)
DA:8,2
DA:10,2
DA:11,27
DA:14,2
DA:17,2
DA:18,14
DA:20,14
DA:21,9
DA:23,5
DA:26,5
DA:28,1
DA:31,1
DA:32,4
DA:36,1
DA:37,1
DA:38,7
DA:43,1
DA:48,1
DA:49,1
DA:55,1
DA:60,1
DA:63,1
LF:22
LH:22
BRDA:20,0,0,9
BRDA:20,0,1,5
BRDA:26,1,0,1
BRDA:26,1,1,4
BRDA:38,2,0,1
BRDA:38,2,1,6
BRDA:39,3,0,7
BRDA:39,3,1,3
BRDA:39,3,2,2
BRDA:48,4,0,1
BRDA:48,4,1,0
BRF:11
BRH:10
end_of_record
TN:
SF:shared/score-engine/fullHouse.js
FN:6,isFullHouse
FN:11,(anonymous_1)
FN:17,(anonymous_2)
FN:32,(anonymous_3)
FN:35,(anonymous_4)
FNF:5
FNH:5
FNDA:2,isFullHouse
FNDA:26,(anonymous_1)
FNDA:14,(anonymous_2)
FNDA:14,(anonymous_3)
FNDA:24,(anonymous_4)
DA:7,2
DA:8,2
DA:11,26
DA:14,2
DA:15,2
DA:16,2
DA:17,14
DA:19,2
DA:20,2
DA:21,2
DA:26,2
DA:27,0
DA:31,2
DA:32,14
DA:33,2
DA:34,6
DA:35,24
DA:38,6
DA:39,1
DA:40,1
DA:45,2
DA:46,1
DA:49,1
DA:52,1
LF:24
LH:23
BRDA:19,0,0,2
BRDA:19,0,1,0
BRDA:26,1,0,0
BRDA:26,1,1,2
BRDA:38,2,0,1
BRDA:38,2,1,5
BRDA:38,3,0,6
BRDA:38,3,1,5
BRDA:45,4,0,1
BRDA:45,4,1,1
BRDA:45,5,0,2
BRDA:45,5,1,1
BRF:12
BRH:10
end_of_record
TN:
SF:shared/score-engine/highCard.js
FN:6,isHighCard
FN:12,(anonymous_1)
FNF:2
FNH:2
FNDA:2,isHighCard
FNDA:16,(anonymous_1)
DA:7,2
DA:8,2
DA:11,2
DA:12,16
DA:16,2
DA:19,1
LF:6
LH:6
BRF:0
BRH:0
end_of_record
TN:
SF:shared/score-engine/onePair.js
FN:4,isOnePair
FN:7,(anonymous_1)
FNF:2
FNH:2
FNDA:3,isOnePair
FNDA:36,(anonymous_1)
DA:5,3
DA:7,3
DA:8,36
DA:11,3
DA:12,3
DA:13,3
DA:14,3
DA:17,3
DA:18,16
DA:19,2
DA:20,2
DA:21,2
DA:22,2
DA:26,3
DA:27,2
DA:30,2
DA:31,2
DA:33,2
DA:34,6
DA:35,0
DA:37,6
DA:38,6
DA:42,2
DA:45,1
DA:49,1
LF:25
LH:24
BRDA:18,0,0,2
BRDA:18,0,1,14
BRDA:26,1,0,2
BRDA:26,1,1,1
BRDA:34,2,0,0
BRDA:34,2,1,6
BRF:6
BRH:5
end_of_record
TN:
SF:shared/score-engine/royalFlush.js
FN:6,isRoyalFlush
FN:19,(anonymous_1)
FNF:2
FNH:2
FNDA:3,isRoyalFlush
FNDA:94,(anonymous_1)
DA:8,3
DA:9,3
DA:13,3
DA:14,11
DA:15,11
DA:18,20
DA:19,94
DA:22,20
DA:23,11
DA:25,9
DA:29,11
DA:30,2
DA:34,1
DA:37,1
LF:14
LH:14
BRDA:19,0,0,94
BRDA:19,0,1,42
BRDA:22,1,0,11
BRDA:22,1,1,9
BRDA:29,2,0,2
BRDA:29,2,1,9
BRF:6
BRH:6
end_of_record
TN:
SF:shared/score-engine/straight.js
FN:6,isStraight
FN:7,(anonymous_1)
FN:28,(anonymous_2)
FNF:3
FNH:3
FNDA:8,isStraight
FNDA:5,(anonymous_1)
FNDA:68,(anonymous_2)
DA:4,2
DA:7,8
DA:8,5
DA:9,30
DA:10,20
DA:11,3
DA:14,10
DA:15,2
DA:19,5
DA:22,8
DA:23,8
DA:25,8
DA:26,3
DA:28,68
DA:30,8
DA:31,53
DA:33,53
DA:34,8
DA:35,45
DA:36,43
DA:37,32
DA:39,11
DA:40,11
DA:45,8
DA:46,3
DA:48,5
DA:51,2
LF:27
LH:27
BRDA:6,0,0,5
BRDA:7,1,0,3
BRDA:9,2,0,20
BRDA:9,2,1,10
BRDA:10,3,0,3
BRDA:10,3,1,17
BRDA:14,4,0,2
BRDA:14,4,1,8
BRDA:25,5,0,3
BRDA:25,5,1,5
BRDA:33,6,0,8
BRDA:33,6,1,45
BRDA:35,7,0,43
BRDA:35,7,1,2
BRDA:36,8,0,32
BRDA:36,8,1,11
BRDA:45,9,0,3
BRDA:45,9,1,5
BRDA:46,10,0,2
BRDA:46,10,1,1
BRDA:48,11,0,2
BRDA:48,11,1,3
BRF:22
BRH:22
end_of_record
TN:
SF:shared/score-engine/straightFlush.js
FN:7,isStraightFlush
FN:28,(anonymous_1)
FNF:2
FNH:2
FNDA:3,isStraightFlush
FNDA:14,(anonymous_1)
DA:1,1
DA:9,3
DA:10,3
DA:11,3
DA:12,17
DA:13,6
DA:15,17
DA:16,17
DA:17,2
DA:18,2
DA:22,3
DA:23,1
DA:27,2
DA:28,14
DA:32,2
DA:33,2
DA:34,2
DA:36,0
DA:40,1
LF:19
LH:18
BRDA:12,0,0,6
BRDA:12,0,1,11
BRDA:16,1,0,2
BRDA:16,1,1,15
BRDA:22,2,0,1
BRDA:22,2,1,2
BRDA:33,3,0,2
BRDA:33,3,1,0
BRF:8
BRH:7
end_of_record
TN:
SF:shared/score-engine/threeOfAKind.js
FN:4,isThreeOfAKind
FN:10,(anonymous_1)
FN:13,(anonymous_2)
FN:27,(anonymous_3)
FNF:4
FNH:4
FNDA:3,isThreeOfAKind
FNDA:33,(anonymous_1)
FNDA:84,(anonymous_2)
FNDA:14,(anonymous_3)
DA:5,3
DA:6,3
DA:9,3
DA:10,33
DA:11,3
DA:12,12
DA:13,84
DA:15,12
DA:16,2
DA:17,2
DA:22,3
DA:23,1
DA:27,14
DA:30,2
DA:33,1
LF:15
LH:15
BRDA:15,0,0,2
BRDA:15,0,1,10
BRDA:22,1,0,1
BRDA:22,1,1,2
BRF:4
BRH:4
end_of_record
TN:
SF:shared/score-engine/twoPair.js
FN:4,isTwoPair
FN:7,(anonymous_1)
FN:20,isTwoPair
FN:23,(anonymous_3)
FNF:4
FNH:2
FNDA:3,isTwoPair
FNDA:45,(anonymous_1)
FNDA:0,isTwoPair
FNDA:0,(anonymous_3)
DA:5,3
DA:7,3
DA:8,45
DA:11,3
DA:12,3
DA:13,3
DA:14,3
DA:15,3
DA:16,3
DA:21,0
DA:23,0
DA:24,0
DA:27,0
DA:28,0
DA:29,0
DA:30,0
DA:31,0
DA:32,0
DA:35,0
DA:36,0
DA:37,0
DA:38,0
DA:39,0
DA:41,0
DA:42,0
DA:43,0
DA:44,0
DA:50,0
DA:51,0
DA:52,0
DA:53,0
DA:54,0
DA:59,0
DA:60,0
DA:63,0
DA:67,3
DA:68,18
DA:69,5
DA:70,3
DA:71,3
DA:73,2
DA:74,2
DA:75,2
DA:76,2
DA:82,3
DA:83,2
DA:84,4
DA:85,2
DA:86,2
DA:91,2
DA:92,2
DA:95,1
DA:99,1
LF:53
LH:27
BRDA:20,0,0,0
BRDA:36,1,0,0
BRDA:36,1,1,0
BRDA:37,2,0,0
BRDA:37,2,1,0
BRDA:50,3,0,0
BRDA:50,3,1,0
BRDA:52,4,0,0
BRDA:52,4,1,0
BRDA:52,5,0,0
BRDA:52,5,1,0
BRDA:68,6,0,5
BRDA:68,6,1,13
BRDA:69,7,0,3
BRDA:69,7,1,2
BRDA:82,8,0,2
BRDA:82,8,1,1
BRDA:84,9,0,2
BRDA:84,9,1,2
BRDA:84,10,0,4
BRDA:84,10,1,2
BRF:21
BRH:10
end_of_record
